running egg_info
creating ../../../build/voice_control/voice_control.egg-info
writing ../../../build/voice_control/voice_control.egg-info/PKG-INFO
writing dependency_links to ../../../build/voice_control/voice_control.egg-info/dependency_links.txt
writing entry points to ../../../build/voice_control/voice_control.egg-info/entry_points.txt
writing requirements to ../../../build/voice_control/voice_control.egg-info/requires.txt
writing top-level names to ../../../build/voice_control/voice_control.egg-info/top_level.txt
writing manifest file '../../../build/voice_control/voice_control.egg-info/SOURCES.txt'
reading manifest file '../../../build/voice_control/voice_control.egg-info/SOURCES.txt'
writing manifest file '../../../build/voice_control/voice_control.egg-info/SOURCES.txt'
running build
running build_py
creating /home/solverbot/final_limo/build/voice_control/build
creating /home/solverbot/final_limo/build/voice_control/build/lib
creating /home/solverbot/final_limo/build/voice_control/build/lib/voice_control
copying voice_control/main.py -> /home/solverbot/final_limo/build/voice_control/build/lib/voice_control
copying voice_control/__init__.py -> /home/solverbot/final_limo/build/voice_control/build/lib/voice_control
creating /home/solverbot/final_limo/build/voice_control/build/lib/Laplace
copying Laplace/laplace.py -> /home/solverbot/final_limo/build/voice_control/build/lib/Laplace
copying Laplace/APIInterface.py -> /home/solverbot/final_limo/build/voice_control/build/lib/Laplace
copying Laplace/example.py -> /home/solverbot/final_limo/build/voice_control/build/lib/Laplace
copying Laplace/__init__.py -> /home/solverbot/final_limo/build/voice_control/build/lib/Laplace
creating /home/solverbot/final_limo/build/voice_control/build/lib/Laplace/PluginSystem
copying Laplace/PluginSystem/server.py -> /home/solverbot/final_limo/build/voice_control/build/lib/Laplace/PluginSystem
creating /home/solverbot/final_limo/build/voice_control/build/lib/Laplace/PluginSystem/common
copying Laplace/PluginSystem/common/PluginManager.py -> /home/solverbot/final_limo/build/voice_control/build/lib/Laplace/PluginSystem/common
running install
running install_lib
creating /home/solverbot/final_limo/install/voice_control/lib/python3.10/site-packages/voice_control
copying /home/solverbot/final_limo/build/voice_control/build/lib/voice_control/main.py -> /home/solverbot/final_limo/install/voice_control/lib/python3.10/site-packages/voice_control
copying /home/solverbot/final_limo/build/voice_control/build/lib/voice_control/__init__.py -> /home/solverbot/final_limo/install/voice_control/lib/python3.10/site-packages/voice_control
creating /home/solverbot/final_limo/install/voice_control/lib/python3.10/site-packages/Laplace
creating /home/solverbot/final_limo/install/voice_control/lib/python3.10/site-packages/Laplace/PluginSystem
copying /home/solverbot/final_limo/build/voice_control/build/lib/Laplace/PluginSystem/server.py -> /home/solverbot/final_limo/install/voice_control/lib/python3.10/site-packages/Laplace/PluginSystem
creating /home/solverbot/final_limo/install/voice_control/lib/python3.10/site-packages/Laplace/PluginSystem/common
copying /home/solverbot/final_limo/build/voice_control/build/lib/Laplace/PluginSystem/common/PluginManager.py -> /home/solverbot/final_limo/install/voice_control/lib/python3.10/site-packages/Laplace/PluginSystem/common
copying /home/solverbot/final_limo/build/voice_control/build/lib/Laplace/laplace.py -> /home/solverbot/final_limo/install/voice_control/lib/python3.10/site-packages/Laplace
copying /home/solverbot/final_limo/build/voice_control/build/lib/Laplace/APIInterface.py -> /home/solverbot/final_limo/install/voice_control/lib/python3.10/site-packages/Laplace
copying /home/solverbot/final_limo/build/voice_control/build/lib/Laplace/example.py -> /home/solverbot/final_limo/install/voice_control/lib/python3.10/site-packages/Laplace
copying /home/solverbot/final_limo/build/voice_control/build/lib/Laplace/__init__.py -> /home/solverbot/final_limo/install/voice_control/lib/python3.10/site-packages/Laplace
byte-compiling /home/solverbot/final_limo/install/voice_control/lib/python3.10/site-packages/voice_control/main.py to main.cpython-310.pyc
byte-compiling /home/solverbot/final_limo/install/voice_control/lib/python3.10/site-packages/voice_control/__init__.py to __init__.cpython-310.pyc
byte-compiling /home/solverbot/final_limo/install/voice_control/lib/python3.10/site-packages/Laplace/PluginSystem/server.py to server.cpython-310.pyc
byte-compiling /home/solverbot/final_limo/install/voice_control/lib/python3.10/site-packages/Laplace/PluginSystem/common/PluginManager.py to PluginManager.cpython-310.pyc
byte-compiling /home/solverbot/final_limo/install/voice_control/lib/python3.10/site-packages/Laplace/laplace.py to laplace.cpython-310.pyc
byte-compiling /home/solverbot/final_limo/install/voice_control/lib/python3.10/site-packages/Laplace/APIInterface.py to APIInterface.cpython-310.pyc
byte-compiling /home/solverbot/final_limo/install/voice_control/lib/python3.10/site-packages/Laplace/example.py to example.cpython-310.pyc
byte-compiling /home/solverbot/final_limo/install/voice_control/lib/python3.10/site-packages/Laplace/__init__.py to __init__.cpython-310.pyc
running install_data
creating /home/solverbot/final_limo/install/voice_control/share/ament_index
creating /home/solverbot/final_limo/install/voice_control/share/ament_index/resource_index
creating /home/solverbot/final_limo/install/voice_control/share/ament_index/resource_index/packages
copying resource/voice_control -> /home/solverbot/final_limo/install/voice_control/share/ament_index/resource_index/packages
copying package.xml -> /home/solverbot/final_limo/install/voice_control/share/voice_control
copying launch/voice_control.launch.py -> /home/solverbot/final_limo/install/voice_control/share/voice_control
creating /home/solverbot/final_limo/install/voice_control/share/voice_control/Plugins
creating /home/solverbot/final_limo/install/voice_control/share/voice_control/Plugins/Plugin_test
copying Plugins/Plugin_test/Plugin.py -> /home/solverbot/final_limo/install/voice_control/share/voice_control/Plugins/Plugin_test
copying Plugins/Plugin_test/__init__.py -> /home/solverbot/final_limo/install/voice_control/share/voice_control/Plugins/Plugin_test
creating /home/solverbot/final_limo/install/voice_control/share/voice_control/Plugins/Plugin_test2
copying Plugins/Plugin_test2/Plugin.py -> /home/solverbot/final_limo/install/voice_control/share/voice_control/Plugins/Plugin_test2
running install_egg_info
Copying ../../../build/voice_control/voice_control.egg-info to /home/solverbot/final_limo/install/voice_control/lib/python3.10/site-packages/voice_control-0.0.0-py3.10.egg-info
running install_scripts
Installing voice_control script to /home/solverbot/final_limo/install/voice_control/lib/voice_control
writing list of installed files to '/home/solverbot/final_limo/build/voice_control/install.log'
