[2.368s] Invoking command in '/home/solverbot/final_limo/src/limo_ros2/voice_control': PYTHONPATH=/home/solverbot/final_limo/build/voice_control/prefix_override:/usr/lib/python3/dist-packages/colcon_core/task/python/colcon_distutils_commands:/home/solverbot/final_limo/install/voice_control/lib/python3.10/site-packages:${PYTHONPATH} /usr/bin/python3 -W ignore:setup.py install is deprecated -W ignore:easy_install command is deprecated setup.py egg_info --egg-base ../../../build/voice_control build --build-base /home/solverbot/final_limo/build/voice_control/build install --record /home/solverbot/final_limo/build/voice_control/install.log --install-scripts $base/lib/voice_control --single-version-externally-managed install_data
[2.891s] /home/solverbot/.local/lib/python3.10/site-packages/setuptools/dist.py:771: UserWarning: Usage of dash-separated 'script-dir' will not be supported in future versions. Please use the underscore name 'script_dir' instead
[2.891s]   warnings.warn(
[3.100s] running egg_info
[3.103s] creating ../../../build/voice_control/voice_control.egg-info
[3.127s] writing ../../../build/voice_control/voice_control.egg-info/PKG-INFO
[3.127s] writing dependency_links to ../../../build/voice_control/voice_control.egg-info/dependency_links.txt
[3.132s] writing entry points to ../../../build/voice_control/voice_control.egg-info/entry_points.txt
[3.132s] writing requirements to ../../../build/voice_control/voice_control.egg-info/requires.txt
[3.132s] writing top-level names to ../../../build/voice_control/voice_control.egg-info/top_level.txt
[3.132s] writing manifest file '../../../build/voice_control/voice_control.egg-info/SOURCES.txt'
[3.200s] reading manifest file '../../../build/voice_control/voice_control.egg-info/SOURCES.txt'
[3.201s] writing manifest file '../../../build/voice_control/voice_control.egg-info/SOURCES.txt'
[3.201s] running build
[3.201s] running build_py
[3.201s] creating /home/solverbot/final_limo/build/voice_control/build
[3.202s] creating /home/solverbot/final_limo/build/voice_control/build/lib
[3.202s] creating /home/solverbot/final_limo/build/voice_control/build/lib/voice_control
[3.202s] copying voice_control/main.py -> /home/solverbot/final_limo/build/voice_control/build/lib/voice_control
[3.202s] copying voice_control/__init__.py -> /home/solverbot/final_limo/build/voice_control/build/lib/voice_control
[3.202s] creating /home/solverbot/final_limo/build/voice_control/build/lib/Laplace
[3.203s] copying Laplace/laplace.py -> /home/solverbot/final_limo/build/voice_control/build/lib/Laplace
[3.203s] copying Laplace/APIInterface.py -> /home/solverbot/final_limo/build/voice_control/build/lib/Laplace
[3.204s] copying Laplace/example.py -> /home/solverbot/final_limo/build/voice_control/build/lib/Laplace
[3.204s] copying Laplace/__init__.py -> /home/solverbot/final_limo/build/voice_control/build/lib/Laplace
[3.204s] creating /home/solverbot/final_limo/build/voice_control/build/lib/Laplace/PluginSystem
[3.204s] copying Laplace/PluginSystem/server.py -> /home/solverbot/final_limo/build/voice_control/build/lib/Laplace/PluginSystem
[3.204s] creating /home/solverbot/final_limo/build/voice_control/build/lib/Laplace/PluginSystem/common
[3.204s] copying Laplace/PluginSystem/common/PluginManager.py -> /home/solverbot/final_limo/build/voice_control/build/lib/Laplace/PluginSystem/common
[3.204s] running install
[3.215s] running install_lib
[3.238s] creating /home/solverbot/final_limo/install/voice_control/lib/python3.10/site-packages/voice_control
[3.239s] copying /home/solverbot/final_limo/build/voice_control/build/lib/voice_control/main.py -> /home/solverbot/final_limo/install/voice_control/lib/python3.10/site-packages/voice_control
[3.239s] copying /home/solverbot/final_limo/build/voice_control/build/lib/voice_control/__init__.py -> /home/solverbot/final_limo/install/voice_control/lib/python3.10/site-packages/voice_control
[3.239s] creating /home/solverbot/final_limo/install/voice_control/lib/python3.10/site-packages/Laplace
[3.239s] creating /home/solverbot/final_limo/install/voice_control/lib/python3.10/site-packages/Laplace/PluginSystem
[3.239s] copying /home/solverbot/final_limo/build/voice_control/build/lib/Laplace/PluginSystem/server.py -> /home/solverbot/final_limo/install/voice_control/lib/python3.10/site-packages/Laplace/PluginSystem
[3.239s] creating /home/solverbot/final_limo/install/voice_control/lib/python3.10/site-packages/Laplace/PluginSystem/common
[3.240s] copying /home/solverbot/final_limo/build/voice_control/build/lib/Laplace/PluginSystem/common/PluginManager.py -> /home/solverbot/final_limo/install/voice_control/lib/python3.10/site-packages/Laplace/PluginSystem/common
[3.240s] copying /home/solverbot/final_limo/build/voice_control/build/lib/Laplace/laplace.py -> /home/solverbot/final_limo/install/voice_control/lib/python3.10/site-packages/Laplace
[3.240s] copying /home/solverbot/final_limo/build/voice_control/build/lib/Laplace/APIInterface.py -> /home/solverbot/final_limo/install/voice_control/lib/python3.10/site-packages/Laplace
[3.240s] copying /home/solverbot/final_limo/build/voice_control/build/lib/Laplace/example.py -> /home/solverbot/final_limo/install/voice_control/lib/python3.10/site-packages/Laplace
[3.240s] copying /home/solverbot/final_limo/build/voice_control/build/lib/Laplace/__init__.py -> /home/solverbot/final_limo/install/voice_control/lib/python3.10/site-packages/Laplace
[3.241s] byte-compiling /home/solverbot/final_limo/install/voice_control/lib/python3.10/site-packages/voice_control/main.py to main.cpython-310.pyc
[3.241s] byte-compiling /home/solverbot/final_limo/install/voice_control/lib/python3.10/site-packages/voice_control/__init__.py to __init__.cpython-310.pyc
[3.243s] byte-compiling /home/solverbot/final_limo/install/voice_control/lib/python3.10/site-packages/Laplace/PluginSystem/server.py to server.cpython-310.pyc
[3.243s] byte-compiling /home/solverbot/final_limo/install/voice_control/lib/python3.10/site-packages/Laplace/PluginSystem/common/PluginManager.py to PluginManager.cpython-310.pyc
[3.244s] byte-compiling /home/solverbot/final_limo/install/voice_control/lib/python3.10/site-packages/Laplace/laplace.py to laplace.cpython-310.pyc
[3.245s] byte-compiling /home/solverbot/final_limo/install/voice_control/lib/python3.10/site-packages/Laplace/APIInterface.py to APIInterface.cpython-310.pyc
[3.246s] byte-compiling /home/solverbot/final_limo/install/voice_control/lib/python3.10/site-packages/Laplace/example.py to example.cpython-310.pyc
[3.246s] byte-compiling /home/solverbot/final_limo/install/voice_control/lib/python3.10/site-packages/Laplace/__init__.py to __init__.cpython-310.pyc
[3.246s] running install_data
[3.246s] creating /home/solverbot/final_limo/install/voice_control/share/ament_index
[3.247s] creating /home/solverbot/final_limo/install/voice_control/share/ament_index/resource_index
[3.249s] creating /home/solverbot/final_limo/install/voice_control/share/ament_index/resource_index/packages
[3.249s] copying resource/voice_control -> /home/solverbot/final_limo/install/voice_control/share/ament_index/resource_index/packages
[3.249s] copying package.xml -> /home/solverbot/final_limo/install/voice_control/share/voice_control
[3.249s] copying launch/voice_control.launch.py -> /home/solverbot/final_limo/install/voice_control/share/voice_control
[3.250s] creating /home/solverbot/final_limo/install/voice_control/share/voice_control/Plugins
[3.250s] creating /home/solverbot/final_limo/install/voice_control/share/voice_control/Plugins/Plugin_test
[3.250s] copying Plugins/Plugin_test/Plugin.py -> /home/solverbot/final_limo/install/voice_control/share/voice_control/Plugins/Plugin_test
[3.250s] copying Plugins/Plugin_test/__init__.py -> /home/solverbot/final_limo/install/voice_control/share/voice_control/Plugins/Plugin_test
[3.250s] creating /home/solverbot/final_limo/install/voice_control/share/voice_control/Plugins/Plugin_test2
[3.250s] copying Plugins/Plugin_test2/Plugin.py -> /home/solverbot/final_limo/install/voice_control/share/voice_control/Plugins/Plugin_test2
[3.250s] running install_egg_info
[3.275s] Copying ../../../build/voice_control/voice_control.egg-info to /home/solverbot/final_limo/install/voice_control/lib/python3.10/site-packages/voice_control-0.0.0-py3.10.egg-info
[3.276s] running install_scripts
[3.378s] Installing voice_control script to /home/solverbot/final_limo/install/voice_control/lib/voice_control
[3.379s] writing list of installed files to '/home/solverbot/final_limo/build/voice_control/install.log'
[3.471s] Invoked command in '/home/solverbot/final_limo/src/limo_ros2/voice_control' returned '0': PYTHONPATH=/home/solverbot/final_limo/build/voice_control/prefix_override:/usr/lib/python3/dist-packages/colcon_core/task/python/colcon_distutils_commands:/home/solverbot/final_limo/install/voice_control/lib/python3.10/site-packages:${PYTHONPATH} /usr/bin/python3 -W ignore:setup.py install is deprecated -W ignore:easy_install command is deprecated setup.py egg_info --egg-base ../../../build/voice_control build --build-base /home/solverbot/final_limo/build/voice_control/build install --record /home/solverbot/final_limo/build/voice_control/install.log --install-scripts $base/lib/voice_control --single-version-externally-managed install_data
