[0.025s] Invoking command in '/home/solverbot/final_limo/build/joy_linux': CMAKE_PREFIX_PATH=${CMAKE_PREFIX_PATH}:/home/solverbot/final_limo/install/voice_control:/home/solverbot/final_limo/install/p9n_bringup:/opt/ros/humble /usr/bin/cmake /home/solverbot/final_limo/src/joystick_drivers/joy_linux -DCMAKE_INSTALL_PREFIX=/home/solverbot/final_limo/install/joy_linux
[0.229s] -- The C compiler identification is GNU 11.4.0
[0.407s] -- The CXX compiler identification is GNU 11.4.0
[0.427s] -- Detecting C compiler ABI info
[0.720s] -- Detecting C compiler ABI info - done
[0.776s] -- Check for working C compiler: /usr/bin/cc - skipped
[0.776s] -- Detecting C compile features
[0.778s] -- Detecting C compile features - done
[0.795s] -- Detecting CXX compiler ABI info
[1.191s] -- Detecting CXX compiler ABI info - done
[1.240s] -- Check for working CXX compiler: /usr/bin/c++ - skipped
[1.240s] -- Detecting CXX compile features
[1.240s] -- Detecting CXX compile features - done
[1.260s] -- Found ament_cmake: 1.3.12 (/opt/ros/humble/share/ament_cmake/cmake)
[2.999s] -- Found Python3: /usr/bin/python3 (found version "3.10.12") found components: Interpreter 
[3.192s] -- Found diagnostic_msgs: 4.9.0 (/opt/ros/humble/share/diagnostic_msgs/cmake)
[3.251s] -- Found rosidl_generator_c: 3.1.7 (/opt/ros/humble/share/rosidl_generator_c/cmake)
[3.260s] -- Found rosidl_adapter: 3.1.7 (/opt/ros/humble/share/rosidl_adapter/cmake)
[3.289s] -- Found rosidl_generator_cpp: 3.1.7 (/opt/ros/humble/share/rosidl_generator_cpp/cmake)
[3.320s] -- Using all available rosidl_typesupport_c: rosidl_typesupport_fastrtps_c;rosidl_typesupport_introspection_c
[3.378s] -- Using all available rosidl_typesupport_cpp: rosidl_typesupport_fastrtps_cpp;rosidl_typesupport_introspection_cpp
[3.586s] -- Found diagnostic_updater: 4.0.6 (/opt/ros/humble/share/diagnostic_updater/cmake)
[3.790s] -- Found rmw_implementation_cmake: 6.1.2 (/opt/ros/humble/share/rmw_implementation_cmake/cmake)
[3.812s] -- Found rmw_cyclonedds_cpp: 1.3.4 (/opt/ros/humble/share/rmw_cyclonedds_cpp/cmake)
[3.928s] -- Using RMW implementation 'rmw_cyclonedds_cpp' as default
[3.951s] -- Looking for pthread.h
[4.141s] -- Looking for pthread.h - found
[4.144s] -- Performing Test CMAKE_HAVE_LIBC_PTHREAD
[4.405s] -- Performing Test CMAKE_HAVE_LIBC_PTHREAD - Success
[4.405s] -- Found Threads: TRUE  
[4.567s] -- Found sensor_msgs: 4.9.0 (/opt/ros/humble/share/sensor_msgs/cmake)
[4.679s] -- Looking for include file linux/joystick.h
[4.952s] -- Looking for include file linux/joystick.h - found
[4.952s] -- Found ament_lint_auto: 0.12.14 (/opt/ros/humble/share/ament_lint_auto/cmake)
[5.385s] -- Added test 'cppcheck' to perform static code analysis on C / C++ code
[5.385s] -- Configured cppcheck include dirs: /home/solverbot/final_limo/src/joystick_drivers/joy_linux/msg/cpp
[5.386s] -- Configured cppcheck exclude dirs and/or files: 
[5.388s] -- Added test 'cpplint' to check C / C++ code against the Google style
[5.388s] -- Configured cpplint exclude dirs and/or files: 
[5.392s] -- Added test 'lint_cmake' to check CMake code style
[5.394s] -- Added test 'uncrustify' to check C / C++ code style
[5.394s] -- Configured uncrustify additional arguments: 
[5.402s] -- Added test 'xmllint' to check XML markup files
[5.407s] -- Configuring done
[5.460s] -- Generating done
[5.470s] -- Build files have been written to: /home/solverbot/final_limo/build/joy_linux
[5.498s] Invoked command in '/home/solverbot/final_limo/build/joy_linux' returned '0': CMAKE_PREFIX_PATH=${CMAKE_PREFIX_PATH}:/home/solverbot/final_limo/install/voice_control:/home/solverbot/final_limo/install/p9n_bringup:/opt/ros/humble /usr/bin/cmake /home/solverbot/final_limo/src/joystick_drivers/joy_linux -DCMAKE_INSTALL_PREFIX=/home/solverbot/final_limo/install/joy_linux
[5.500s] Invoking command in '/home/solverbot/final_limo/build/joy_linux': CMAKE_PREFIX_PATH=${CMAKE_PREFIX_PATH}:/home/solverbot/final_limo/install/voice_control:/home/solverbot/final_limo/install/p9n_bringup:/opt/ros/humble /usr/bin/cmake --build /home/solverbot/final_limo/build/joy_linux -- -j4 -l4
[5.688s] [ 50%] [32mBuilding CXX object CMakeFiles/joy_linux_node.dir/src/joy_linux_node.cpp.o[0m
[32.145s] [100%] [32m[1mLinking CXX executable joy_linux_node[0m
[33.906s] [100%] Built target joy_linux_node
[33.944s] Invoked command in '/home/solverbot/final_limo/build/joy_linux' returned '0': CMAKE_PREFIX_PATH=${CMAKE_PREFIX_PATH}:/home/solverbot/final_limo/install/voice_control:/home/solverbot/final_limo/install/p9n_bringup:/opt/ros/humble /usr/bin/cmake --build /home/solverbot/final_limo/build/joy_linux -- -j4 -l4
[33.945s] Invoking command in '/home/solverbot/final_limo/build/joy_linux': CMAKE_PREFIX_PATH=${CMAKE_PREFIX_PATH}:/home/solverbot/final_limo/install/voice_control:/home/solverbot/final_limo/install/p9n_bringup:/opt/ros/humble /usr/bin/cmake --install /home/solverbot/final_limo/build/joy_linux
[33.958s] -- Install configuration: ""
[33.959s] -- Installing: /home/solverbot/final_limo/install/joy_linux/lib/joy_linux/joy_linux_node
[33.969s] -- Set runtime path of "/home/solverbot/final_limo/install/joy_linux/lib/joy_linux/joy_linux_node" to ""
[33.969s] -- Installing: /home/solverbot/final_limo/install/joy_linux/share/ament_index/resource_index/package_run_dependencies/joy_linux
[33.970s] -- Installing: /home/solverbot/final_limo/install/joy_linux/share/ament_index/resource_index/parent_prefix_path/joy_linux
[33.970s] -- Installing: /home/solverbot/final_limo/install/joy_linux/share/joy_linux/environment/ament_prefix_path.sh
[33.970s] -- Installing: /home/solverbot/final_limo/install/joy_linux/share/joy_linux/environment/ament_prefix_path.dsv
[33.970s] -- Installing: /home/solverbot/final_limo/install/joy_linux/share/joy_linux/environment/path.sh
[33.970s] -- Installing: /home/solverbot/final_limo/install/joy_linux/share/joy_linux/environment/path.dsv
[33.971s] -- Installing: /home/solverbot/final_limo/install/joy_linux/share/joy_linux/local_setup.bash
[33.971s] -- Installing: /home/solverbot/final_limo/install/joy_linux/share/joy_linux/local_setup.sh
[33.977s] -- Installing: /home/solverbot/final_limo/install/joy_linux/share/joy_linux/local_setup.zsh
[33.977s] -- Installing: /home/solverbot/final_limo/install/joy_linux/share/joy_linux/local_setup.dsv
[33.977s] -- Installing: /home/solverbot/final_limo/install/joy_linux/share/joy_linux/package.dsv
[33.978s] -- Installing: /home/solverbot/final_limo/install/joy_linux/share/ament_index/resource_index/packages/joy_linux
[33.978s] -- Installing: /home/solverbot/final_limo/install/joy_linux/share/joy_linux/cmake/joy_linuxConfig.cmake
[33.978s] -- Installing: /home/solverbot/final_limo/install/joy_linux/share/joy_linux/cmake/joy_linuxConfig-version.cmake
[33.978s] -- Installing: /home/solverbot/final_limo/install/joy_linux/share/joy_linux/package.xml
[33.983s] Invoked command in '/home/solverbot/final_limo/build/joy_linux' returned '0': CMAKE_PREFIX_PATH=${CMAKE_PREFIX_PATH}:/home/solverbot/final_limo/install/voice_control:/home/solverbot/final_limo/install/p9n_bringup:/opt/ros/humble /usr/bin/cmake --install /home/solverbot/final_limo/build/joy_linux
