-- The C compiler identification is GNU 11.4.0
-- The CXX compiler identification is GNU 11.4.0
-- Detecting C compiler ABI info
-- Detecting C compiler ABI info - done
-- Check for working C compiler: /usr/bin/cc - skipped
-- Detecting C compile features
-- Detecting C compile features - done
-- Detecting CXX compiler ABI info
-- Detecting CXX compiler ABI info - done
-- Check for working CXX compiler: /usr/bin/c++ - skipped
-- Detecting CXX compile features
-- Detecting CXX compile features - done
-- Found ament_cmake_auto: 1.3.12 (/opt/ros/humble/share/ament_cmake_auto/cmake)
-- Found Python3: /usr/bin/python3 (found version "3.10.12") found components: Interpreter 
-- Found rosidl_generator_c: 3.1.7 (/opt/ros/humble/share/rosidl_generator_c/cmake)
-- Found rosidl_adapter: 3.1.7 (/opt/ros/humble/share/rosidl_adapter/cmake)
-- Found rosidl_generator_cpp: 3.1.7 (/opt/ros/humble/share/rosidl_generator_cpp/cmake)
-- Using all available rosidl_typesupport_c: rosidl_typesupport_fastrtps_c;rosidl_typesupport_introspection_c
-- Using all available rosidl_typesupport_cpp: rosidl_typesupport_fastrtps_cpp;rosidl_typesupport_introspection_cpp
-- Found rmw_implementation_cmake: 6.1.2 (/opt/ros/humble/share/rmw_implementation_cmake/cmake)
-- Found rmw_cyclonedds_cpp: 1.3.4 (/opt/ros/humble/share/rmw_cyclonedds_cpp/cmake)
-- Using RMW implementation 'rmw_cyclonedds_cpp' as default
-- Looking for pthread.h
-- Looking for pthread.h - found
-- Performing Test CMAKE_HAVE_LIBC_PTHREAD
-- Performing Test CMAKE_HAVE_LIBC_PTHREAD - Success
-- Found Threads: TRUE  
-- Found ament_lint_auto: 0.12.14 (/opt/ros/humble/share/ament_lint_auto/cmake)
[0mIn this package, headers install destination is set to `include` by ament_auto_package. It is recommended to install `include/p9n_example` instead and will be the default behavior of ament_auto_package from ROS 2 Kilted Kaiju. On distributions before Kilted, ament_auto_package behaves the same way when you use USE_SCOPED_HEADER_INSTALL_DIR option.[0m
-- Added test 'cppcheck' to perform static code analysis on C / C++ code
-- Configured cppcheck include dirs: /home/solverbot/final_limo/src/PlayStation-JoyInterface-ROS2/p9n_example/include
-- Configured cppcheck exclude dirs and/or files: 
-- Added test 'flake8' to check Python code syntax and style conventions
-- Added test 'lint_cmake' to check CMake code style
-- Added test 'pep257' to check Python code against some of the docstring style conventions in PEP 257
-- Added test 'uncrustify' to check C / C++ code style
-- Configured uncrustify additional arguments: 
-- Added test 'xmllint' to check XML markup files
-- Configuring done
-- Generating done
-- Build files have been written to: /home/solverbot/final_limo/build/p9n_example
[ 25%] [32mBuilding CXX object CMakeFiles/display_node.dir/src/display_node.cpp.o[0m
[ 50%] [32m[1mLinking CXX shared library libdisplay_node.so[0m
[ 50%] Built target display_node
[ 75%] [32mBuilding CXX object CMakeFiles/display_node_exec.dir/rclcpp_components/node_main_display_node_exec.cpp.o[0m
[100%] [32m[1mLinking CXX executable display_node_exec[0m
[100%] Built target display_node_exec
-- Install configuration: ""
-- Installing: /home/solverbot/final_limo/install/p9n_example/lib/p9n_example/display_node_exec
-- Set runtime path of "/home/solverbot/final_limo/install/p9n_example/lib/p9n_example/display_node_exec" to ""
-- Installing: /home/solverbot/final_limo/install/p9n_example/include
-- Installing: /home/solverbot/final_limo/install/p9n_example/include/p9n_example
-- Installing: /home/solverbot/final_limo/install/p9n_example/include/p9n_example/display_node.hpp
-- Installing: /home/solverbot/final_limo/install/p9n_example/share/p9n_example/environment/library_path.sh
-- Installing: /home/solverbot/final_limo/install/p9n_example/share/p9n_example/environment/library_path.dsv
-- Installing: /home/solverbot/final_limo/install/p9n_example/lib/libdisplay_node.so
-- Set runtime path of "/home/solverbot/final_limo/install/p9n_example/lib/libdisplay_node.so" to ""
-- Installing: /home/solverbot/final_limo/install/p9n_example/share/p9n_example/launch
-- Installing: /home/solverbot/final_limo/install/p9n_example/share/p9n_example/launch/display.launch.py
-- Installing: /home/solverbot/final_limo/install/p9n_example/share/ament_index/resource_index/package_run_dependencies/p9n_example
-- Installing: /home/solverbot/final_limo/install/p9n_example/share/ament_index/resource_index/parent_prefix_path/p9n_example
-- Installing: /home/solverbot/final_limo/install/p9n_example/share/p9n_example/environment/ament_prefix_path.sh
-- Installing: /home/solverbot/final_limo/install/p9n_example/share/p9n_example/environment/ament_prefix_path.dsv
-- Installing: /home/solverbot/final_limo/install/p9n_example/share/p9n_example/environment/path.sh
-- Installing: /home/solverbot/final_limo/install/p9n_example/share/p9n_example/environment/path.dsv
-- Installing: /home/solverbot/final_limo/install/p9n_example/share/p9n_example/local_setup.bash
-- Installing: /home/solverbot/final_limo/install/p9n_example/share/p9n_example/local_setup.sh
-- Installing: /home/solverbot/final_limo/install/p9n_example/share/p9n_example/local_setup.zsh
-- Installing: /home/solverbot/final_limo/install/p9n_example/share/p9n_example/local_setup.dsv
-- Installing: /home/solverbot/final_limo/install/p9n_example/share/p9n_example/package.dsv
-- Installing: /home/solverbot/final_limo/install/p9n_example/share/ament_index/resource_index/packages/p9n_example
-- Installing: /home/solverbot/final_limo/install/p9n_example/share/ament_index/resource_index/rclcpp_components/p9n_example
-- Installing: /home/solverbot/final_limo/install/p9n_example/share/p9n_example/cmake/ament_cmake_export_dependencies-extras.cmake
-- Installing: /home/solverbot/final_limo/install/p9n_example/share/p9n_example/cmake/ament_cmake_export_include_directories-extras.cmake
-- Installing: /home/solverbot/final_limo/install/p9n_example/share/p9n_example/cmake/ament_cmake_export_libraries-extras.cmake
-- Installing: /home/solverbot/final_limo/install/p9n_example/share/p9n_example/cmake/p9n_exampleConfig.cmake
-- Installing: /home/solverbot/final_limo/install/p9n_example/share/p9n_example/cmake/p9n_exampleConfig-version.cmake
-- Installing: /home/solverbot/final_limo/install/p9n_example/share/p9n_example/package.xml
