[0.036s] Invoking command in '/home/solverbot/final_limo/build/p9n_example': CMAKE_PREFIX_PATH=/home/solverbot/final_limo/install/joy:/home/solverbot/final_limo/install/sdl2_vendor:/home/solverbot/final_limo/install/p9n_interface:/home/solverbot/final_limo/install/ydlidar_sdk:/home/solverbot/final_limo/install/ydlidar_ros2_driver:/home/solverbot/final_limo/install/wiimote:/home/solverbot/final_limo/install/wiimote_msgs:/home/solverbot/final_limo/install/urg_node2:/home/solverbot/final_limo/install/spacenav:/home/solverbot/final_limo/install/p9n:/home/solverbot/final_limo/install/p9n_test:/home/solverbot/final_limo/install/p9n_node:/home/solverbot/final_limo/install/p9n_example:/home/solverbot/final_limo/install/limo_joystick:/home/solverbot/final_limo/install/rf2o_laser_odometry:/home/solverbot/final_limo/install/limo_bringup:/home/solverbot/final_limo/install/limo_base:/home/solverbot/final_limo/install/limo_msgs:/home/solverbot/final_limo/install/limo_description:/home/solverbot/final_limo/install/joy_linux:/home/solverbot/final_limo/install/voice_control:/home/solverbot/final_limo/install/p9n_bringup:/opt/ros/humble LD_LIBRARY_PATH=/home/solverbot/final_limo/install/joy/lib:/home/solverbot/final_limo/install/wiimote/lib:/home/solverbot/final_limo/install/wiimote_msgs/lib:/home/solverbot/final_limo/install/urg_node2/lib:/home/solverbot/final_limo/install/spacenav/lib:/home/solverbot/final_limo/install/p9n_test/lib:/home/solverbot/final_limo/install/p9n_node/lib:/home/solverbot/final_limo/install/p9n_example/lib:/home/solverbot/final_limo/install/p9n_interface/lib:/home/solverbot/final_limo/install/limo_msgs/lib:/usr/lib/x86_64-linux-gnu/gazebo-11/plugins:/opt/ros/humble/opt/rviz_ogre_vendor/lib:/opt/ros/humble/lib/x86_64-linux-gnu:/opt/ros/humble/lib /usr/bin/cmake /home/solverbot/final_limo/src/PlayStation-JoyInterface-ROS2/p9n_example -DCMAKE_INSTALL_PREFIX=/home/solverbot/final_limo/install/p9n_example
[0.200s] -- The C compiler identification is GNU 11.4.0
[0.320s] -- The CXX compiler identification is GNU 11.4.0
[0.329s] -- Detecting C compiler ABI info
[0.555s] -- Detecting C compiler ABI info - done
[0.585s] -- Check for working C compiler: /usr/bin/cc - skipped
[0.585s] -- Detecting C compile features
[0.586s] -- Detecting C compile features - done
[0.600s] -- Detecting CXX compiler ABI info
[0.831s] -- Detecting CXX compiler ABI info - done
[0.857s] -- Check for working CXX compiler: /usr/bin/c++ - skipped
[0.857s] -- Detecting CXX compile features
[0.858s] -- Detecting CXX compile features - done
[0.865s] -- Found ament_cmake_auto: 1.3.12 (/opt/ros/humble/share/ament_cmake_auto/cmake)
[2.536s] -- Found Python3: /usr/bin/python3 (found version "3.10.12") found components: Interpreter 
[2.927s] -- Found rosidl_generator_c: 3.1.7 (/opt/ros/humble/share/rosidl_generator_c/cmake)
[2.937s] -- Found rosidl_adapter: 3.1.7 (/opt/ros/humble/share/rosidl_adapter/cmake)
[2.958s] -- Found rosidl_generator_cpp: 3.1.7 (/opt/ros/humble/share/rosidl_generator_cpp/cmake)
[2.982s] -- Using all available rosidl_typesupport_c: rosidl_typesupport_fastrtps_c;rosidl_typesupport_introspection_c
[3.003s] -- Using all available rosidl_typesupport_cpp: rosidl_typesupport_fastrtps_cpp;rosidl_typesupport_introspection_cpp
[3.173s] -- Found rmw_implementation_cmake: 6.1.2 (/opt/ros/humble/share/rmw_implementation_cmake/cmake)
[3.179s] -- Found rmw_cyclonedds_cpp: 1.3.4 (/opt/ros/humble/share/rmw_cyclonedds_cpp/cmake)
[3.217s] -- Using RMW implementation 'rmw_cyclonedds_cpp' as default
[3.251s] -- Looking for pthread.h
[3.479s] -- Looking for pthread.h - found
[3.479s] -- Performing Test CMAKE_HAVE_LIBC_PTHREAD
[3.717s] -- Performing Test CMAKE_HAVE_LIBC_PTHREAD - Success
[3.717s] -- Found Threads: TRUE  
[4.057s] -- Found ament_lint_auto: 0.12.14 (/opt/ros/humble/share/ament_lint_auto/cmake)
[4.084s] [0mIn this package, headers install destination is set to `include` by ament_auto_package. It is recommended to install `include/p9n_example` instead and will be the default behavior of ament_auto_package from ROS 2 Kilted Kaiju. On distributions before Kilted, ament_auto_package behaves the same way when you use USE_SCOPED_HEADER_INSTALL_DIR option.[0m
[4.099s] -- Added test 'cppcheck' to perform static code analysis on C / C++ code
[4.099s] -- Configured cppcheck include dirs: /home/solverbot/final_limo/src/PlayStation-JoyInterface-ROS2/p9n_example/include
[4.100s] -- Configured cppcheck exclude dirs and/or files: 
[4.104s] -- Added test 'flake8' to check Python code syntax and style conventions
[4.104s] -- Added test 'lint_cmake' to check CMake code style
[4.104s] -- Added test 'pep257' to check Python code against some of the docstring style conventions in PEP 257
[4.105s] -- Added test 'uncrustify' to check C / C++ code style
[4.105s] -- Configured uncrustify additional arguments: 
[4.107s] -- Added test 'xmllint' to check XML markup files
[4.125s] -- Configuring done
[4.170s] -- Generating done
[4.188s] -- Build files have been written to: /home/solverbot/final_limo/build/p9n_example
[4.201s] Invoked command in '/home/solverbot/final_limo/build/p9n_example' returned '0': CMAKE_PREFIX_PATH=/home/solverbot/final_limo/install/joy:/home/solverbot/final_limo/install/sdl2_vendor:/home/solverbot/final_limo/install/p9n_interface:/home/solverbot/final_limo/install/ydlidar_sdk:/home/solverbot/final_limo/install/ydlidar_ros2_driver:/home/solverbot/final_limo/install/wiimote:/home/solverbot/final_limo/install/wiimote_msgs:/home/solverbot/final_limo/install/urg_node2:/home/solverbot/final_limo/install/spacenav:/home/solverbot/final_limo/install/p9n:/home/solverbot/final_limo/install/p9n_test:/home/solverbot/final_limo/install/p9n_node:/home/solverbot/final_limo/install/p9n_example:/home/solverbot/final_limo/install/limo_joystick:/home/solverbot/final_limo/install/rf2o_laser_odometry:/home/solverbot/final_limo/install/limo_bringup:/home/solverbot/final_limo/install/limo_base:/home/solverbot/final_limo/install/limo_msgs:/home/solverbot/final_limo/install/limo_description:/home/solverbot/final_limo/install/joy_linux:/home/solverbot/final_limo/install/voice_control:/home/solverbot/final_limo/install/p9n_bringup:/opt/ros/humble LD_LIBRARY_PATH=/home/solverbot/final_limo/install/joy/lib:/home/solverbot/final_limo/install/wiimote/lib:/home/solverbot/final_limo/install/wiimote_msgs/lib:/home/solverbot/final_limo/install/urg_node2/lib:/home/solverbot/final_limo/install/spacenav/lib:/home/solverbot/final_limo/install/p9n_test/lib:/home/solverbot/final_limo/install/p9n_node/lib:/home/solverbot/final_limo/install/p9n_example/lib:/home/solverbot/final_limo/install/p9n_interface/lib:/home/solverbot/final_limo/install/limo_msgs/lib:/usr/lib/x86_64-linux-gnu/gazebo-11/plugins:/opt/ros/humble/opt/rviz_ogre_vendor/lib:/opt/ros/humble/lib/x86_64-linux-gnu:/opt/ros/humble/lib /usr/bin/cmake /home/solverbot/final_limo/src/PlayStation-JoyInterface-ROS2/p9n_example -DCMAKE_INSTALL_PREFIX=/home/solverbot/final_limo/install/p9n_example
[4.204s] Invoking command in '/home/solverbot/final_limo/build/p9n_example': CMAKE_PREFIX_PATH=/home/solverbot/final_limo/install/joy:/home/solverbot/final_limo/install/sdl2_vendor:/home/solverbot/final_limo/install/p9n_interface:/home/solverbot/final_limo/install/ydlidar_sdk:/home/solverbot/final_limo/install/ydlidar_ros2_driver:/home/solverbot/final_limo/install/wiimote:/home/solverbot/final_limo/install/wiimote_msgs:/home/solverbot/final_limo/install/urg_node2:/home/solverbot/final_limo/install/spacenav:/home/solverbot/final_limo/install/p9n:/home/solverbot/final_limo/install/p9n_test:/home/solverbot/final_limo/install/p9n_node:/home/solverbot/final_limo/install/p9n_example:/home/solverbot/final_limo/install/limo_joystick:/home/solverbot/final_limo/install/rf2o_laser_odometry:/home/solverbot/final_limo/install/limo_bringup:/home/solverbot/final_limo/install/limo_base:/home/solverbot/final_limo/install/limo_msgs:/home/solverbot/final_limo/install/limo_description:/home/solverbot/final_limo/install/joy_linux:/home/solverbot/final_limo/install/voice_control:/home/solverbot/final_limo/install/p9n_bringup:/opt/ros/humble LD_LIBRARY_PATH=/home/solverbot/final_limo/install/joy/lib:/home/solverbot/final_limo/install/wiimote/lib:/home/solverbot/final_limo/install/wiimote_msgs/lib:/home/solverbot/final_limo/install/urg_node2/lib:/home/solverbot/final_limo/install/spacenav/lib:/home/solverbot/final_limo/install/p9n_test/lib:/home/solverbot/final_limo/install/p9n_node/lib:/home/solverbot/final_limo/install/p9n_example/lib:/home/solverbot/final_limo/install/p9n_interface/lib:/home/solverbot/final_limo/install/limo_msgs/lib:/usr/lib/x86_64-linux-gnu/gazebo-11/plugins:/opt/ros/humble/opt/rviz_ogre_vendor/lib:/opt/ros/humble/lib/x86_64-linux-gnu:/opt/ros/humble/lib /usr/bin/cmake --build /home/solverbot/final_limo/build/p9n_example -- -j4 -l4
[4.342s] [ 25%] [32mBuilding CXX object CMakeFiles/display_node.dir/src/display_node.cpp.o[0m
[19.124s] [ 50%] [32m[1mLinking CXX shared library libdisplay_node.so[0m
[20.053s] [ 50%] Built target display_node
[20.078s] [ 75%] [32mBuilding CXX object CMakeFiles/display_node_exec.dir/rclcpp_components/node_main_display_node_exec.cpp.o[0m
[25.214s] [100%] [32m[1mLinking CXX executable display_node_exec[0m
[25.419s] [100%] Built target display_node_exec
[25.844s] Invoked command in '/home/solverbot/final_limo/build/p9n_example' returned '0': CMAKE_PREFIX_PATH=/home/solverbot/final_limo/install/joy:/home/solverbot/final_limo/install/sdl2_vendor:/home/solverbot/final_limo/install/p9n_interface:/home/solverbot/final_limo/install/ydlidar_sdk:/home/solverbot/final_limo/install/ydlidar_ros2_driver:/home/solverbot/final_limo/install/wiimote:/home/solverbot/final_limo/install/wiimote_msgs:/home/solverbot/final_limo/install/urg_node2:/home/solverbot/final_limo/install/spacenav:/home/solverbot/final_limo/install/p9n:/home/solverbot/final_limo/install/p9n_test:/home/solverbot/final_limo/install/p9n_node:/home/solverbot/final_limo/install/p9n_example:/home/solverbot/final_limo/install/limo_joystick:/home/solverbot/final_limo/install/rf2o_laser_odometry:/home/solverbot/final_limo/install/limo_bringup:/home/solverbot/final_limo/install/limo_base:/home/solverbot/final_limo/install/limo_msgs:/home/solverbot/final_limo/install/limo_description:/home/solverbot/final_limo/install/joy_linux:/home/solverbot/final_limo/install/voice_control:/home/solverbot/final_limo/install/p9n_bringup:/opt/ros/humble LD_LIBRARY_PATH=/home/solverbot/final_limo/install/joy/lib:/home/solverbot/final_limo/install/wiimote/lib:/home/solverbot/final_limo/install/wiimote_msgs/lib:/home/solverbot/final_limo/install/urg_node2/lib:/home/solverbot/final_limo/install/spacenav/lib:/home/solverbot/final_limo/install/p9n_test/lib:/home/solverbot/final_limo/install/p9n_node/lib:/home/solverbot/final_limo/install/p9n_example/lib:/home/solverbot/final_limo/install/p9n_interface/lib:/home/solverbot/final_limo/install/limo_msgs/lib:/usr/lib/x86_64-linux-gnu/gazebo-11/plugins:/opt/ros/humble/opt/rviz_ogre_vendor/lib:/opt/ros/humble/lib/x86_64-linux-gnu:/opt/ros/humble/lib /usr/bin/cmake --build /home/solverbot/final_limo/build/p9n_example -- -j4 -l4
[25.845s] Invoking command in '/home/solverbot/final_limo/build/p9n_example': CMAKE_PREFIX_PATH=/home/solverbot/final_limo/install/joy:/home/solverbot/final_limo/install/sdl2_vendor:/home/solverbot/final_limo/install/p9n_interface:/home/solverbot/final_limo/install/ydlidar_sdk:/home/solverbot/final_limo/install/ydlidar_ros2_driver:/home/solverbot/final_limo/install/wiimote:/home/solverbot/final_limo/install/wiimote_msgs:/home/solverbot/final_limo/install/urg_node2:/home/solverbot/final_limo/install/spacenav:/home/solverbot/final_limo/install/p9n:/home/solverbot/final_limo/install/p9n_test:/home/solverbot/final_limo/install/p9n_node:/home/solverbot/final_limo/install/p9n_example:/home/solverbot/final_limo/install/limo_joystick:/home/solverbot/final_limo/install/rf2o_laser_odometry:/home/solverbot/final_limo/install/limo_bringup:/home/solverbot/final_limo/install/limo_base:/home/solverbot/final_limo/install/limo_msgs:/home/solverbot/final_limo/install/limo_description:/home/solverbot/final_limo/install/joy_linux:/home/solverbot/final_limo/install/voice_control:/home/solverbot/final_limo/install/p9n_bringup:/opt/ros/humble LD_LIBRARY_PATH=/home/solverbot/final_limo/install/joy/lib:/home/solverbot/final_limo/install/wiimote/lib:/home/solverbot/final_limo/install/wiimote_msgs/lib:/home/solverbot/final_limo/install/urg_node2/lib:/home/solverbot/final_limo/install/spacenav/lib:/home/solverbot/final_limo/install/p9n_test/lib:/home/solverbot/final_limo/install/p9n_node/lib:/home/solverbot/final_limo/install/p9n_example/lib:/home/solverbot/final_limo/install/p9n_interface/lib:/home/solverbot/final_limo/install/limo_msgs/lib:/usr/lib/x86_64-linux-gnu/gazebo-11/plugins:/opt/ros/humble/opt/rviz_ogre_vendor/lib:/opt/ros/humble/lib/x86_64-linux-gnu:/opt/ros/humble/lib /usr/bin/cmake --install /home/solverbot/final_limo/build/p9n_example
[25.852s] -- Install configuration: ""
[25.852s] -- Installing: /home/solverbot/final_limo/install/p9n_example/lib/p9n_example/display_node_exec
[25.854s] -- Set runtime path of "/home/solverbot/final_limo/install/p9n_example/lib/p9n_example/display_node_exec" to ""
[25.854s] -- Installing: /home/solverbot/final_limo/install/p9n_example/include
[25.855s] -- Installing: /home/solverbot/final_limo/install/p9n_example/include/p9n_example
[25.855s] -- Installing: /home/solverbot/final_limo/install/p9n_example/include/p9n_example/display_node.hpp
[25.855s] -- Installing: /home/solverbot/final_limo/install/p9n_example/share/p9n_example/environment/library_path.sh
[25.855s] -- Installing: /home/solverbot/final_limo/install/p9n_example/share/p9n_example/environment/library_path.dsv
[25.855s] -- Installing: /home/solverbot/final_limo/install/p9n_example/lib/libdisplay_node.so
[25.860s] -- Set runtime path of "/home/solverbot/final_limo/install/p9n_example/lib/libdisplay_node.so" to ""
[25.861s] -- Installing: /home/solverbot/final_limo/install/p9n_example/share/p9n_example/launch
[25.861s] -- Installing: /home/solverbot/final_limo/install/p9n_example/share/p9n_example/launch/display.launch.py
[25.861s] -- Installing: /home/solverbot/final_limo/install/p9n_example/share/ament_index/resource_index/package_run_dependencies/p9n_example
[25.864s] -- Installing: /home/solverbot/final_limo/install/p9n_example/share/ament_index/resource_index/parent_prefix_path/p9n_example
[25.865s] -- Installing: /home/solverbot/final_limo/install/p9n_example/share/p9n_example/environment/ament_prefix_path.sh
[25.865s] -- Installing: /home/solverbot/final_limo/install/p9n_example/share/p9n_example/environment/ament_prefix_path.dsv
[25.865s] -- Installing: /home/solverbot/final_limo/install/p9n_example/share/p9n_example/environment/path.sh
[25.865s] -- Installing: /home/solverbot/final_limo/install/p9n_example/share/p9n_example/environment/path.dsv
[25.865s] -- Installing: /home/solverbot/final_limo/install/p9n_example/share/p9n_example/local_setup.bash
[25.865s] -- Installing: /home/solverbot/final_limo/install/p9n_example/share/p9n_example/local_setup.sh
[25.865s] -- Installing: /home/solverbot/final_limo/install/p9n_example/share/p9n_example/local_setup.zsh
[25.865s] -- Installing: /home/solverbot/final_limo/install/p9n_example/share/p9n_example/local_setup.dsv
[25.865s] -- Installing: /home/solverbot/final_limo/install/p9n_example/share/p9n_example/package.dsv
[25.865s] -- Installing: /home/solverbot/final_limo/install/p9n_example/share/ament_index/resource_index/packages/p9n_example
[25.865s] -- Installing: /home/solverbot/final_limo/install/p9n_example/share/ament_index/resource_index/rclcpp_components/p9n_example
[25.866s] -- Installing: /home/solverbot/final_limo/install/p9n_example/share/p9n_example/cmake/ament_cmake_export_dependencies-extras.cmake
[25.866s] -- Installing: /home/solverbot/final_limo/install/p9n_example/share/p9n_example/cmake/ament_cmake_export_include_directories-extras.cmake
[25.866s] -- Installing: /home/solverbot/final_limo/install/p9n_example/share/p9n_example/cmake/ament_cmake_export_libraries-extras.cmake
[25.866s] -- Installing: /home/solverbot/final_limo/install/p9n_example/share/p9n_example/cmake/p9n_exampleConfig.cmake
[25.866s] -- Installing: /home/solverbot/final_limo/install/p9n_example/share/p9n_example/cmake/p9n_exampleConfig-version.cmake
[25.866s] -- Installing: /home/solverbot/final_limo/install/p9n_example/share/p9n_example/package.xml
[25.870s] Invoked command in '/home/solverbot/final_limo/build/p9n_example' returned '0': CMAKE_PREFIX_PATH=/home/solverbot/final_limo/install/joy:/home/solverbot/final_limo/install/sdl2_vendor:/home/solverbot/final_limo/install/p9n_interface:/home/solverbot/final_limo/install/ydlidar_sdk:/home/solverbot/final_limo/install/ydlidar_ros2_driver:/home/solverbot/final_limo/install/wiimote:/home/solverbot/final_limo/install/wiimote_msgs:/home/solverbot/final_limo/install/urg_node2:/home/solverbot/final_limo/install/spacenav:/home/solverbot/final_limo/install/p9n:/home/solverbot/final_limo/install/p9n_test:/home/solverbot/final_limo/install/p9n_node:/home/solverbot/final_limo/install/p9n_example:/home/solverbot/final_limo/install/limo_joystick:/home/solverbot/final_limo/install/rf2o_laser_odometry:/home/solverbot/final_limo/install/limo_bringup:/home/solverbot/final_limo/install/limo_base:/home/solverbot/final_limo/install/limo_msgs:/home/solverbot/final_limo/install/limo_description:/home/solverbot/final_limo/install/joy_linux:/home/solverbot/final_limo/install/voice_control:/home/solverbot/final_limo/install/p9n_bringup:/opt/ros/humble LD_LIBRARY_PATH=/home/solverbot/final_limo/install/joy/lib:/home/solverbot/final_limo/install/wiimote/lib:/home/solverbot/final_limo/install/wiimote_msgs/lib:/home/solverbot/final_limo/install/urg_node2/lib:/home/solverbot/final_limo/install/spacenav/lib:/home/solverbot/final_limo/install/p9n_test/lib:/home/solverbot/final_limo/install/p9n_node/lib:/home/solverbot/final_limo/install/p9n_example/lib:/home/solverbot/final_limo/install/p9n_interface/lib:/home/solverbot/final_limo/install/limo_msgs/lib:/usr/lib/x86_64-linux-gnu/gazebo-11/plugins:/opt/ros/humble/opt/rviz_ogre_vendor/lib:/opt/ros/humble/lib/x86_64-linux-gnu:/opt/ros/humble/lib /usr/bin/cmake --install /home/solverbot/final_limo/build/p9n_example
