[0.028s] Invoking command in '/home/solverbot/final_limo/build/spacenav': CMAKE_PREFIX_PATH=${CMAKE_PREFIX_PATH}:/home/solverbot/final_limo/install/voice_control:/home/solverbot/final_limo/install/p9n_bringup:/opt/ros/humble /usr/bin/cmake /home/solverbot/final_limo/src/joystick_drivers/spacenav -DCMAKE_INSTALL_PREFIX=/home/solverbot/final_limo/install/spacenav
[0.194s] -- The C compiler identification is GNU 11.4.0
[0.475s] -- The CXX compiler identification is GNU 11.4.0
[0.486s] -- Detecting C compiler ABI info
[0.780s] -- Detecting C compiler ABI info - done
[0.805s] -- Check for working C compiler: /usr/bin/cc - skipped
[0.805s] -- Detecting C compile features
[0.806s] -- Detecting C compile features - done
[0.818s] -- Detecting CXX compiler ABI info
[1.052s] -- Detecting CXX compiler ABI info - done
[1.069s] -- Check for working CXX compiler: /usr/bin/c++ - skipped
[1.069s] -- Detecting CXX compile features
[1.071s] -- Detecting CXX compile features - done
[1.078s] -- Found ament_cmake: 1.3.12 (/opt/ros/humble/share/ament_cmake/cmake)
[3.120s] -- Found Python3: /usr/bin/python3 (found version "3.10.12") found components: Interpreter 
[3.306s] -- Found geometry_msgs: 4.9.0 (/opt/ros/humble/share/geometry_msgs/cmake)
[3.433s] -- Found rosidl_generator_c: 3.1.7 (/opt/ros/humble/share/rosidl_generator_c/cmake)
[3.451s] -- Found rosidl_adapter: 3.1.7 (/opt/ros/humble/share/rosidl_adapter/cmake)
[3.479s] -- Found rosidl_generator_cpp: 3.1.7 (/opt/ros/humble/share/rosidl_generator_cpp/cmake)
[3.499s] -- Using all available rosidl_typesupport_c: rosidl_typesupport_fastrtps_c;rosidl_typesupport_introspection_c
[3.525s] -- Using all available rosidl_typesupport_cpp: rosidl_typesupport_fastrtps_cpp;rosidl_typesupport_introspection_cpp
[3.595s] -- Found rclcpp: 16.0.14 (/opt/ros/humble/share/rclcpp/cmake)
[3.700s] -- Found rmw_implementation_cmake: 6.1.2 (/opt/ros/humble/share/rmw_implementation_cmake/cmake)
[3.709s] -- Found rmw_cyclonedds_cpp: 1.3.4 (/opt/ros/humble/share/rmw_cyclonedds_cpp/cmake)
[3.780s] -- Using RMW implementation 'rmw_cyclonedds_cpp' as default
[3.800s] -- Looking for pthread.h
[4.018s] -- Looking for pthread.h - found
[4.023s] -- Performing Test CMAKE_HAVE_LIBC_PTHREAD
[4.229s] -- Performing Test CMAKE_HAVE_LIBC_PTHREAD - Success
[4.232s] -- Found Threads: TRUE  
[4.391s] -- Found rclcpp_components: 16.0.14 (/opt/ros/humble/share/rclcpp_components/cmake)
[4.496s] -- Found sensor_msgs: 4.9.0 (/opt/ros/humble/share/sensor_msgs/cmake)
[4.563s] -- Found SPNAV: /usr/lib/libspnav.so  
[4.576s] -- Found ament_lint_auto: 0.12.14 (/opt/ros/humble/share/ament_lint_auto/cmake)
[4.843s] -- Added test 'cppcheck' to perform static code analysis on C / C++ code
[4.843s] -- Configured cppcheck include dirs: $<BUILD_INTERFACE:/home/solverbot/final_limo/src/joystick_drivers/spacenav/include>
[4.843s] -- Configured cppcheck exclude dirs and/or files: 
[4.846s] -- Added test 'cpplint' to check C / C++ code against the Google style
[4.847s] -- Configured cpplint exclude dirs and/or files: 
[4.854s] -- Added test 'flake8' to check Python code syntax and style conventions
[4.854s] -- Added test 'lint_cmake' to check CMake code style
[4.854s] -- Added test 'pep257' to check Python code against some of the docstring style conventions in PEP 257
[4.861s] -- Added test 'uncrustify' to check C / C++ code style
[4.861s] -- Configured uncrustify additional arguments: 
[4.861s] -- Added test 'xmllint' to check XML markup files
[4.869s] -- Configuring done
[4.907s] -- Generating done
[4.926s] -- Build files have been written to: /home/solverbot/final_limo/build/spacenav
[4.948s] Invoked command in '/home/solverbot/final_limo/build/spacenav' returned '0': CMAKE_PREFIX_PATH=${CMAKE_PREFIX_PATH}:/home/solverbot/final_limo/install/voice_control:/home/solverbot/final_limo/install/p9n_bringup:/opt/ros/humble /usr/bin/cmake /home/solverbot/final_limo/src/joystick_drivers/spacenav -DCMAKE_INSTALL_PREFIX=/home/solverbot/final_limo/install/spacenav
[4.955s] Invoking command in '/home/solverbot/final_limo/build/spacenav': CMAKE_PREFIX_PATH=${CMAKE_PREFIX_PATH}:/home/solverbot/final_limo/install/voice_control:/home/solverbot/final_limo/install/p9n_bringup:/opt/ros/humble /usr/bin/cmake --build /home/solverbot/final_limo/build/spacenav -- -j4 -l4
[5.079s] [ 25%] [32mBuilding CXX object CMakeFiles/spacenav.dir/src/spacenav.cpp.o[0m
[5.082s] [ 50%] [32mBuilding CXX object CMakeFiles/spacenav_node.dir/rclcpp_components/node_main_spacenav_node.cpp.o[0m
[12.197s] [ 75%] [32m[1mLinking CXX executable spacenav_node[0m
[12.519s] [ 75%] Built target spacenav_node
[21.389s] [100%] [32m[1mLinking CXX shared library libspacenav.so[0m
[22.272s] [100%] Built target spacenav
[22.315s] Invoked command in '/home/solverbot/final_limo/build/spacenav' returned '0': CMAKE_PREFIX_PATH=${CMAKE_PREFIX_PATH}:/home/solverbot/final_limo/install/voice_control:/home/solverbot/final_limo/install/p9n_bringup:/opt/ros/humble /usr/bin/cmake --build /home/solverbot/final_limo/build/spacenav -- -j4 -l4
[22.315s] Invoking command in '/home/solverbot/final_limo/build/spacenav': CMAKE_PREFIX_PATH=${CMAKE_PREFIX_PATH}:/home/solverbot/final_limo/install/voice_control:/home/solverbot/final_limo/install/p9n_bringup:/opt/ros/humble /usr/bin/cmake --install /home/solverbot/final_limo/build/spacenav
[22.333s] -- Install configuration: ""
[22.333s] -- Installing: /home/solverbot/final_limo/install/spacenav/lib/libspacenav.so
[22.357s] -- Set runtime path of "/home/solverbot/final_limo/install/spacenav/lib/libspacenav.so" to ""
[22.358s] -- Installing: /home/solverbot/final_limo/install/spacenav/lib/spacenav/spacenav_node
[22.364s] -- Set runtime path of "/home/solverbot/final_limo/install/spacenav/lib/spacenav/spacenav_node" to ""
[22.365s] -- Installing: /home/solverbot/final_limo/install/spacenav/include/spacenav
[22.365s] -- Installing: /home/solverbot/final_limo/install/spacenav/include/spacenav/spacenav
[22.365s] -- Installing: /home/solverbot/final_limo/install/spacenav/include/spacenav/spacenav/spacenav.hpp
[22.367s] -- Installing: /home/solverbot/final_limo/install/spacenav/share/spacenav//launch
[22.367s] -- Installing: /home/solverbot/final_limo/install/spacenav/share/spacenav//launch/no_deadband-launch.py
[22.371s] -- Installing: /home/solverbot/final_limo/install/spacenav/share/spacenav//launch/static_deadband-launch.py
[22.372s] -- Installing: /home/solverbot/final_limo/install/spacenav/share/spacenav//launch/classic-launch.py
[22.373s] -- Installing: /home/solverbot/final_limo/install/spacenav/share/ament_index/resource_index/package_run_dependencies/spacenav
[22.375s] -- Installing: /home/solverbot/final_limo/install/spacenav/share/ament_index/resource_index/parent_prefix_path/spacenav
[22.376s] -- Installing: /home/solverbot/final_limo/install/spacenav/share/spacenav/environment/ament_prefix_path.sh
[22.377s] -- Installing: /home/solverbot/final_limo/install/spacenav/share/spacenav/environment/ament_prefix_path.dsv
[22.379s] -- Installing: /home/solverbot/final_limo/install/spacenav/share/spacenav/environment/path.sh
[22.379s] -- Installing: /home/solverbot/final_limo/install/spacenav/share/spacenav/environment/path.dsv
[22.379s] -- Installing: /home/solverbot/final_limo/install/spacenav/share/spacenav/local_setup.bash
[22.379s] -- Installing: /home/solverbot/final_limo/install/spacenav/share/spacenav/local_setup.sh
[22.380s] -- Installing: /home/solverbot/final_limo/install/spacenav/share/spacenav/local_setup.zsh
[22.382s] -- Installing: /home/solverbot/final_limo/install/spacenav/share/spacenav/local_setup.dsv
[22.382s] -- Installing: /home/solverbot/final_limo/install/spacenav/share/spacenav/package.dsv
[22.384s] -- Installing: /home/solverbot/final_limo/install/spacenav/share/ament_index/resource_index/packages/spacenav
[22.384s] -- Installing: /home/solverbot/final_limo/install/spacenav/share/ament_index/resource_index/rclcpp_components/spacenav
[22.385s] -- Installing: /home/solverbot/final_limo/install/spacenav/share/spacenav/cmake/export_spacenavExport.cmake
[22.386s] -- Installing: /home/solverbot/final_limo/install/spacenav/share/spacenav/cmake/export_spacenavExport-noconfig.cmake
[22.386s] -- Installing: /home/solverbot/final_limo/install/spacenav/share/spacenav/cmake/ament_cmake_export_targets-extras.cmake
[22.386s] -- Installing: /home/solverbot/final_limo/install/spacenav/share/spacenav/cmake/spacenavConfig.cmake
[22.386s] -- Installing: /home/solverbot/final_limo/install/spacenav/share/spacenav/cmake/spacenavConfig-version.cmake
[22.386s] -- Installing: /home/solverbot/final_limo/install/spacenav/share/spacenav/package.xml
[22.406s] Invoked command in '/home/solverbot/final_limo/build/spacenav' returned '0': CMAKE_PREFIX_PATH=${CMAKE_PREFIX_PATH}:/home/solverbot/final_limo/install/voice_control:/home/solverbot/final_limo/install/p9n_bringup:/opt/ros/humble /usr/bin/cmake --install /home/solverbot/final_limo/build/spacenav
