[0.013s] Invoking command in '/home/solverbot/final_limo/build/joy': CMAKE_PREFIX_PATH=/home/solverbot/final_limo/install/sdl2_vendor:/home/solverbot/final_limo/install/ydlidar_sdk:/home/solverbot/final_limo/install/ydlidar_ros2_driver:/home/solverbot/final_limo/install/wiimote:/home/solverbot/final_limo/install/wiimote_msgs:/home/solverbot/final_limo/install/urg_node2:/home/solverbot/final_limo/install/spacenav:/home/solverbot/final_limo/install/p9n:/home/solverbot/final_limo/install/p9n_test:/home/solverbot/final_limo/install/p9n_node:/home/solverbot/final_limo/install/p9n_example:/home/solverbot/final_limo/install/limo_joystick:/home/solverbot/final_limo/install/joy:/home/solverbot/final_limo/install/rf2o_laser_odometry:/home/solverbot/final_limo/install/p9n_interface:/home/solverbot/final_limo/install/limo_bringup:/home/solverbot/final_limo/install/limo_base:/home/solverbot/final_limo/install/limo_msgs:/home/solverbot/final_limo/install/limo_description:/home/solverbot/final_limo/install/joy_linux:/home/solverbot/final_limo/install/voice_control:/home/solverbot/final_limo/install/p9n_bringup:/opt/ros/humble /usr/bin/cmake /home/solverbot/final_limo/src/joystick_drivers/joy -DCMAKE_INSTALL_PREFIX=/home/solverbot/final_limo/install/joy
[0.108s] -- The C compiler identification is GNU 11.4.0
[0.196s] -- The CXX compiler identification is GNU 11.4.0
[0.208s] -- Detecting C compiler ABI info
[0.309s] -- Detecting C compiler ABI info - done
[0.320s] -- Check for working C compiler: /usr/bin/cc - skipped
[0.321s] -- Detecting C compile features
[0.321s] -- Detecting C compile features - done
[0.326s] -- Detecting CXX compiler ABI info
[0.445s] -- Detecting CXX compiler ABI info - done
[0.467s] -- Check for working CXX compiler: /usr/bin/c++ - skipped
[0.467s] -- Detecting CXX compile features
[0.468s] -- Detecting CXX compile features - done
[0.479s] -- Found ament_cmake_ros: 0.10.0 (/opt/ros/humble/share/ament_cmake_ros/cmake)
[2.029s] -- Found Python3: /usr/bin/python3 (found version "3.10.12") found components: Interpreter 
[2.236s] -- Found rclcpp: 16.0.14 (/opt/ros/humble/share/rclcpp/cmake)
[2.372s] -- Found rosidl_generator_c: 3.1.7 (/opt/ros/humble/share/rosidl_generator_c/cmake)
[2.389s] -- Found rosidl_adapter: 3.1.7 (/opt/ros/humble/share/rosidl_adapter/cmake)
[2.420s] -- Found rosidl_generator_cpp: 3.1.7 (/opt/ros/humble/share/rosidl_generator_cpp/cmake)
[2.463s] -- Using all available rosidl_typesupport_c: rosidl_typesupport_fastrtps_c;rosidl_typesupport_introspection_c
[2.523s] -- Using all available rosidl_typesupport_cpp: rosidl_typesupport_fastrtps_cpp;rosidl_typesupport_introspection_cpp
[2.721s] -- Found rmw_implementation_cmake: 6.1.2 (/opt/ros/humble/share/rmw_implementation_cmake/cmake)
[2.730s] -- Found rmw_cyclonedds_cpp: 1.3.4 (/opt/ros/humble/share/rmw_cyclonedds_cpp/cmake)
[2.814s] -- Using RMW implementation 'rmw_cyclonedds_cpp' as default
[2.843s] -- Looking for pthread.h
[3.124s] -- Looking for pthread.h - found
[3.124s] -- Performing Test CMAKE_HAVE_LIBC_PTHREAD
[3.450s] -- Performing Test CMAKE_HAVE_LIBC_PTHREAD - Success
[3.450s] -- Found Threads: TRUE  
[3.589s] -- Found rclcpp_components: 16.0.14 (/opt/ros/humble/share/rclcpp_components/cmake)
[3.672s] -- Found sdl2_vendor: 3.3.0 (/home/solverbot/final_limo/install/sdl2_vendor/share/sdl2_vendor/cmake)
[3.678s] -- Found sensor_msgs: 4.9.0 (/opt/ros/humble/share/sensor_msgs/cmake)
[3.789s] -- Found ament_lint_auto: 0.12.14 (/opt/ros/humble/share/ament_lint_auto/cmake)
[4.037s] -- Added test 'cppcheck' to perform static code analysis on C / C++ code
[4.038s] -- Configured cppcheck include dirs: $<BUILD_INTERFACE:/home/solverbot/final_limo/src/joystick_drivers/joy/include>
[4.038s] -- Configured cppcheck exclude dirs and/or files: 
[4.041s] -- Added test 'cpplint' to check C / C++ code against the Google style
[4.043s] -- Configured cpplint exclude dirs and/or files: 
[4.045s] -- Added test 'flake8' to check Python code syntax and style conventions
[4.051s] -- Added test 'lint_cmake' to check CMake code style
[4.055s] -- Added test 'pep257' to check Python code against some of the docstring style conventions in PEP 257
[4.064s] -- Added test 'uncrustify' to check C / C++ code style
[4.064s] -- Configured uncrustify additional arguments: 
[4.066s] -- Added test 'xmllint' to check XML markup files
[4.075s] -- Configuring done
[4.176s] -- Generating done
[4.214s] -- Build files have been written to: /home/solverbot/final_limo/build/joy
[4.253s] Invoked command in '/home/solverbot/final_limo/build/joy' returned '0': CMAKE_PREFIX_PATH=/home/solverbot/final_limo/install/sdl2_vendor:/home/solverbot/final_limo/install/ydlidar_sdk:/home/solverbot/final_limo/install/ydlidar_ros2_driver:/home/solverbot/final_limo/install/wiimote:/home/solverbot/final_limo/install/wiimote_msgs:/home/solverbot/final_limo/install/urg_node2:/home/solverbot/final_limo/install/spacenav:/home/solverbot/final_limo/install/p9n:/home/solverbot/final_limo/install/p9n_test:/home/solverbot/final_limo/install/p9n_node:/home/solverbot/final_limo/install/p9n_example:/home/solverbot/final_limo/install/limo_joystick:/home/solverbot/final_limo/install/joy:/home/solverbot/final_limo/install/rf2o_laser_odometry:/home/solverbot/final_limo/install/p9n_interface:/home/solverbot/final_limo/install/limo_bringup:/home/solverbot/final_limo/install/limo_base:/home/solverbot/final_limo/install/limo_msgs:/home/solverbot/final_limo/install/limo_description:/home/solverbot/final_limo/install/joy_linux:/home/solverbot/final_limo/install/voice_control:/home/solverbot/final_limo/install/p9n_bringup:/opt/ros/humble /usr/bin/cmake /home/solverbot/final_limo/src/joystick_drivers/joy -DCMAKE_INSTALL_PREFIX=/home/solverbot/final_limo/install/joy
[4.253s] Invoking command in '/home/solverbot/final_limo/build/joy': CMAKE_PREFIX_PATH=/home/solverbot/final_limo/install/sdl2_vendor:/home/solverbot/final_limo/install/ydlidar_sdk:/home/solverbot/final_limo/install/ydlidar_ros2_driver:/home/solverbot/final_limo/install/wiimote:/home/solverbot/final_limo/install/wiimote_msgs:/home/solverbot/final_limo/install/urg_node2:/home/solverbot/final_limo/install/spacenav:/home/solverbot/final_limo/install/p9n:/home/solverbot/final_limo/install/p9n_test:/home/solverbot/final_limo/install/p9n_node:/home/solverbot/final_limo/install/p9n_example:/home/solverbot/final_limo/install/limo_joystick:/home/solverbot/final_limo/install/joy:/home/solverbot/final_limo/install/rf2o_laser_odometry:/home/solverbot/final_limo/install/p9n_interface:/home/solverbot/final_limo/install/limo_bringup:/home/solverbot/final_limo/install/limo_base:/home/solverbot/final_limo/install/limo_msgs:/home/solverbot/final_limo/install/limo_description:/home/solverbot/final_limo/install/joy_linux:/home/solverbot/final_limo/install/voice_control:/home/solverbot/final_limo/install/p9n_bringup:/opt/ros/humble /usr/bin/cmake --build /home/solverbot/final_limo/build/joy -- -j4 -l4
[4.420s] [ 10%] [32mBuilding CXX object CMakeFiles/joy_node.dir/rclcpp_components/node_main_joy_node.cpp.o[0m
[4.426s] [ 20%] [32mBuilding CXX object CMakeFiles/joy.dir/src/joy.cpp.o[0m
[4.444s] [ 30%] [32mBuilding CXX object CMakeFiles/game_controller_node.dir/rclcpp_components/node_main_game_controller_node.cpp.o[0m
[4.445s] [ 40%] [32mBuilding CXX object CMakeFiles/game_controller.dir/src/game_controller.cpp.o[0m
[17.898s] [ 50%] [32m[1mLinking CXX executable joy_node[0m
[18.265s] [ 50%] Built target joy_node
[18.326s] [ 60%] [32mBuilding CXX object CMakeFiles/joy_enumerate_devices.dir/src/joy_enumerate_devices.cpp.o[0m
[18.856s] [ 70%] [32m[1mLinking CXX executable game_controller_node[0m
[19.126s] [ 70%] Built target game_controller_node
[19.464s] [ 80%] [32m[1mLinking CXX executable joy_enumerate_devices[0m
[19.699s] [ 80%] Built target joy_enumerate_devices
[31.827s] [ 90%] [32m[1mLinking CXX shared library libjoy.so[0m
[33.425s] [ 90%] Built target joy
[34.252s] [100%] [32m[1mLinking CXX shared library libgame_controller.so[0m
[35.925s] [100%] Built target game_controller
[35.955s] Invoked command in '/home/solverbot/final_limo/build/joy' returned '0': CMAKE_PREFIX_PATH=/home/solverbot/final_limo/install/sdl2_vendor:/home/solverbot/final_limo/install/ydlidar_sdk:/home/solverbot/final_limo/install/ydlidar_ros2_driver:/home/solverbot/final_limo/install/wiimote:/home/solverbot/final_limo/install/wiimote_msgs:/home/solverbot/final_limo/install/urg_node2:/home/solverbot/final_limo/install/spacenav:/home/solverbot/final_limo/install/p9n:/home/solverbot/final_limo/install/p9n_test:/home/solverbot/final_limo/install/p9n_node:/home/solverbot/final_limo/install/p9n_example:/home/solverbot/final_limo/install/limo_joystick:/home/solverbot/final_limo/install/joy:/home/solverbot/final_limo/install/rf2o_laser_odometry:/home/solverbot/final_limo/install/p9n_interface:/home/solverbot/final_limo/install/limo_bringup:/home/solverbot/final_limo/install/limo_base:/home/solverbot/final_limo/install/limo_msgs:/home/solverbot/final_limo/install/limo_description:/home/solverbot/final_limo/install/joy_linux:/home/solverbot/final_limo/install/voice_control:/home/solverbot/final_limo/install/p9n_bringup:/opt/ros/humble /usr/bin/cmake --build /home/solverbot/final_limo/build/joy -- -j4 -l4
[35.956s] Invoking command in '/home/solverbot/final_limo/build/joy': CMAKE_PREFIX_PATH=/home/solverbot/final_limo/install/sdl2_vendor:/home/solverbot/final_limo/install/ydlidar_sdk:/home/solverbot/final_limo/install/ydlidar_ros2_driver:/home/solverbot/final_limo/install/wiimote:/home/solverbot/final_limo/install/wiimote_msgs:/home/solverbot/final_limo/install/urg_node2:/home/solverbot/final_limo/install/spacenav:/home/solverbot/final_limo/install/p9n:/home/solverbot/final_limo/install/p9n_test:/home/solverbot/final_limo/install/p9n_node:/home/solverbot/final_limo/install/p9n_example:/home/solverbot/final_limo/install/limo_joystick:/home/solverbot/final_limo/install/joy:/home/solverbot/final_limo/install/rf2o_laser_odometry:/home/solverbot/final_limo/install/p9n_interface:/home/solverbot/final_limo/install/limo_bringup:/home/solverbot/final_limo/install/limo_base:/home/solverbot/final_limo/install/limo_msgs:/home/solverbot/final_limo/install/limo_description:/home/solverbot/final_limo/install/joy_linux:/home/solverbot/final_limo/install/voice_control:/home/solverbot/final_limo/install/p9n_bringup:/opt/ros/humble /usr/bin/cmake --install /home/solverbot/final_limo/build/joy
[35.976s] -- Install configuration: ""
[35.977s] -- Installing: /home/solverbot/final_limo/install/joy/lib/libjoy.so
[35.994s] -- Set runtime path of "/home/solverbot/final_limo/install/joy/lib/libjoy.so" to ""
[35.995s] -- Installing: /home/solverbot/final_limo/install/joy/lib/joy/joy_node
[35.995s] -- Set runtime path of "/home/solverbot/final_limo/install/joy/lib/joy/joy_node" to ""
[35.995s] -- Installing: /home/solverbot/final_limo/install/joy/lib/libgame_controller.so
[36.006s] -- Set runtime path of "/home/solverbot/final_limo/install/joy/lib/libgame_controller.so" to ""
[36.006s] -- Installing: /home/solverbot/final_limo/install/joy/lib/joy/game_controller_node
[36.010s] -- Set runtime path of "/home/solverbot/final_limo/install/joy/lib/joy/game_controller_node" to ""
[36.011s] -- Installing: /home/solverbot/final_limo/install/joy/lib/joy/joy_enumerate_devices
[36.011s] -- Installing: /home/solverbot/final_limo/install/joy/include/joy
[36.011s] -- Installing: /home/solverbot/final_limo/install/joy/include/joy/joy
[36.011s] -- Installing: /home/solverbot/final_limo/install/joy/include/joy/joy/joy.hpp
[36.012s] -- Installing: /home/solverbot/final_limo/install/joy/include/joy/joy/game_controller.hpp
[36.012s] -- Installing: /home/solverbot/final_limo/install/joy/share/joy/config
[36.012s] -- Installing: /home/solverbot/final_limo/install/joy/share/joy/config/joy-params.yaml
[36.014s] -- Installing: /home/solverbot/final_limo/install/joy/share/joy/launch
[36.014s] -- Installing: /home/solverbot/final_limo/install/joy/share/joy/launch/joy-composed-launch.py
[36.014s] -- Installing: /home/solverbot/final_limo/install/joy/share/joy/launch/joy-launch.py
[36.020s] -- Installing: /home/solverbot/final_limo/install/joy/share/ament_index/resource_index/package_run_dependencies/joy
[36.020s] -- Installing: /home/solverbot/final_limo/install/joy/share/ament_index/resource_index/parent_prefix_path/joy
[36.020s] -- Installing: /home/solverbot/final_limo/install/joy/share/joy/environment/ament_prefix_path.sh
[36.020s] -- Installing: /home/solverbot/final_limo/install/joy/share/joy/environment/ament_prefix_path.dsv
[36.020s] -- Installing: /home/solverbot/final_limo/install/joy/share/joy/environment/path.sh
[36.020s] -- Installing: /home/solverbot/final_limo/install/joy/share/joy/environment/path.dsv
[36.020s] -- Installing: /home/solverbot/final_limo/install/joy/share/joy/local_setup.bash
[36.021s] -- Installing: /home/solverbot/final_limo/install/joy/share/joy/local_setup.sh
[36.021s] -- Installing: /home/solverbot/final_limo/install/joy/share/joy/local_setup.zsh
[36.021s] -- Installing: /home/solverbot/final_limo/install/joy/share/joy/local_setup.dsv
[36.021s] -- Installing: /home/solverbot/final_limo/install/joy/share/joy/package.dsv
[36.022s] -- Installing: /home/solverbot/final_limo/install/joy/share/ament_index/resource_index/packages/joy
[36.022s] -- Installing: /home/solverbot/final_limo/install/joy/share/ament_index/resource_index/rclcpp_components/joy
[36.027s] -- Installing: /home/solverbot/final_limo/install/joy/share/joy/cmake/export_joyExport.cmake
[36.027s] -- Installing: /home/solverbot/final_limo/install/joy/share/joy/cmake/export_joyExport-noconfig.cmake
[36.027s] -- Installing: /home/solverbot/final_limo/install/joy/share/joy/cmake/export_game_controllerExport.cmake
[36.027s] -- Installing: /home/solverbot/final_limo/install/joy/share/joy/cmake/export_game_controllerExport-noconfig.cmake
[36.027s] -- Installing: /home/solverbot/final_limo/install/joy/share/joy/cmake/ament_cmake_export_targets-extras.cmake
[36.027s] -- Installing: /home/solverbot/final_limo/install/joy/share/joy/cmake/ament_cmake_export_dependencies-extras.cmake
[36.027s] -- Installing: /home/solverbot/final_limo/install/joy/share/joy/cmake/joyConfig.cmake
[36.027s] -- Installing: /home/solverbot/final_limo/install/joy/share/joy/cmake/joyConfig-version.cmake
[36.028s] -- Installing: /home/solverbot/final_limo/install/joy/share/joy/package.xml
[36.033s] Invoked command in '/home/solverbot/final_limo/build/joy' returned '0': CMAKE_PREFIX_PATH=/home/solverbot/final_limo/install/sdl2_vendor:/home/solverbot/final_limo/install/ydlidar_sdk:/home/solverbot/final_limo/install/ydlidar_ros2_driver:/home/solverbot/final_limo/install/wiimote:/home/solverbot/final_limo/install/wiimote_msgs:/home/solverbot/final_limo/install/urg_node2:/home/solverbot/final_limo/install/spacenav:/home/solverbot/final_limo/install/p9n:/home/solverbot/final_limo/install/p9n_test:/home/solverbot/final_limo/install/p9n_node:/home/solverbot/final_limo/install/p9n_example:/home/solverbot/final_limo/install/limo_joystick:/home/solverbot/final_limo/install/joy:/home/solverbot/final_limo/install/rf2o_laser_odometry:/home/solverbot/final_limo/install/p9n_interface:/home/solverbot/final_limo/install/limo_bringup:/home/solverbot/final_limo/install/limo_base:/home/solverbot/final_limo/install/limo_msgs:/home/solverbot/final_limo/install/limo_description:/home/solverbot/final_limo/install/joy_linux:/home/solverbot/final_limo/install/voice_control:/home/solverbot/final_limo/install/p9n_bringup:/opt/ros/humble /usr/bin/cmake --install /home/solverbot/final_limo/build/joy
