[0.020s] Invoking command in '/home/solverbot/final_limo/build/limo_msgs': CMAKE_PREFIX_PATH=${CMAKE_PREFIX_PATH}:/home/solverbot/final_limo/install/voice_control:/home/solverbot/final_limo/install/p9n_bringup:/opt/ros/humble /usr/bin/cmake /home/solverbot/final_limo/src/limo_ros2/limo_msgs -DCMAKE_INSTALL_PREFIX=/home/solverbot/final_limo/install/limo_msgs
[0.103s] -- The C compiler identification is GNU 11.4.0
[0.195s] -- The CXX compiler identification is GNU 11.4.0
[0.219s] -- Detecting C compiler ABI info
[0.322s] -- Detecting C compiler ABI info - done
[0.337s] -- Check for working C compiler: /usr/bin/cc - skipped
[0.338s] -- Detecting C compile features
[0.338s] -- Detecting C compile features - done
[0.343s] -- Detecting CXX compiler ABI info
[0.451s] -- Detecting CXX compiler ABI info - done
[0.466s] -- Check for working CXX compiler: /usr/bin/c++ - skipped
[0.466s] -- Detecting CXX compile features
[0.469s] -- Detecting CXX compile features - done
[0.472s] -- Found ament_cmake: 1.3.12 (/opt/ros/humble/share/ament_cmake/cmake)
[1.677s] -- Found Python3: /usr/bin/python3 (found version "3.10.12") found components: Interpreter 
[1.824s] -- Found std_msgs: 4.9.0 (/opt/ros/humble/share/std_msgs/cmake)
[1.886s] -- Found rosidl_generator_c: 3.1.7 (/opt/ros/humble/share/rosidl_generator_c/cmake)
[1.895s] -- Found rosidl_adapter: 3.1.7 (/opt/ros/humble/share/rosidl_adapter/cmake)
[1.908s] -- Found rosidl_generator_cpp: 3.1.7 (/opt/ros/humble/share/rosidl_generator_cpp/cmake)
[1.930s] -- Using all available rosidl_typesupport_c: rosidl_typesupport_fastrtps_c;rosidl_typesupport_introspection_c
[1.958s] -- Using all available rosidl_typesupport_cpp: rosidl_typesupport_fastrtps_cpp;rosidl_typesupport_introspection_cpp
[2.001s] -- Found rosidl_default_generators: 1.2.0 (/opt/ros/humble/share/rosidl_default_generators/cmake)
[2.459s] -- Found ament_cmake_ros: 0.10.0 (/opt/ros/humble/share/ament_cmake_ros/cmake)
[3.192s] -- Using all available rosidl_typesupport_c: rosidl_typesupport_fastrtps_c;rosidl_typesupport_introspection_c
[3.487s] -- Using all available rosidl_typesupport_cpp: rosidl_typesupport_fastrtps_cpp;rosidl_typesupport_introspection_cpp
[3.526s] -- Found PythonInterp: /usr/bin/python3 (found suitable version "3.10.12", minimum required is "3.6") 
[3.529s] -- Found python_cmake_module: 0.10.0 (/opt/ros/humble/share/python_cmake_module/cmake)
[3.577s] -- Found PythonLibs: /usr/lib/x86_64-linux-gnu/libpython3.10.so (found suitable version "3.10.12", minimum required is "3.5") 
[3.577s] -- Using PYTHON_EXECUTABLE: /usr/bin/python3
[3.578s] -- Using PYTHON_INCLUDE_DIRS: /usr/include/python3.10
[3.578s] -- Using PYTHON_LIBRARIES: /usr/lib/x86_64-linux-gnu/libpython3.10.so
[3.612s] -- Found PythonExtra: .so  
[3.721s] -- Found ament_lint_auto: 0.12.14 (/opt/ros/humble/share/ament_lint_auto/cmake)
[3.761s] -- Added test 'copyright' to check source files copyright and LICENSE
[3.763s] -- Added test 'lint_cmake' to check CMake code style
[3.766s] -- Added test 'xmllint' to check XML markup files
[3.770s] -- Configuring done
[3.818s] -- Generating done
[3.843s] -- Build files have been written to: /home/solverbot/final_limo/build/limo_msgs
[3.854s] Invoked command in '/home/solverbot/final_limo/build/limo_msgs' returned '0': CMAKE_PREFIX_PATH=${CMAKE_PREFIX_PATH}:/home/solverbot/final_limo/install/voice_control:/home/solverbot/final_limo/install/p9n_bringup:/opt/ros/humble /usr/bin/cmake /home/solverbot/final_limo/src/limo_ros2/limo_msgs -DCMAKE_INSTALL_PREFIX=/home/solverbot/final_limo/install/limo_msgs
[3.859s] Invoking command in '/home/solverbot/final_limo/build/limo_msgs': CMAKE_PREFIX_PATH=${CMAKE_PREFIX_PATH}:/home/solverbot/final_limo/install/voice_control:/home/solverbot/final_limo/install/p9n_bringup:/opt/ros/humble /usr/bin/cmake --build /home/solverbot/final_limo/build/limo_msgs -- -j4 -l4
[3.930s] [  3%] [34m[1mGenerating C code for ROS interfaces[0m
[3.961s] [  6%] [34m[1mGenerating C++ code for ROS interfaces[0m
[3.992s] [  6%] Built target ament_cmake_python_copy_limo_msgs
[4.604s] [  9%] [32mBuilding C object CMakeFiles/limo_msgs__rosidl_generator_c.dir/rosidl_generator_c/limo_msgs/msg/detail/limo_status__functions.c.o[0m
[4.809s] [ 12%] [32m[1mLinking C shared library liblimo_msgs__rosidl_generator_c.so[0m
[4.937s] [ 12%] Built target limo_msgs__rosidl_generator_c
[4.964s] [ 16%] [34m[1mGenerating C type support for eProsima Fast-RTPS[0m
[4.994s] [ 16%] Built target limo_msgs__cpp
[5.000s] [ 19%] [34m[1mGenerating C introspection for ROS interfaces[0m
[5.052s] [ 22%] [34m[1mGenerating C type support dispatch for ROS interfaces[0m
[5.222s] running egg_info
[5.232s] creating limo_msgs.egg-info
[5.344s] writing limo_msgs.egg-info/PKG-INFO
[5.345s] writing dependency_links to limo_msgs.egg-info/dependency_links.txt
[5.350s] writing top-level names to limo_msgs.egg-info/top_level.txt
[5.350s] writing manifest file 'limo_msgs.egg-info/SOURCES.txt'
[5.476s] [ 25%] [32mBuilding CXX object CMakeFiles/limo_msgs__rosidl_typesupport_c.dir/rosidl_typesupport_c/limo_msgs/msg/limo_status__type_support.cpp.o[0m
[5.576s] [ 29%] [32m[1mLinking CXX shared library liblimo_msgs__rosidl_typesupport_c.so[0m
[5.640s] reading manifest file 'limo_msgs.egg-info/SOURCES.txt'
[5.647s] writing manifest file 'limo_msgs.egg-info/SOURCES.txt'
[5.698s] [ 29%] Built target limo_msgs__rosidl_typesupport_c
[5.725s] [ 32%] [34m[1mGenerating C++ introspection for ROS interfaces[0m
[5.872s] [ 32%] Built target ament_cmake_python_build_limo_msgs_egg
[5.911s] [ 35%] [34m[1mGenerating C++ type support dispatch for ROS interfaces[0m
[6.214s] [ 38%] [32mBuilding C object CMakeFiles/limo_msgs__rosidl_typesupport_introspection_c.dir/rosidl_typesupport_introspection_c/limo_msgs/msg/detail/limo_status__type_support.c.o[0m
[6.234s] [ 41%] [32mBuilding CXX object CMakeFiles/limo_msgs__rosidl_typesupport_fastrtps_c.dir/rosidl_typesupport_fastrtps_c/limo_msgs/msg/detail/limo_status__type_support_c.cpp.o[0m
[6.273s] [ 45%] [32mBuilding CXX object CMakeFiles/limo_msgs__rosidl_typesupport_introspection_cpp.dir/rosidl_typesupport_introspection_cpp/limo_msgs/msg/detail/limo_status__type_support.cpp.o[0m
[6.321s] [ 48%] [32m[1mLinking C shared library liblimo_msgs__rosidl_typesupport_introspection_c.so[0m
[6.456s] [ 48%] Built target limo_msgs__rosidl_typesupport_introspection_c
[6.491s] [ 51%] [34m[1mGenerating C++ type support for eProsima Fast-RTPS[0m
[6.598s] [ 54%] [32mBuilding CXX object CMakeFiles/limo_msgs__rosidl_typesupport_cpp.dir/rosidl_typesupport_cpp/limo_msgs/msg/limo_status__type_support.cpp.o[0m
[7.385s] [ 58%] [32m[1mLinking CXX shared library liblimo_msgs__rosidl_typesupport_fastrtps_c.so[0m
[7.656s] [ 58%] Built target limo_msgs__rosidl_typesupport_fastrtps_c
[7.831s] [ 61%] [32mBuilding CXX object CMakeFiles/limo_msgs__rosidl_typesupport_fastrtps_cpp.dir/rosidl_typesupport_fastrtps_cpp/limo_msgs/msg/detail/dds_fastrtps/limo_status__type_support.cpp.o[0m
[7.873s] [ 64%] [32m[1mLinking CXX shared library liblimo_msgs__rosidl_typesupport_cpp.so[0m
[7.954s] [ 67%] [32m[1mLinking CXX shared library liblimo_msgs__rosidl_typesupport_introspection_cpp.so[0m
[8.002s] [ 67%] Built target limo_msgs__rosidl_typesupport_cpp
[8.062s] [ 67%] Built target limo_msgs__rosidl_typesupport_introspection_cpp
[9.439s] [ 70%] [32m[1mLinking CXX shared library liblimo_msgs__rosidl_typesupport_fastrtps_cpp.so[0m
[9.813s] [ 70%] Built target limo_msgs__rosidl_typesupport_fastrtps_cpp
[9.894s] [ 70%] Built target limo_msgs
[9.988s] [ 74%] [34m[1mGenerating Python code for ROS interfaces[0m
[11.706s] [ 74%] Built target limo_msgs__py
[11.807s] [ 77%] [32mBuilding C object CMakeFiles/limo_msgs__rosidl_generator_py.dir/rosidl_generator_py/limo_msgs/msg/_limo_status_s.c.o[0m
[12.057s] [ 80%] [32m[1mLinking C shared library rosidl_generator_py/limo_msgs/liblimo_msgs__rosidl_generator_py.so[0m
[12.186s] [ 80%] Built target limo_msgs__rosidl_generator_py
[12.277s] [ 83%] [32mBuilding C object CMakeFiles/limo_msgs__rosidl_typesupport_c__pyext.dir/rosidl_generator_py/limo_msgs/_limo_msgs_s.ep.rosidl_typesupport_c.c.o[0m
[12.305s] [ 87%] [32mBuilding C object CMakeFiles/limo_msgs__rosidl_typesupport_fastrtps_c__pyext.dir/rosidl_generator_py/limo_msgs/_limo_msgs_s.ep.rosidl_typesupport_fastrtps_c.c.o[0m
[12.305s] [ 90%] [32mBuilding C object CMakeFiles/limo_msgs__rosidl_typesupport_introspection_c__pyext.dir/rosidl_generator_py/limo_msgs/_limo_msgs_s.ep.rosidl_typesupport_introspection_c.c.o[0m
[12.804s] [ 93%] [32m[1mLinking C shared library rosidl_generator_py/limo_msgs/limo_msgs_s__rosidl_typesupport_c.cpython-310-x86_64-linux-gnu.so[0m
[12.821s] [ 96%] [32m[1mLinking C shared library rosidl_generator_py/limo_msgs/limo_msgs_s__rosidl_typesupport_fastrtps_c.cpython-310-x86_64-linux-gnu.so[0m
[12.867s] [100%] [32m[1mLinking C shared library rosidl_generator_py/limo_msgs/limo_msgs_s__rosidl_typesupport_introspection_c.cpython-310-x86_64-linux-gnu.so[0m
[12.961s] [100%] Built target limo_msgs__rosidl_typesupport_c__pyext
[13.009s] [100%] Built target limo_msgs__rosidl_typesupport_fastrtps_c__pyext
[13.068s] [100%] Built target limo_msgs__rosidl_typesupport_introspection_c__pyext
[13.118s] Invoked command in '/home/solverbot/final_limo/build/limo_msgs' returned '0': CMAKE_PREFIX_PATH=${CMAKE_PREFIX_PATH}:/home/solverbot/final_limo/install/voice_control:/home/solverbot/final_limo/install/p9n_bringup:/opt/ros/humble /usr/bin/cmake --build /home/solverbot/final_limo/build/limo_msgs -- -j4 -l4
[13.118s] Invoking command in '/home/solverbot/final_limo/build/limo_msgs': CMAKE_PREFIX_PATH=${CMAKE_PREFIX_PATH}:/home/solverbot/final_limo/install/voice_control:/home/solverbot/final_limo/install/p9n_bringup:/opt/ros/humble /usr/bin/cmake --install /home/solverbot/final_limo/build/limo_msgs
[13.143s] -- Install configuration: ""
[13.149s] -- Installing: /home/solverbot/final_limo/install/limo_msgs/share/ament_index/resource_index/rosidl_interfaces/limo_msgs
[13.149s] -- Installing: /home/solverbot/final_limo/install/limo_msgs/include/limo_msgs/limo_msgs
[13.150s] -- Installing: /home/solverbot/final_limo/install/limo_msgs/include/limo_msgs/limo_msgs/msg
[13.150s] -- Installing: /home/solverbot/final_limo/install/limo_msgs/include/limo_msgs/limo_msgs/msg/limo_status.h
[13.151s] -- Installing: /home/solverbot/final_limo/install/limo_msgs/include/limo_msgs/limo_msgs/msg/detail
[13.151s] -- Installing: /home/solverbot/final_limo/install/limo_msgs/include/limo_msgs/limo_msgs/msg/detail/limo_status__type_support.h
[13.151s] -- Installing: /home/solverbot/final_limo/install/limo_msgs/include/limo_msgs/limo_msgs/msg/detail/limo_status__struct.h
[13.151s] -- Installing: /home/solverbot/final_limo/install/limo_msgs/include/limo_msgs/limo_msgs/msg/detail/limo_status__functions.h
[13.151s] -- Installing: /home/solverbot/final_limo/install/limo_msgs/include/limo_msgs/limo_msgs/msg/detail/limo_status__functions.c
[13.152s] -- Installing: /home/solverbot/final_limo/install/limo_msgs/include/limo_msgs/limo_msgs/msg/rosidl_generator_c__visibility_control.h
[13.159s] -- Installing: /home/solverbot/final_limo/install/limo_msgs/share/limo_msgs/environment/library_path.sh
[13.159s] -- Installing: /home/solverbot/final_limo/install/limo_msgs/share/limo_msgs/environment/library_path.dsv
[13.159s] -- Installing: /home/solverbot/final_limo/install/limo_msgs/lib/liblimo_msgs__rosidl_generator_c.so
[13.159s] -- Set runtime path of "/home/solverbot/final_limo/install/limo_msgs/lib/liblimo_msgs__rosidl_generator_c.so" to ""
[13.159s] -- Up-to-date: /home/solverbot/final_limo/install/limo_msgs/include/limo_msgs/limo_msgs
[13.159s] -- Up-to-date: /home/solverbot/final_limo/install/limo_msgs/include/limo_msgs/limo_msgs/msg
[13.160s] -- Up-to-date: /home/solverbot/final_limo/install/limo_msgs/include/limo_msgs/limo_msgs/msg/detail
[13.160s] -- Installing: /home/solverbot/final_limo/install/limo_msgs/include/limo_msgs/limo_msgs/msg/detail/limo_status__rosidl_typesupport_fastrtps_c.h
[13.160s] -- Installing: /home/solverbot/final_limo/install/limo_msgs/include/limo_msgs/limo_msgs/msg/rosidl_typesupport_fastrtps_c__visibility_control.h
[13.160s] -- Installing: /home/solverbot/final_limo/install/limo_msgs/lib/liblimo_msgs__rosidl_typesupport_fastrtps_c.so
[13.160s] -- Set runtime path of "/home/solverbot/final_limo/install/limo_msgs/lib/liblimo_msgs__rosidl_typesupport_fastrtps_c.so" to ""
[13.160s] -- Up-to-date: /home/solverbot/final_limo/install/limo_msgs/include/limo_msgs/limo_msgs
[13.161s] -- Up-to-date: /home/solverbot/final_limo/install/limo_msgs/include/limo_msgs/limo_msgs/msg
[13.161s] -- Up-to-date: /home/solverbot/final_limo/install/limo_msgs/include/limo_msgs/limo_msgs/msg/detail
[13.161s] -- Installing: /home/solverbot/final_limo/install/limo_msgs/include/limo_msgs/limo_msgs/msg/detail/limo_status__struct.hpp
[13.170s] -- Installing: /home/solverbot/final_limo/install/limo_msgs/include/limo_msgs/limo_msgs/msg/detail/limo_status__traits.hpp
[13.170s] -- Installing: /home/solverbot/final_limo/install/limo_msgs/include/limo_msgs/limo_msgs/msg/detail/limo_status__type_support.hpp
[13.170s] -- Installing: /home/solverbot/final_limo/install/limo_msgs/include/limo_msgs/limo_msgs/msg/detail/limo_status__builder.hpp
[13.170s] -- Installing: /home/solverbot/final_limo/install/limo_msgs/include/limo_msgs/limo_msgs/msg/rosidl_generator_cpp__visibility_control.hpp
[13.171s] -- Installing: /home/solverbot/final_limo/install/limo_msgs/include/limo_msgs/limo_msgs/msg/limo_status.hpp
[13.171s] -- Up-to-date: /home/solverbot/final_limo/install/limo_msgs/include/limo_msgs/limo_msgs
[13.171s] -- Up-to-date: /home/solverbot/final_limo/install/limo_msgs/include/limo_msgs/limo_msgs/msg
[13.171s] -- Installing: /home/solverbot/final_limo/install/limo_msgs/include/limo_msgs/limo_msgs/msg/rosidl_typesupport_fastrtps_cpp__visibility_control.h
[13.171s] -- Up-to-date: /home/solverbot/final_limo/install/limo_msgs/include/limo_msgs/limo_msgs/msg/detail
[13.172s] -- Installing: /home/solverbot/final_limo/install/limo_msgs/include/limo_msgs/limo_msgs/msg/detail/limo_status__rosidl_typesupport_fastrtps_cpp.hpp
[13.172s] -- Installing: /home/solverbot/final_limo/install/limo_msgs/include/limo_msgs/limo_msgs/msg/detail/dds_fastrtps
[13.172s] -- Installing: /home/solverbot/final_limo/install/limo_msgs/lib/liblimo_msgs__rosidl_typesupport_fastrtps_cpp.so
[13.172s] -- Set runtime path of "/home/solverbot/final_limo/install/limo_msgs/lib/liblimo_msgs__rosidl_typesupport_fastrtps_cpp.so" to ""
[13.172s] -- Up-to-date: /home/solverbot/final_limo/install/limo_msgs/include/limo_msgs/limo_msgs
[13.172s] -- Up-to-date: /home/solverbot/final_limo/install/limo_msgs/include/limo_msgs/limo_msgs/msg
[13.172s] -- Installing: /home/solverbot/final_limo/install/limo_msgs/include/limo_msgs/limo_msgs/msg/rosidl_typesupport_introspection_c__visibility_control.h
[13.172s] -- Up-to-date: /home/solverbot/final_limo/install/limo_msgs/include/limo_msgs/limo_msgs/msg/detail
[13.173s] -- Installing: /home/solverbot/final_limo/install/limo_msgs/include/limo_msgs/limo_msgs/msg/detail/limo_status__rosidl_typesupport_introspection_c.h
[13.173s] -- Installing: /home/solverbot/final_limo/install/limo_msgs/include/limo_msgs/limo_msgs/msg/detail/limo_status__type_support.c
[13.173s] -- Installing: /home/solverbot/final_limo/install/limo_msgs/lib/liblimo_msgs__rosidl_typesupport_introspection_c.so
[13.182s] -- Set runtime path of "/home/solverbot/final_limo/install/limo_msgs/lib/liblimo_msgs__rosidl_typesupport_introspection_c.so" to ""
[13.182s] -- Installing: /home/solverbot/final_limo/install/limo_msgs/lib/liblimo_msgs__rosidl_typesupport_c.so
[13.182s] -- Set runtime path of "/home/solverbot/final_limo/install/limo_msgs/lib/liblimo_msgs__rosidl_typesupport_c.so" to ""
[13.183s] -- Up-to-date: /home/solverbot/final_limo/install/limo_msgs/include/limo_msgs/limo_msgs
[13.183s] -- Up-to-date: /home/solverbot/final_limo/install/limo_msgs/include/limo_msgs/limo_msgs/msg
[13.183s] -- Up-to-date: /home/solverbot/final_limo/install/limo_msgs/include/limo_msgs/limo_msgs/msg/detail
[13.183s] -- Installing: /home/solverbot/final_limo/install/limo_msgs/include/limo_msgs/limo_msgs/msg/detail/limo_status__rosidl_typesupport_introspection_cpp.hpp
[13.183s] -- Installing: /home/solverbot/final_limo/install/limo_msgs/include/limo_msgs/limo_msgs/msg/detail/limo_status__type_support.cpp
[13.183s] -- Installing: /home/solverbot/final_limo/install/limo_msgs/lib/liblimo_msgs__rosidl_typesupport_introspection_cpp.so
[13.184s] -- Set runtime path of "/home/solverbot/final_limo/install/limo_msgs/lib/liblimo_msgs__rosidl_typesupport_introspection_cpp.so" to ""
[13.184s] -- Installing: /home/solverbot/final_limo/install/limo_msgs/lib/liblimo_msgs__rosidl_typesupport_cpp.so
[13.185s] -- Set runtime path of "/home/solverbot/final_limo/install/limo_msgs/lib/liblimo_msgs__rosidl_typesupport_cpp.so" to ""
[13.185s] -- Installing: /home/solverbot/final_limo/install/limo_msgs/share/limo_msgs/environment/pythonpath.sh
[13.185s] -- Installing: /home/solverbot/final_limo/install/limo_msgs/share/limo_msgs/environment/pythonpath.dsv
[13.186s] -- Installing: /home/solverbot/final_limo/install/limo_msgs/local/lib/python3.10/dist-packages/limo_msgs-0.0.0-py3.10.egg-info
[13.190s] -- Installing: /home/solverbot/final_limo/install/limo_msgs/local/lib/python3.10/dist-packages/limo_msgs-0.0.0-py3.10.egg-info/dependency_links.txt
[13.190s] -- Installing: /home/solverbot/final_limo/install/limo_msgs/local/lib/python3.10/dist-packages/limo_msgs-0.0.0-py3.10.egg-info/PKG-INFO
[13.190s] -- Installing: /home/solverbot/final_limo/install/limo_msgs/local/lib/python3.10/dist-packages/limo_msgs-0.0.0-py3.10.egg-info/top_level.txt
[13.190s] -- Installing: /home/solverbot/final_limo/install/limo_msgs/local/lib/python3.10/dist-packages/limo_msgs-0.0.0-py3.10.egg-info/SOURCES.txt
[13.193s] -- Installing: /home/solverbot/final_limo/install/limo_msgs/local/lib/python3.10/dist-packages/limo_msgs
[13.193s] -- Installing: /home/solverbot/final_limo/install/limo_msgs/local/lib/python3.10/dist-packages/limo_msgs/liblimo_msgs__rosidl_generator_py.so
[13.194s] -- Installing: /home/solverbot/final_limo/install/limo_msgs/local/lib/python3.10/dist-packages/limo_msgs/_limo_msgs_s.ep.rosidl_typesupport_introspection_c.c
[13.194s] -- Installing: /home/solverbot/final_limo/install/limo_msgs/local/lib/python3.10/dist-packages/limo_msgs/_limo_msgs_s.ep.rosidl_typesupport_c.c
[13.194s] -- Installing: /home/solverbot/final_limo/install/limo_msgs/local/lib/python3.10/dist-packages/limo_msgs/msg
[13.195s] -- Installing: /home/solverbot/final_limo/install/limo_msgs/local/lib/python3.10/dist-packages/limo_msgs/msg/_limo_status.py
[13.195s] -- Installing: /home/solverbot/final_limo/install/limo_msgs/local/lib/python3.10/dist-packages/limo_msgs/msg/_limo_status_s.c
[13.195s] -- Installing: /home/solverbot/final_limo/install/limo_msgs/local/lib/python3.10/dist-packages/limo_msgs/msg/__init__.py
[13.196s] -- Installing: /home/solverbot/final_limo/install/limo_msgs/local/lib/python3.10/dist-packages/limo_msgs/_limo_msgs_s.ep.rosidl_typesupport_fastrtps_c.c
[13.196s] -- Installing: /home/solverbot/final_limo/install/limo_msgs/local/lib/python3.10/dist-packages/limo_msgs/limo_msgs_s__rosidl_typesupport_c.cpython-310-x86_64-linux-gnu.so
[13.196s] -- Installing: /home/solverbot/final_limo/install/limo_msgs/local/lib/python3.10/dist-packages/limo_msgs/limo_msgs_s__rosidl_typesupport_fastrtps_c.cpython-310-x86_64-linux-gnu.so
[13.203s] -- Installing: /home/solverbot/final_limo/install/limo_msgs/local/lib/python3.10/dist-packages/limo_msgs/limo_msgs_s__rosidl_typesupport_introspection_c.cpython-310-x86_64-linux-gnu.so
[13.204s] -- Installing: /home/solverbot/final_limo/install/limo_msgs/local/lib/python3.10/dist-packages/limo_msgs/__init__.py
[13.337s] Listing '/home/solverbot/final_limo/install/limo_msgs/local/lib/python3.10/dist-packages/limo_msgs'...
[13.337s] Compiling '/home/solverbot/final_limo/install/limo_msgs/local/lib/python3.10/dist-packages/limo_msgs/__init__.py'...
[13.337s] Listing '/home/solverbot/final_limo/install/limo_msgs/local/lib/python3.10/dist-packages/limo_msgs/msg'...
[13.337s] Compiling '/home/solverbot/final_limo/install/limo_msgs/local/lib/python3.10/dist-packages/limo_msgs/msg/__init__.py'...
[13.337s] Compiling '/home/solverbot/final_limo/install/limo_msgs/local/lib/python3.10/dist-packages/limo_msgs/msg/_limo_status.py'...
[13.371s] -- Installing: /home/solverbot/final_limo/install/limo_msgs/local/lib/python3.10/dist-packages/limo_msgs/limo_msgs_s__rosidl_typesupport_fastrtps_c.cpython-310-x86_64-linux-gnu.so
[13.372s] -- Set runtime path of "/home/solverbot/final_limo/install/limo_msgs/local/lib/python3.10/dist-packages/limo_msgs/limo_msgs_s__rosidl_typesupport_fastrtps_c.cpython-310-x86_64-linux-gnu.so" to ""
[13.372s] -- Installing: /home/solverbot/final_limo/install/limo_msgs/local/lib/python3.10/dist-packages/limo_msgs/limo_msgs_s__rosidl_typesupport_introspection_c.cpython-310-x86_64-linux-gnu.so
[13.372s] -- Set runtime path of "/home/solverbot/final_limo/install/limo_msgs/local/lib/python3.10/dist-packages/limo_msgs/limo_msgs_s__rosidl_typesupport_introspection_c.cpython-310-x86_64-linux-gnu.so" to ""
[13.374s] -- Installing: /home/solverbot/final_limo/install/limo_msgs/local/lib/python3.10/dist-packages/limo_msgs/limo_msgs_s__rosidl_typesupport_c.cpython-310-x86_64-linux-gnu.so
[13.379s] -- Set runtime path of "/home/solverbot/final_limo/install/limo_msgs/local/lib/python3.10/dist-packages/limo_msgs/limo_msgs_s__rosidl_typesupport_c.cpython-310-x86_64-linux-gnu.so" to ""
[13.379s] -- Installing: /home/solverbot/final_limo/install/limo_msgs/lib/liblimo_msgs__rosidl_generator_py.so
[13.380s] -- Set runtime path of "/home/solverbot/final_limo/install/limo_msgs/lib/liblimo_msgs__rosidl_generator_py.so" to ""
[13.380s] -- Installing: /home/solverbot/final_limo/install/limo_msgs/share/limo_msgs/msg/LimoStatus.idl
[13.380s] -- Installing: /home/solverbot/final_limo/install/limo_msgs/share/limo_msgs/msg/LimoStatus.msg
[13.381s] -- Installing: /home/solverbot/final_limo/install/limo_msgs/share/ament_index/resource_index/package_run_dependencies/limo_msgs
[13.381s] -- Installing: /home/solverbot/final_limo/install/limo_msgs/share/ament_index/resource_index/parent_prefix_path/limo_msgs
[13.381s] -- Installing: /home/solverbot/final_limo/install/limo_msgs/share/limo_msgs/environment/ament_prefix_path.sh
[13.387s] -- Installing: /home/solverbot/final_limo/install/limo_msgs/share/limo_msgs/environment/ament_prefix_path.dsv
[13.387s] -- Installing: /home/solverbot/final_limo/install/limo_msgs/share/limo_msgs/environment/path.sh
[13.388s] -- Installing: /home/solverbot/final_limo/install/limo_msgs/share/limo_msgs/environment/path.dsv
[13.388s] -- Installing: /home/solverbot/final_limo/install/limo_msgs/share/limo_msgs/local_setup.bash
[13.388s] -- Installing: /home/solverbot/final_limo/install/limo_msgs/share/limo_msgs/local_setup.sh
[13.388s] -- Installing: /home/solverbot/final_limo/install/limo_msgs/share/limo_msgs/local_setup.zsh
[13.388s] -- Installing: /home/solverbot/final_limo/install/limo_msgs/share/limo_msgs/local_setup.dsv
[13.391s] -- Installing: /home/solverbot/final_limo/install/limo_msgs/share/limo_msgs/package.dsv
[13.392s] -- Installing: /home/solverbot/final_limo/install/limo_msgs/share/ament_index/resource_index/packages/limo_msgs
[13.392s] -- Installing: /home/solverbot/final_limo/install/limo_msgs/share/limo_msgs/cmake/export_limo_msgs__rosidl_generator_cExport.cmake
[13.392s] -- Installing: /home/solverbot/final_limo/install/limo_msgs/share/limo_msgs/cmake/export_limo_msgs__rosidl_generator_cExport-noconfig.cmake
[13.392s] -- Installing: /home/solverbot/final_limo/install/limo_msgs/share/limo_msgs/cmake/export_limo_msgs__rosidl_typesupport_fastrtps_cExport.cmake
[13.392s] -- Installing: /home/solverbot/final_limo/install/limo_msgs/share/limo_msgs/cmake/export_limo_msgs__rosidl_typesupport_fastrtps_cExport-noconfig.cmake
[13.392s] -- Installing: /home/solverbot/final_limo/install/limo_msgs/share/limo_msgs/cmake/export_limo_msgs__rosidl_generator_cppExport.cmake
[13.392s] -- Installing: /home/solverbot/final_limo/install/limo_msgs/share/limo_msgs/cmake/export_limo_msgs__rosidl_typesupport_fastrtps_cppExport.cmake
[13.392s] -- Installing: /home/solverbot/final_limo/install/limo_msgs/share/limo_msgs/cmake/export_limo_msgs__rosidl_typesupport_fastrtps_cppExport-noconfig.cmake
[13.392s] -- Installing: /home/solverbot/final_limo/install/limo_msgs/share/limo_msgs/cmake/limo_msgs__rosidl_typesupport_introspection_cExport.cmake
[13.393s] -- Installing: /home/solverbot/final_limo/install/limo_msgs/share/limo_msgs/cmake/limo_msgs__rosidl_typesupport_introspection_cExport-noconfig.cmake
[13.393s] -- Installing: /home/solverbot/final_limo/install/limo_msgs/share/limo_msgs/cmake/limo_msgs__rosidl_typesupport_cExport.cmake
[13.393s] -- Installing: /home/solverbot/final_limo/install/limo_msgs/share/limo_msgs/cmake/limo_msgs__rosidl_typesupport_cExport-noconfig.cmake
[13.398s] -- Installing: /home/solverbot/final_limo/install/limo_msgs/share/limo_msgs/cmake/limo_msgs__rosidl_typesupport_introspection_cppExport.cmake
[13.398s] -- Installing: /home/solverbot/final_limo/install/limo_msgs/share/limo_msgs/cmake/limo_msgs__rosidl_typesupport_introspection_cppExport-noconfig.cmake
[13.399s] -- Installing: /home/solverbot/final_limo/install/limo_msgs/share/limo_msgs/cmake/limo_msgs__rosidl_typesupport_cppExport.cmake
[13.399s] -- Installing: /home/solverbot/final_limo/install/limo_msgs/share/limo_msgs/cmake/limo_msgs__rosidl_typesupport_cppExport-noconfig.cmake
[13.399s] -- Installing: /home/solverbot/final_limo/install/limo_msgs/share/limo_msgs/cmake/export_limo_msgs__rosidl_generator_pyExport.cmake
[13.399s] -- Installing: /home/solverbot/final_limo/install/limo_msgs/share/limo_msgs/cmake/export_limo_msgs__rosidl_generator_pyExport-noconfig.cmake
[13.399s] -- Installing: /home/solverbot/final_limo/install/limo_msgs/share/limo_msgs/cmake/rosidl_cmake-extras.cmake
[13.404s] -- Installing: /home/solverbot/final_limo/install/limo_msgs/share/limo_msgs/cmake/ament_cmake_export_dependencies-extras.cmake
[13.404s] -- Installing: /home/solverbot/final_limo/install/limo_msgs/share/limo_msgs/cmake/ament_cmake_export_include_directories-extras.cmake
[13.405s] -- Installing: /home/solverbot/final_limo/install/limo_msgs/share/limo_msgs/cmake/ament_cmake_export_libraries-extras.cmake
[13.405s] -- Installing: /home/solverbot/final_limo/install/limo_msgs/share/limo_msgs/cmake/ament_cmake_export_targets-extras.cmake
[13.405s] -- Installing: /home/solverbot/final_limo/install/limo_msgs/share/limo_msgs/cmake/rosidl_cmake_export_typesupport_targets-extras.cmake
[13.405s] -- Installing: /home/solverbot/final_limo/install/limo_msgs/share/limo_msgs/cmake/rosidl_cmake_export_typesupport_libraries-extras.cmake
[13.405s] -- Installing: /home/solverbot/final_limo/install/limo_msgs/share/limo_msgs/cmake/limo_msgsConfig.cmake
[13.405s] -- Installing: /home/solverbot/final_limo/install/limo_msgs/share/limo_msgs/cmake/limo_msgsConfig-version.cmake
[13.408s] -- Installing: /home/solverbot/final_limo/install/limo_msgs/share/limo_msgs/package.xml
[13.414s] Invoked command in '/home/solverbot/final_limo/build/limo_msgs' returned '0': CMAKE_PREFIX_PATH=${CMAKE_PREFIX_PATH}:/home/solverbot/final_limo/install/voice_control:/home/solverbot/final_limo/install/p9n_bringup:/opt/ros/humble /usr/bin/cmake --install /home/solverbot/final_limo/build/limo_msgs
