[0.033s] Invoking command in '/home/solverbot/final_limo/build/limo_description': CMAKE_PREFIX_PATH=${CMAKE_PREFIX_PATH}:/home/solverbot/final_limo/install/voice_control:/home/solverbot/final_limo/install/p9n_bringup:/opt/ros/humble /usr/bin/cmake /home/solverbot/final_limo/src/limo_ros2/limo_description -DCMAKE_INSTALL_PREFIX=/home/solverbot/final_limo/install/limo_description
[0.210s] -- The C compiler identification is GNU 11.4.0
[0.357s] -- The CXX compiler identification is GNU 11.4.0
[0.391s] -- Detecting C compiler ABI info
[0.640s] -- Detecting C compiler ABI info - done
[0.669s] -- Check for working C compiler: /usr/bin/cc - skipped
[0.669s] -- Detecting C compile features
[0.669s] -- Detecting C compile features - done
[0.678s] -- Detecting CXX compiler ABI info
[1.005s] -- Detecting CXX compiler ABI info - done
[1.046s] -- Check for working CXX compiler: /usr/bin/c++ - skipped
[1.046s] -- Detecting CXX compile features
[1.054s] -- Detecting CXX compile features - done
[1.061s] -- Found ament_cmake: 1.3.12 (/opt/ros/humble/share/ament_cmake/cmake)
[3.918s] -- Found Python3: /usr/bin/python3 (found version "3.10.12") found components: Interpreter 
[4.231s] -- Found ament_lint_auto: 0.12.14 (/opt/ros/humble/share/ament_lint_auto/cmake)
[4.594s] -- Added test 'copyright' to check source files copyright and LICENSE
[4.610s] -- Added test 'flake8' to check Python code syntax and style conventions
[4.615s] -- Added test 'lint_cmake' to check CMake code style
[4.621s] -- Added test 'pep257' to check Python code against some of the docstring style conventions in PEP 257
[4.625s] -- Added test 'xmllint' to check XML markup files
[4.634s] -- Configuring done
[4.657s] -- Generating done
[4.664s] -- Build files have been written to: /home/solverbot/final_limo/build/limo_description
[4.673s] Invoked command in '/home/solverbot/final_limo/build/limo_description' returned '0': CMAKE_PREFIX_PATH=${CMAKE_PREFIX_PATH}:/home/solverbot/final_limo/install/voice_control:/home/solverbot/final_limo/install/p9n_bringup:/opt/ros/humble /usr/bin/cmake /home/solverbot/final_limo/src/limo_ros2/limo_description -DCMAKE_INSTALL_PREFIX=/home/solverbot/final_limo/install/limo_description
[4.678s] Invoking command in '/home/solverbot/final_limo/build/limo_description': CMAKE_PREFIX_PATH=${CMAKE_PREFIX_PATH}:/home/solverbot/final_limo/install/voice_control:/home/solverbot/final_limo/install/p9n_bringup:/opt/ros/humble /usr/bin/cmake --build /home/solverbot/final_limo/build/limo_description -- -j4 -l4
[4.787s] Invoked command in '/home/solverbot/final_limo/build/limo_description' returned '0': CMAKE_PREFIX_PATH=${CMAKE_PREFIX_PATH}:/home/solverbot/final_limo/install/voice_control:/home/solverbot/final_limo/install/p9n_bringup:/opt/ros/humble /usr/bin/cmake --build /home/solverbot/final_limo/build/limo_description -- -j4 -l4
[4.788s] Invoking command in '/home/solverbot/final_limo/build/limo_description': CMAKE_PREFIX_PATH=${CMAKE_PREFIX_PATH}:/home/solverbot/final_limo/install/voice_control:/home/solverbot/final_limo/install/p9n_bringup:/opt/ros/humble /usr/bin/cmake --install /home/solverbot/final_limo/build/limo_description
[4.806s] -- Install configuration: ""
[4.806s] -- Installing: /home/solverbot/final_limo/install/limo_description/share/limo_description/launch
[4.821s] -- Installing: /home/solverbot/final_limo/install/limo_description/share/limo_description/launch/display_models_diff.launch.py
[4.821s] -- Installing: /home/solverbot/final_limo/install/limo_description/share/limo_description/launch/gazebo_models_diff.launch.py
[4.821s] -- Installing: /home/solverbot/final_limo/install/limo_description/share/limo_description/meshes
[4.821s] -- Installing: /home/solverbot/final_limo/install/limo_description/share/limo_description/meshes/limo_wheel.dae
[4.892s] -- Installing: /home/solverbot/final_limo/install/limo_description/share/limo_description/meshes/limo_base.dae
[5.156s] -- Installing: /home/solverbot/final_limo/install/limo_description/share/limo_description/meshes/limo_wheel.stl
[5.177s] -- Installing: /home/solverbot/final_limo/install/limo_description/share/limo_description/meshes/limo_base.stl
[5.328s] -- Installing: /home/solverbot/final_limo/install/limo_description/share/limo_description/rviz
[5.328s] -- Installing: /home/solverbot/final_limo/install/limo_description/share/limo_description/rviz/model_display.rviz
[5.328s] -- Installing: /home/solverbot/final_limo/install/limo_description/share/limo_description/rviz/urdf.rviz
[5.328s] -- Installing: /home/solverbot/final_limo/install/limo_description/share/limo_description/urdf
[5.328s] -- Installing: /home/solverbot/final_limo/install/limo_description/share/limo_description/urdf/limo_four_diff_2.gazebo
[5.328s] -- Installing: /home/solverbot/final_limo/install/limo_description/share/limo_description/urdf/limo_steering_hinge.xacro
[5.328s] -- Installing: /home/solverbot/final_limo/install/limo_description/share/limo_description/urdf/limo_xacro.xacro
[5.328s] -- Installing: /home/solverbot/final_limo/install/limo_description/share/limo_description/urdf/limo_four_diff.gazebo
[5.329s] -- Installing: /home/solverbot/final_limo/install/limo_description/share/limo_description/urdf/limo_ackerman.xacro
[5.329s] -- Installing: /home/solverbot/final_limo/install/limo_description/share/limo_description/urdf/limo_gazebo.gazebo
[5.329s] -- Installing: /home/solverbot/final_limo/install/limo_description/share/limo_description/urdf/limo_ackerman.gazebo
[5.329s] -- Installing: /home/solverbot/final_limo/install/limo_description/share/limo_description/urdf/limo_four_diff.xacro
[5.329s] -- Installing: /home/solverbot/final_limo/install/limo_description/share/ament_index/resource_index/package_run_dependencies/limo_description
[5.334s] -- Installing: /home/solverbot/final_limo/install/limo_description/share/ament_index/resource_index/parent_prefix_path/limo_description
[5.334s] -- Installing: /home/solverbot/final_limo/install/limo_description/share/limo_description/environment/ament_prefix_path.sh
[5.334s] -- Installing: /home/solverbot/final_limo/install/limo_description/share/limo_description/environment/ament_prefix_path.dsv
[5.334s] -- Installing: /home/solverbot/final_limo/install/limo_description/share/limo_description/environment/path.sh
[5.334s] -- Installing: /home/solverbot/final_limo/install/limo_description/share/limo_description/environment/path.dsv
[5.334s] -- Installing: /home/solverbot/final_limo/install/limo_description/share/limo_description/local_setup.bash
[5.334s] -- Installing: /home/solverbot/final_limo/install/limo_description/share/limo_description/local_setup.sh
[5.334s] -- Installing: /home/solverbot/final_limo/install/limo_description/share/limo_description/local_setup.zsh
[5.334s] -- Installing: /home/solverbot/final_limo/install/limo_description/share/limo_description/local_setup.dsv
[5.336s] -- Installing: /home/solverbot/final_limo/install/limo_description/share/limo_description/package.dsv
[5.336s] -- Installing: /home/solverbot/final_limo/install/limo_description/share/ament_index/resource_index/packages/limo_description
[5.340s] -- Installing: /home/solverbot/final_limo/install/limo_description/share/limo_description/cmake/limo_descriptionConfig.cmake
[5.340s] -- Installing: /home/solverbot/final_limo/install/limo_description/share/limo_description/cmake/limo_descriptionConfig-version.cmake
[5.340s] -- Installing: /home/solverbot/final_limo/install/limo_description/share/limo_description/package.xml
[5.349s] Invoked command in '/home/solverbot/final_limo/build/limo_description' returned '0': CMAKE_PREFIX_PATH=${CMAKE_PREFIX_PATH}:/home/solverbot/final_limo/install/voice_control:/home/solverbot/final_limo/install/p9n_bringup:/opt/ros/humble /usr/bin/cmake --install /home/solverbot/final_limo/build/limo_description
