[1.773s] Invoking command in '/home/solverbot/final_limo/src/PlayStation-JoyInterface-ROS2/p9n_bringup': CMAKE_PREFIX_PATH=/home/solverbot/final_limo/install/p9n_node:/home/solverbot/final_limo/install/joy:/home/solverbot/final_limo/install/sdl2_vendor:/home/solverbot/final_limo/install/p9n_interface:/home/solverbot/final_limo/install/ydlidar_sdk:/home/solverbot/final_limo/install/ydlidar_ros2_driver:/home/solverbot/final_limo/install/wiimote:/home/solverbot/final_limo/install/wiimote_msgs:/home/solverbot/final_limo/install/urg_node2:/home/solverbot/final_limo/install/spacenav:/home/solverbot/final_limo/install/p9n:/home/solverbot/final_limo/install/p9n_test:/home/solverbot/final_limo/install/p9n_example:/home/solverbot/final_limo/install/limo_joystick:/home/solverbot/final_limo/install/rf2o_laser_odometry:/home/solverbot/final_limo/install/limo_bringup:/home/solverbot/final_limo/install/limo_base:/home/solverbot/final_limo/install/limo_msgs:/home/solverbot/final_limo/install/limo_description:/home/solverbot/final_limo/install/joy_linux LD_LIBRARY_PATH=/home/solverbot/final_limo/install/p9n_node/lib:/home/solverbot/final_limo/install/joy/lib:/home/solverbot/final_limo/install/wiimote/lib:/home/solverbot/final_limo/install/wiimote_msgs/lib:/home/solverbot/final_limo/install/urg_node2/lib:/home/solverbot/final_limo/install/spacenav/lib:/home/solverbot/final_limo/install/p9n_test/lib:/home/solverbot/final_limo/install/p9n_example/lib:/home/solverbot/final_limo/install/p9n_interface/lib:/home/solverbot/final_limo/install/limo_msgs/lib:/usr/lib/x86_64-linux-gnu/gazebo-11/plugins:/opt/ros/humble/opt/rviz_ogre_vendor/lib:/opt/ros/humble/lib/x86_64-linux-gnu:/opt/ros/humble/lib PYTHONPATH=/home/solverbot/final_limo/build/p9n_bringup/prefix_override:/usr/lib/python3/dist-packages/colcon_core/task/python/colcon_distutils_commands:/home/solverbot/final_limo/install/p9n_bringup/lib/python3.10/site-packages:${PYTHONPATH} /usr/bin/python3 -W ignore:setup.py install is deprecated -W ignore:easy_install command is deprecated setup.py egg_info --egg-base ../../../build/p9n_bringup build --build-base /home/solverbot/final_limo/build/p9n_bringup/build install --record /home/solverbot/final_limo/build/p9n_bringup/install.log --single-version-externally-managed install_data
[2.487s] running egg_info
[2.487s] creating ../../../build/p9n_bringup/p9n_bringup.egg-info
[2.510s] writing ../../../build/p9n_bringup/p9n_bringup.egg-info/PKG-INFO
[2.510s] writing dependency_links to ../../../build/p9n_bringup/p9n_bringup.egg-info/dependency_links.txt
[2.511s] writing requirements to ../../../build/p9n_bringup/p9n_bringup.egg-info/requires.txt
[2.511s] writing top-level names to ../../../build/p9n_bringup/p9n_bringup.egg-info/top_level.txt
[2.512s] writing manifest file '../../../build/p9n_bringup/p9n_bringup.egg-info/SOURCES.txt'
[2.579s] reading manifest file '../../../build/p9n_bringup/p9n_bringup.egg-info/SOURCES.txt'
[2.580s] writing manifest file '../../../build/p9n_bringup/p9n_bringup.egg-info/SOURCES.txt'
[2.581s] running build
[2.581s] running build_py
[2.581s] creating /home/solverbot/final_limo/build/p9n_bringup/build
[2.582s] creating /home/solverbot/final_limo/build/p9n_bringup/build/lib
[2.582s] creating /home/solverbot/final_limo/build/p9n_bringup/build/lib/p9n_bringup
[2.582s] copying p9n_bringup/__init__.py -> /home/solverbot/final_limo/build/p9n_bringup/build/lib/p9n_bringup
[2.583s] running install
[2.593s] running install_lib
[2.621s] creating /home/solverbot/final_limo/install/p9n_bringup/lib/python3.10/site-packages/p9n_bringup
[2.622s] copying /home/solverbot/final_limo/build/p9n_bringup/build/lib/p9n_bringup/__init__.py -> /home/solverbot/final_limo/install/p9n_bringup/lib/python3.10/site-packages/p9n_bringup
[2.623s] byte-compiling /home/solverbot/final_limo/install/p9n_bringup/lib/python3.10/site-packages/p9n_bringup/__init__.py to __init__.cpython-310.pyc
[2.623s] running install_data
[2.623s] creating /home/solverbot/final_limo/install/p9n_bringup/share/ament_index
[2.624s] creating /home/solverbot/final_limo/install/p9n_bringup/share/ament_index/resource_index
[2.624s] creating /home/solverbot/final_limo/install/p9n_bringup/share/ament_index/resource_index/packages
[2.624s] copying resource/p9n_bringup -> /home/solverbot/final_limo/install/p9n_bringup/share/ament_index/resource_index/packages
[2.624s] copying package.xml -> /home/solverbot/final_limo/install/p9n_bringup/share/p9n_bringup
[2.625s] creating /home/solverbot/final_limo/install/p9n_bringup/share/p9n_bringup/launch
[2.625s] copying launch/teleop.launch.py -> /home/solverbot/final_limo/install/p9n_bringup/share/p9n_bringup/launch
[2.625s] copying launch/teleop_turtlesim.launch.py -> /home/solverbot/final_limo/install/p9n_bringup/share/p9n_bringup/launch
[2.631s] running install_egg_info
[2.658s] Copying ../../../build/p9n_bringup/p9n_bringup.egg-info to /home/solverbot/final_limo/install/p9n_bringup/lib/python3.10/site-packages/p9n_bringup-1.1.1-py3.10.egg-info
[2.660s] running install_scripts
[2.772s] writing list of installed files to '/home/solverbot/final_limo/build/p9n_bringup/install.log'
[2.849s] Invoked command in '/home/solverbot/final_limo/src/PlayStation-JoyInterface-ROS2/p9n_bringup' returned '0': CMAKE_PREFIX_PATH=/home/solverbot/final_limo/install/p9n_node:/home/solverbot/final_limo/install/joy:/home/solverbot/final_limo/install/sdl2_vendor:/home/solverbot/final_limo/install/p9n_interface:/home/solverbot/final_limo/install/ydlidar_sdk:/home/solverbot/final_limo/install/ydlidar_ros2_driver:/home/solverbot/final_limo/install/wiimote:/home/solverbot/final_limo/install/wiimote_msgs:/home/solverbot/final_limo/install/urg_node2:/home/solverbot/final_limo/install/spacenav:/home/solverbot/final_limo/install/p9n:/home/solverbot/final_limo/install/p9n_test:/home/solverbot/final_limo/install/p9n_example:/home/solverbot/final_limo/install/limo_joystick:/home/solverbot/final_limo/install/rf2o_laser_odometry:/home/solverbot/final_limo/install/limo_bringup:/home/solverbot/final_limo/install/limo_base:/home/solverbot/final_limo/install/limo_msgs:/home/solverbot/final_limo/install/limo_description:/home/solverbot/final_limo/install/joy_linux LD_LIBRARY_PATH=/home/solverbot/final_limo/install/p9n_node/lib:/home/solverbot/final_limo/install/joy/lib:/home/solverbot/final_limo/install/wiimote/lib:/home/solverbot/final_limo/install/wiimote_msgs/lib:/home/solverbot/final_limo/install/urg_node2/lib:/home/solverbot/final_limo/install/spacenav/lib:/home/solverbot/final_limo/install/p9n_test/lib:/home/solverbot/final_limo/install/p9n_example/lib:/home/solverbot/final_limo/install/p9n_interface/lib:/home/solverbot/final_limo/install/limo_msgs/lib:/usr/lib/x86_64-linux-gnu/gazebo-11/plugins:/opt/ros/humble/opt/rviz_ogre_vendor/lib:/opt/ros/humble/lib/x86_64-linux-gnu:/opt/ros/humble/lib PYTHONPATH=/home/solverbot/final_limo/build/p9n_bringup/prefix_override:/usr/lib/python3/dist-packages/colcon_core/task/python/colcon_distutils_commands:/home/solverbot/final_limo/install/p9n_bringup/lib/python3.10/site-packages:${PYTHONPATH} /usr/bin/python3 -W ignore:setup.py install is deprecated -W ignore:easy_install command is deprecated setup.py egg_info --egg-base ../../../build/p9n_bringup build --build-base /home/solverbot/final_limo/build/p9n_bringup/build install --record /home/solverbot/final_limo/build/p9n_bringup/install.log --single-version-externally-managed install_data
