[0.013s] Invoking command in '/home/solverbot/final_limo/build/urg_node2': CMAKE_PREFIX_PATH=${CMAKE_PREFIX_PATH}:/home/solverbot/final_limo/install/voice_control:/home/solverbot/final_limo/install/p9n_bringup:/opt/ros/humble /usr/bin/cmake /home/solverbot/final_limo/src/urg_node2 -DCMAKE_INSTALL_PREFIX=/home/solverbot/final_limo/install/urg_node2
[0.241s] -- The C compiler identification is GNU 11.4.0
[0.418s] -- The CXX compiler identification is GNU 11.4.0
[0.445s] -- Detecting C compiler ABI info
[0.650s] -- Detecting C compiler ABI info - done
[0.677s] -- Check for working C compiler: /usr/bin/cc - skipped
[0.678s] -- Detecting C compile features
[0.680s] -- Detecting C compile features - done
[0.689s] -- Detecting CXX compiler ABI info
[0.925s] -- Detecting CXX compiler ABI info - done
[0.938s] -- Check for working CXX compiler: /usr/bin/c++ - skipped
[0.939s] -- Detecting CXX compile features
[0.942s] -- Detecting CXX compile features - done
[0.944s] -- Found ament_cmake: 1.3.12 (/opt/ros/humble/share/ament_cmake/cmake)
[3.128s] -- Found Python3: /usr/bin/python3 (found version "3.10.12") found components: Interpreter 
[3.349s] -- Found rclcpp: 16.0.14 (/opt/ros/humble/share/rclcpp/cmake)
[3.420s] -- Found rosidl_generator_c: 3.1.7 (/opt/ros/humble/share/rosidl_generator_c/cmake)
[3.427s] -- Found rosidl_adapter: 3.1.7 (/opt/ros/humble/share/rosidl_adapter/cmake)
[3.441s] -- Found rosidl_generator_cpp: 3.1.7 (/opt/ros/humble/share/rosidl_generator_cpp/cmake)
[3.464s] -- Using all available rosidl_typesupport_c: rosidl_typesupport_fastrtps_c;rosidl_typesupport_introspection_c
[3.493s] -- Using all available rosidl_typesupport_cpp: rosidl_typesupport_fastrtps_cpp;rosidl_typesupport_introspection_cpp
[3.619s] -- Found rmw_implementation_cmake: 6.1.2 (/opt/ros/humble/share/rmw_implementation_cmake/cmake)
[3.633s] -- Found rmw_cyclonedds_cpp: 1.3.4 (/opt/ros/humble/share/rmw_cyclonedds_cpp/cmake)
[3.712s] -- Using RMW implementation 'rmw_cyclonedds_cpp' as default
[3.741s] -- Looking for pthread.h
[3.896s] -- Looking for pthread.h - found
[3.897s] -- Performing Test CMAKE_HAVE_LIBC_PTHREAD
[3.996s] -- Performing Test CMAKE_HAVE_LIBC_PTHREAD - Success
[3.997s] -- Found Threads: TRUE  
[4.091s] -- Found rclcpp_components: 16.0.14 (/opt/ros/humble/share/rclcpp_components/cmake)
[4.144s] -- Found rclcpp_lifecycle: 16.0.14 (/opt/ros/humble/share/rclcpp_lifecycle/cmake)
[4.180s] -- Found sensor_msgs: 4.9.0 (/opt/ros/humble/share/sensor_msgs/cmake)
[4.257s] -- Found diagnostic_updater: 4.0.6 (/opt/ros/humble/share/diagnostic_updater/cmake)
[4.332s] -- Found laser_proc: 1.0.2 (/opt/ros/humble/share/laser_proc/cmake)
[4.376s] -- Found ament_cmake_gtest: 1.3.12 (/opt/ros/humble/share/ament_cmake_gtest/cmake)
[4.385s] -- Found gtest sources under '/opt/ros/humble/src/gtest_vendor': C++ tests using 'Google Test' will be built
[4.635s] -- Configuring done
[4.724s] -- Generating done
[4.755s] -- Build files have been written to: /home/solverbot/final_limo/build/urg_node2
[4.793s] Invoked command in '/home/solverbot/final_limo/build/urg_node2' returned '0': CMAKE_PREFIX_PATH=${CMAKE_PREFIX_PATH}:/home/solverbot/final_limo/install/voice_control:/home/solverbot/final_limo/install/p9n_bringup:/opt/ros/humble /usr/bin/cmake /home/solverbot/final_limo/src/urg_node2 -DCMAKE_INSTALL_PREFIX=/home/solverbot/final_limo/install/urg_node2
[4.794s] Invoking command in '/home/solverbot/final_limo/build/urg_node2': CMAKE_PREFIX_PATH=${CMAKE_PREFIX_PATH}:/home/solverbot/final_limo/install/voice_control:/home/solverbot/final_limo/install/p9n_bringup:/opt/ros/humble /usr/bin/cmake --build /home/solverbot/final_limo/build/urg_node2 -- -j4 -l4
[4.953s] [ 10%] [32mBuilding C object CMakeFiles/urg_c.dir/urg_library/current/src/urg_sensor.c.o[0m
[4.953s] [ 10%] [32mBuilding CXX object gtest/CMakeFiles/gtest_main.dir/src/gtest_main.cc.o[0m
[4.960s] [ 15%] [32mBuilding CXX object CMakeFiles/urg_node2_node.dir/rclcpp_components/node_main_urg_node2_node.cpp.o[0m
[5.030s] [01m[K/home/solverbot/final_limo/src/urg_node2/urg_library/current/src/urg_sensor.c:1349:8:[m[K [01;35m[Kwarning: [m[Ktype qualifiers ignored on function return type [[01;35m[K]8;;https://gcc.gnu.org/onlinedocs/gcc/Warning-Options.html#index-Wignored-qualifiers-Wignored-qualifiers]8;;[m[K]
[5.030s]  1349 | static [01;35m[Kconst[m[K int receive_II_command_response(urg_t *urg,
[5.030s]       |        [01;35m[K^~~~~[m[K
[5.239s] [ 20%] [32mBuilding C object CMakeFiles/urg_c.dir/urg_library/current/src/urg_utils.c.o[0m
[5.298s] [01m[K/home/solverbot/final_limo/src/urg_node2/urg_library/current/src/urg_utils.c:[m[K In function ‘[01m[Kurg_delay[m[K’:
[5.298s] [01m[K/home/solverbot/final_limo/src/urg_node2/urg_library/current/src/urg_utils.c:224:5:[m[K [01;35m[Kwarning: [m[Kimplicit declaration of function ‘[01m[Kusleep[m[K’; did you mean ‘[01m[Kurg_sleep[m[K’? [[01;35m[K]8;;https://gcc.gnu.org/onlinedocs/gcc/Warning-Options.html#index-Wimplicit-function-declaration-Wimplicit-function-declaration]8;;[m[K]
[5.298s]   224 |     [01;35m[Kusleep[m[K(1000 * delay_msec);
[5.299s]       |     [01;35m[K^~~~~~[m[K
[5.299s]       |     [32m[Kurg_sleep[m[K
[5.357s] [ 25%] [32mBuilding C object CMakeFiles/urg_c.dir/urg_library/current/src/urg_debug.c.o[0m
[5.487s] [ 30%] [32mBuilding C object CMakeFiles/urg_c.dir/urg_library/current/src/urg_connection.c.o[0m
[5.583s] [ 35%] [32mBuilding C object CMakeFiles/urg_c.dir/urg_library/current/src/urg_ring_buffer.c.o[0m
[5.626s] [ 40%] [32mBuilding C object CMakeFiles/urg_c.dir/urg_library/current/src/urg_serial.c.o[0m
[5.730s] [ 45%] [32mBuilding C object CMakeFiles/urg_c.dir/urg_library/current/src/urg_serial_utils.c.o[0m
[5.847s] [ 50%] [32mBuilding C object CMakeFiles/urg_c.dir/urg_library/current/src/urg_tcpclient.c.o[0m
[5.981s] [ 55%] [32m[1mLinking C shared library liburg_c.so[0m
[6.085s] [ 55%] Built target urg_c
[6.145s] [ 60%] [32mBuilding CXX object CMakeFiles/urg_node2.dir/src/urg_node2.cpp.o[0m
[6.153s] [ 65%] [32mBuilding CXX object gtest/CMakeFiles/gtest.dir/src/gtest-all.cc.o[0m
[7.003s] [ 70%] [32m[1mLinking CXX static library libgtest_main.a[0m
[7.171s] [ 70%] Built target gtest_main
[12.639s] [ 75%] [32m[1mLinking CXX static library libgtest.a[0m
[12.875s] [ 75%] Built target gtest
[12.933s] [ 80%] [32mBuilding CXX object CMakeFiles/urg_node2_test.dir/src/urg_node2.cpp.o[0m
[12.938s] [ 85%] [32mBuilding CXX object CMakeFiles/urg_node2_test.dir/test/urg_node2_test.cpp.o[0m
[14.219s] [ 90%] [32m[1mLinking CXX executable urg_node2_node[0m
[14.481s] [ 90%] Built target urg_node2_node
[21.114s] [ 95%] [32m[1mLinking CXX shared library liburg_node2.so[0m
[22.087s] [ 95%] Built target urg_node2
[37.140s] [100%] [32m[1mLinking CXX executable urg_node2_test[0m
[38.915s] [100%] Built target urg_node2_test
[38.937s] Invoked command in '/home/solverbot/final_limo/build/urg_node2' returned '0': CMAKE_PREFIX_PATH=${CMAKE_PREFIX_PATH}:/home/solverbot/final_limo/install/voice_control:/home/solverbot/final_limo/install/p9n_bringup:/opt/ros/humble /usr/bin/cmake --build /home/solverbot/final_limo/build/urg_node2 -- -j4 -l4
[38.938s] Invoking command in '/home/solverbot/final_limo/build/urg_node2': CMAKE_PREFIX_PATH=${CMAKE_PREFIX_PATH}:/home/solverbot/final_limo/install/voice_control:/home/solverbot/final_limo/install/p9n_bringup:/opt/ros/humble /usr/bin/cmake --install /home/solverbot/final_limo/build/urg_node2
[38.946s] -- Install configuration: ""
[38.946s] -- Installing: /home/solverbot/final_limo/install/urg_node2/lib/urg_node2/urg_node2_node
[38.948s] -- Set runtime path of "/home/solverbot/final_limo/install/urg_node2/lib/urg_node2/urg_node2_node" to ""
[38.948s] -- Installing: /home/solverbot/final_limo/install/urg_node2/lib/liburg_node2.so
[38.951s] -- Set runtime path of "/home/solverbot/final_limo/install/urg_node2/lib/liburg_node2.so" to ""
[38.951s] -- Installing: /home/solverbot/final_limo/install/urg_node2/lib/liburg_c.so
[38.952s] -- Installing: /home/solverbot/final_limo/install/urg_node2/share/urg_node2/launch
[38.952s] -- Installing: /home/solverbot/final_limo/install/urg_node2/share/urg_node2/launch/urg_node2_2lidar.launch.py
[38.952s] -- Installing: /home/solverbot/final_limo/install/urg_node2/share/urg_node2/launch/urg_node2_component.launch.py
[38.953s] -- Installing: /home/solverbot/final_limo/install/urg_node2/share/urg_node2/launch/urg_node2.launch.py
[38.954s] -- Installing: /home/solverbot/final_limo/install/urg_node2/share/urg_node2/config
[38.954s] -- Installing: /home/solverbot/final_limo/install/urg_node2/share/urg_node2/config/params_ether.yaml
[38.954s] -- Installing: /home/solverbot/final_limo/install/urg_node2/share/urg_node2/config/params_solver.yaml
[38.954s] -- Installing: /home/solverbot/final_limo/install/urg_node2/share/urg_node2/config/params_ether_2nd.yaml
[38.955s] -- Installing: /home/solverbot/final_limo/install/urg_node2/share/urg_node2/config/params_serial.yaml
[38.956s] -- Installing: /home/solverbot/final_limo/install/urg_node2/share/ament_index/resource_index/package_run_dependencies/urg_node2
[38.960s] -- Installing: /home/solverbot/final_limo/install/urg_node2/share/ament_index/resource_index/parent_prefix_path/urg_node2
[38.960s] -- Installing: /home/solverbot/final_limo/install/urg_node2/share/urg_node2/environment/ament_prefix_path.sh
[38.960s] -- Installing: /home/solverbot/final_limo/install/urg_node2/share/urg_node2/environment/ament_prefix_path.dsv
[38.960s] -- Installing: /home/solverbot/final_limo/install/urg_node2/share/urg_node2/environment/path.sh
[38.961s] -- Installing: /home/solverbot/final_limo/install/urg_node2/share/urg_node2/environment/path.dsv
[38.961s] -- Installing: /home/solverbot/final_limo/install/urg_node2/share/urg_node2/local_setup.bash
[38.962s] -- Installing: /home/solverbot/final_limo/install/urg_node2/share/urg_node2/local_setup.sh
[38.962s] -- Installing: /home/solverbot/final_limo/install/urg_node2/share/urg_node2/local_setup.zsh
[38.962s] -- Installing: /home/solverbot/final_limo/install/urg_node2/share/urg_node2/local_setup.dsv
[38.963s] -- Installing: /home/solverbot/final_limo/install/urg_node2/share/urg_node2/package.dsv
[38.963s] -- Installing: /home/solverbot/final_limo/install/urg_node2/share/ament_index/resource_index/packages/urg_node2
[38.965s] -- Installing: /home/solverbot/final_limo/install/urg_node2/share/ament_index/resource_index/rclcpp_components/urg_node2
[38.966s] -- Installing: /home/solverbot/final_limo/install/urg_node2/share/urg_node2/cmake/urg_node2Config.cmake
[38.966s] -- Installing: /home/solverbot/final_limo/install/urg_node2/share/urg_node2/cmake/urg_node2Config-version.cmake
[38.967s] -- Installing: /home/solverbot/final_limo/install/urg_node2/share/urg_node2/package.xml
[38.972s] Invoked command in '/home/solverbot/final_limo/build/urg_node2' returned '0': CMAKE_PREFIX_PATH=${CMAKE_PREFIX_PATH}:/home/solverbot/final_limo/install/voice_control:/home/solverbot/final_limo/install/p9n_bringup:/opt/ros/humble /usr/bin/cmake --install /home/solverbot/final_limo/build/urg_node2
