/home/solverbot/final_limo/install/voice_control/lib/python3.10/site-packages/voice_control/main.py
/home/solverbot/final_limo/install/voice_control/lib/python3.10/site-packages/voice_control/__init__.py
/home/solverbot/final_limo/install/voice_control/lib/python3.10/site-packages/Laplace/laplace.py
/home/solverbot/final_limo/install/voice_control/lib/python3.10/site-packages/Laplace/APIInterface.py
/home/solverbot/final_limo/install/voice_control/lib/python3.10/site-packages/Laplace/example.py
/home/solverbot/final_limo/install/voice_control/lib/python3.10/site-packages/Laplace/__init__.py
/home/solverbot/final_limo/install/voice_control/lib/python3.10/site-packages/Laplace/PluginSystem/server.py
/home/solverbot/final_limo/install/voice_control/lib/python3.10/site-packages/Laplace/PluginSystem/common/PluginManager.py
/home/solverbot/final_limo/install/voice_control/lib/python3.10/site-packages/voice_control/__pycache__/main.cpython-310.pyc
/home/solverbot/final_limo/install/voice_control/lib/python3.10/site-packages/voice_control/__pycache__/__init__.cpython-310.pyc
/home/solverbot/final_limo/install/voice_control/lib/python3.10/site-packages/Laplace/__pycache__/laplace.cpython-310.pyc
/home/solverbot/final_limo/install/voice_control/lib/python3.10/site-packages/Laplace/__pycache__/APIInterface.cpython-310.pyc
/home/solverbot/final_limo/install/voice_control/lib/python3.10/site-packages/Laplace/__pycache__/example.cpython-310.pyc
/home/solverbot/final_limo/install/voice_control/lib/python3.10/site-packages/Laplace/__pycache__/__init__.cpython-310.pyc
/home/solverbot/final_limo/install/voice_control/lib/python3.10/site-packages/Laplace/PluginSystem/__pycache__/server.cpython-310.pyc
/home/solverbot/final_limo/install/voice_control/lib/python3.10/site-packages/Laplace/PluginSystem/common/__pycache__/PluginManager.cpython-310.pyc
/home/solverbot/final_limo/install/voice_control/share/ament_index/resource_index/packages/voice_control
/home/solverbot/final_limo/install/voice_control/share/voice_control/package.xml
/home/solverbot/final_limo/install/voice_control/share/voice_control/voice_control.launch.py
/home/solverbot/final_limo/install/voice_control/share/voice_control/Plugins/Plugin_test/Plugin.py
/home/solverbot/final_limo/install/voice_control/share/voice_control/Plugins/Plugin_test/__init__.py
/home/solverbot/final_limo/install/voice_control/share/voice_control/Plugins/Plugin_test2/Plugin.py
/home/solverbot/final_limo/install/voice_control/lib/python3.10/site-packages/voice_control-0.0.0-py3.10.egg-info/zip-safe
/home/solverbot/final_limo/install/voice_control/lib/python3.10/site-packages/voice_control-0.0.0-py3.10.egg-info/entry_points.txt
/home/solverbot/final_limo/install/voice_control/lib/python3.10/site-packages/voice_control-0.0.0-py3.10.egg-info/dependency_links.txt
/home/solverbot/final_limo/install/voice_control/lib/python3.10/site-packages/voice_control-0.0.0-py3.10.egg-info/PKG-INFO
/home/solverbot/final_limo/install/voice_control/lib/python3.10/site-packages/voice_control-0.0.0-py3.10.egg-info/top_level.txt
/home/solverbot/final_limo/install/voice_control/lib/python3.10/site-packages/voice_control-0.0.0-py3.10.egg-info/SOURCES.txt
/home/solverbot/final_limo/install/voice_control/lib/python3.10/site-packages/voice_control-0.0.0-py3.10.egg-info/requires.txt
/home/solverbot/final_limo/install/voice_control/lib/voice_control/voice_control
