/home/solverbot/final_limo/install/limo_bringup/share/ament_index/resource_index/packages/limo_bringup
/home/solverbot/final_limo/install/limo_bringup/share/limo_bringup/package.xml
/home/solverbot/final_limo/install/limo_bringup/share/limo_bringup/launch/cartographer.launch.py
/home/solverbot/final_limo/install/limo_bringup/share/limo_bringup/launch/occupancy_grid.launch.py
/home/solverbot/final_limo/install/limo_bringup/share/limo_bringup/launch/limon_teletop_keyboard.launch.py
/home/solverbot/final_limo/install/limo_bringup/share/limo_bringup/launch/iniciar_mapeamento.launch.py
/home/solverbot/final_limo/install/limo_bringup/share/limo_bringup/launch/limo_localization.launch.py
/home/solverbot/final_limo/install/limo_bringup/share/limo_bringup/launch/limo_navigation.launch.py
/home/solverbot/final_limo/install/limo_bringup/share/limo_bringup/launch/limo_start.launch.py
/home/solverbot/final_limo/install/limo_bringup/share/limo_bringup/launch/limo_start_navigation.launch.py
/home/solverbot/final_limo/install/limo_bringup/share/limo_bringup/launch/navigation2.launch.py
/home/solverbot/final_limo/install/limo_bringup/share/limo_bringup/config_files/limo_lds_2d.lua
/home/solverbot/final_limo/install/limo_bringup/share/limo_bringup/param/amcl_params.yaml
/home/solverbot/final_limo/install/limo_bringup/share/limo_bringup/param/costmap_global_static.yaml
/home/solverbot/final_limo/install/limo_bringup/share/limo_bringup/param/planner.yaml
/home/solverbot/final_limo/install/limo_bringup/share/limo_bringup/param/costmap_global_laser.yaml
/home/solverbot/final_limo/install/limo_bringup/share/limo_bringup/param/ydlidar.yaml
/home/solverbot/final_limo/install/limo_bringup/share/limo_bringup/param/costmap_local.yaml
/home/solverbot/final_limo/install/limo_bringup/share/limo_bringup/param/costmap_common.yaml
/home/solverbot/final_limo/install/limo_bringup/share/limo_bringup/param/navigation2.yaml
/home/solverbot/final_limo/install/limo_bringup/lib/python3.10/site-packages/limo_bringup-0.0.1-py3.10.egg-info/zip-safe
/home/solverbot/final_limo/install/limo_bringup/lib/python3.10/site-packages/limo_bringup-0.0.1-py3.10.egg-info/entry_points.txt
/home/solverbot/final_limo/install/limo_bringup/lib/python3.10/site-packages/limo_bringup-0.0.1-py3.10.egg-info/dependency_links.txt
/home/solverbot/final_limo/install/limo_bringup/lib/python3.10/site-packages/limo_bringup-0.0.1-py3.10.egg-info/PKG-INFO
/home/solverbot/final_limo/install/limo_bringup/lib/python3.10/site-packages/limo_bringup-0.0.1-py3.10.egg-info/top_level.txt
/home/solverbot/final_limo/install/limo_bringup/lib/python3.10/site-packages/limo_bringup-0.0.1-py3.10.egg-info/SOURCES.txt
/home/solverbot/final_limo/install/limo_bringup/lib/python3.10/site-packages/limo_bringup-0.0.1-py3.10.egg-info/requires.txt
/home/solverbot/final_limo/install/limo_bringup/bin/map_saver_listener
