[0.019s] Invoking command in '/home/solverbot/final_limo/build/sdl2_vendor': CMAKE_PREFIX_PATH=${CMAKE_PREFIX_PATH}:/home/solverbot/final_limo/install/voice_control:/home/solverbot/final_limo/install/p9n_bringup:/opt/ros/humble /usr/bin/cmake /home/solverbot/final_limo/src/joystick_drivers/sdl2_vendor -DCMAKE_INSTALL_PREFIX=/home/solverbot/final_limo/install/sdl2_vendor
[0.104s] -- The C compiler identification is GNU 11.4.0
[0.183s] -- The CXX compiler identification is GNU 11.4.0
[0.192s] -- Detecting C compiler ABI info
[0.289s] -- Detecting C compiler ABI info - done
[0.311s] -- Check for working C compiler: /usr/bin/cc - skipped
[0.312s] -- Detecting C compile features
[0.312s] -- Detecting C compile features - done
[0.321s] -- Detecting CXX compiler ABI info
[0.467s] -- Detecting CXX compiler ABI info - done
[0.482s] -- Check for working CXX compiler: /usr/bin/c++ - skipped
[0.482s] -- Detecting CXX compile features
[0.483s] -- Detecting CXX compile features - done
[0.488s] -- Found ament_cmake: 1.3.12 (/opt/ros/humble/share/ament_cmake/cmake)
[1.669s] -- Found Python3: /usr/bin/python3 (found version "3.10.12") found components: Interpreter 
[1.919s] -- Configuring done
[1.926s] -- Generating done
[1.935s] -- Build files have been written to: /home/solverbot/final_limo/build/sdl2_vendor
[1.940s] Invoked command in '/home/solverbot/final_limo/build/sdl2_vendor' returned '0': CMAKE_PREFIX_PATH=${CMAKE_PREFIX_PATH}:/home/solverbot/final_limo/install/voice_control:/home/solverbot/final_limo/install/p9n_bringup:/opt/ros/humble /usr/bin/cmake /home/solverbot/final_limo/src/joystick_drivers/sdl2_vendor -DCMAKE_INSTALL_PREFIX=/home/solverbot/final_limo/install/sdl2_vendor
[1.942s] Invoking command in '/home/solverbot/final_limo/build/sdl2_vendor': CMAKE_PREFIX_PATH=${CMAKE_PREFIX_PATH}:/home/solverbot/final_limo/install/voice_control:/home/solverbot/final_limo/install/p9n_bringup:/opt/ros/humble /usr/bin/cmake --build /home/solverbot/final_limo/build/sdl2_vendor -- -j4 -l4
[1.990s] Invoked command in '/home/solverbot/final_limo/build/sdl2_vendor' returned '0': CMAKE_PREFIX_PATH=${CMAKE_PREFIX_PATH}:/home/solverbot/final_limo/install/voice_control:/home/solverbot/final_limo/install/p9n_bringup:/opt/ros/humble /usr/bin/cmake --build /home/solverbot/final_limo/build/sdl2_vendor -- -j4 -l4
[2.003s] Invoking command in '/home/solverbot/final_limo/build/sdl2_vendor': CMAKE_PREFIX_PATH=${CMAKE_PREFIX_PATH}:/home/solverbot/final_limo/install/voice_control:/home/solverbot/final_limo/install/p9n_bringup:/opt/ros/humble /usr/bin/cmake --install /home/solverbot/final_limo/build/sdl2_vendor
[2.015s] -- Install configuration: ""
[2.015s] -- Installing: /home/solverbot/final_limo/install/sdl2_vendor/share/sdl2_vendor/cmake
[2.015s] -- Installing: /home/solverbot/final_limo/install/sdl2_vendor/share/sdl2_vendor/cmake/Modules
[2.015s] -- Installing: /home/solverbot/final_limo/install/sdl2_vendor/share/sdl2_vendor/cmake/Modules/Findsdl2_custom.cmake
[2.016s] -- Installing: /home/solverbot/final_limo/install/sdl2_vendor/share/ament_index/resource_index/package_run_dependencies/sdl2_vendor
[2.016s] -- Installing: /home/solverbot/final_limo/install/sdl2_vendor/share/ament_index/resource_index/parent_prefix_path/sdl2_vendor
[2.018s] -- Installing: /home/solverbot/final_limo/install/sdl2_vendor/share/sdl2_vendor/environment/ament_prefix_path.sh
[2.018s] -- Installing: /home/solverbot/final_limo/install/sdl2_vendor/share/sdl2_vendor/environment/ament_prefix_path.dsv
[2.018s] -- Installing: /home/solverbot/final_limo/install/sdl2_vendor/share/sdl2_vendor/environment/path.sh
[2.018s] -- Installing: /home/solverbot/final_limo/install/sdl2_vendor/share/sdl2_vendor/environment/path.dsv
[2.018s] -- Installing: /home/solverbot/final_limo/install/sdl2_vendor/share/sdl2_vendor/local_setup.bash
[2.018s] -- Installing: /home/solverbot/final_limo/install/sdl2_vendor/share/sdl2_vendor/local_setup.sh
[2.018s] -- Installing: /home/solverbot/final_limo/install/sdl2_vendor/share/sdl2_vendor/local_setup.zsh
[2.018s] -- Installing: /home/solverbot/final_limo/install/sdl2_vendor/share/sdl2_vendor/local_setup.dsv
[2.018s] -- Installing: /home/solverbot/final_limo/install/sdl2_vendor/share/sdl2_vendor/package.dsv
[2.019s] -- Installing: /home/solverbot/final_limo/install/sdl2_vendor/share/ament_index/resource_index/packages/sdl2_vendor
[2.019s] -- Installing: /home/solverbot/final_limo/install/sdl2_vendor/share/sdl2_vendor/cmake/sdl2_vendor-extras.cmake
[2.019s] -- Installing: /home/solverbot/final_limo/install/sdl2_vendor/share/sdl2_vendor/cmake/sdl2_vendorConfig.cmake
[2.019s] -- Installing: /home/solverbot/final_limo/install/sdl2_vendor/share/sdl2_vendor/cmake/sdl2_vendorConfig-version.cmake
[2.019s] -- Installing: /home/solverbot/final_limo/install/sdl2_vendor/share/sdl2_vendor/package.xml
[2.021s] Invoked command in '/home/solverbot/final_limo/build/sdl2_vendor' returned '0': CMAKE_PREFIX_PATH=${CMAKE_PREFIX_PATH}:/home/solverbot/final_limo/install/voice_control:/home/solverbot/final_limo/install/p9n_bringup:/opt/ros/humble /usr/bin/cmake --install /home/solverbot/final_limo/build/sdl2_vendor
