[0.150s] DEBUG:colcon:Command line arguments: ['/usr/bin/colcon', 'build', '--packages-select', 'rf2o_laser_odometry']
[0.150s] DEBUG:colcon:Parsed command line arguments: Namespace(log_base=None, log_level=None, verb_name='build', build_base='build', install_base='install', merge_install=False, symlink_install=False, test_result_base=None, continue_on_error=False, executor='parallel', parallel_workers=4, event_handlers=None, ignore_user_meta=False, metas=['./colcon.meta'], base_paths=['.'], packages_ignore=None, packages_ignore_regex=None, paths=None, packages_up_to=None, packages_up_to_regex=None, packages_above=None, packages_above_and_dependencies=None, packages_above_depth=None, packages_select_by_dep=None, packages_skip_by_dep=None, packages_skip_up_to=None, packages_select_build_failed=False, packages_skip_build_finished=False, packages_select_test_failures=False, packages_skip_test_passed=False, packages_select=['rf2o_laser_odometry'], packages_skip=None, packages_select_regex=None, packages_skip_regex=None, packages_start=None, packages_end=None, allow_overriding=[], cmake_args=None, cmake_target=None, cmake_target_skip_unavailable=False, cmake_clean_cache=False, cmake_clean_first=False, cmake_force_configure=False, ament_cmake_args=None, catkin_cmake_args=None, catkin_skip_building_tests=False, verb_parser=<colcon_defaults.argument_parser.defaults.DefaultArgumentsDecorator object at 0x75628305e260>, verb_extension=<colcon_core.verb.build.BuildVerb object at 0x756283153850>, main=<bound method BuildVerb.main of <colcon_core.verb.build.BuildVerb object at 0x756283153850>>)
[0.507s] Level 1:colcon.colcon_core.package_discovery:discover_packages(colcon_meta) check parameters
[0.507s] Level 1:colcon.colcon_core.package_discovery:discover_packages(recursive) check parameters
[0.508s] Level 1:colcon.colcon_core.package_discovery:discover_packages(ignore) check parameters
[0.508s] Level 1:colcon.colcon_core.package_discovery:discover_packages(path) check parameters
[0.508s] Level 1:colcon.colcon_core.package_discovery:discover_packages(colcon_meta) discover
[0.508s] Level 1:colcon.colcon_core.package_discovery:discover_packages(recursive) discover
[0.508s] INFO:colcon.colcon_core.package_discovery:Crawling recursively for packages in '/home/solverbot/final_limo/src'
[0.508s] Level 1:colcon.colcon_core.package_identification:_identify(.) by extensions ['ignore', 'ignore_ament_install']
[0.508s] Level 1:colcon.colcon_core.package_identification:_identify(.) by extension 'ignore'
[0.508s] Level 1:colcon.colcon_core.package_identification:_identify(.) by extension 'ignore_ament_install'
[0.508s] Level 1:colcon.colcon_core.package_identification:_identify(.) by extensions ['colcon_pkg']
[0.508s] Level 1:colcon.colcon_core.package_identification:_identify(.) by extension 'colcon_pkg'
[0.508s] Level 1:colcon.colcon_core.package_identification:_identify(.) by extensions ['colcon_meta']
[0.508s] Level 1:colcon.colcon_core.package_identification:_identify(.) by extension 'colcon_meta'
[0.508s] Level 1:colcon.colcon_core.package_identification:_identify(.) by extensions ['ros']
[0.508s] Level 1:colcon.colcon_core.package_identification:_identify(.) by extension 'ros'
[0.529s] Level 1:colcon.colcon_core.package_identification:_identify(.) by extensions ['cmake', 'python']
[0.529s] Level 1:colcon.colcon_core.package_identification:_identify(.) by extension 'cmake'
[0.529s] Level 1:colcon.colcon_core.package_identification:_identify(.) by extension 'python'
[0.529s] Level 1:colcon.colcon_core.package_identification:_identify(.) by extensions ['python_setup_py']
[0.530s] Level 1:colcon.colcon_core.package_identification:_identify(.) by extension 'python_setup_py'
[0.530s] Level 1:colcon.colcon_core.package_identification:_identify(YDLidar-SDK) by extensions ['ignore', 'ignore_ament_install']
[0.530s] Level 1:colcon.colcon_core.package_identification:_identify(YDLidar-SDK) by extension 'ignore'
[0.530s] Level 1:colcon.colcon_core.package_identification:_identify(YDLidar-SDK) by extension 'ignore_ament_install'
[0.530s] Level 1:colcon.colcon_core.package_identification:_identify(YDLidar-SDK) by extensions ['colcon_pkg']
[0.530s] Level 1:colcon.colcon_core.package_identification:_identify(YDLidar-SDK) by extension 'colcon_pkg'
[0.530s] Level 1:colcon.colcon_core.package_identification:_identify(YDLidar-SDK) by extensions ['colcon_meta']
[0.530s] Level 1:colcon.colcon_core.package_identification:_identify(YDLidar-SDK) by extension 'colcon_meta'
[0.530s] Level 1:colcon.colcon_core.package_identification:_identify(YDLidar-SDK) by extensions ['ros']
[0.530s] Level 1:colcon.colcon_core.package_identification:_identify(YDLidar-SDK) by extension 'ros'
[0.530s] Level 1:colcon.colcon_core.package_identification:_identify(YDLidar-SDK) by extensions ['cmake', 'python']
[0.530s] Level 1:colcon.colcon_core.package_identification:_identify(YDLidar-SDK) by extension 'cmake'
[0.565s] Level 1:colcon.colcon_core.package_identification:_identify(YDLidar-SDK) by extension 'python'
[0.566s] DEBUG:colcon.colcon_core.package_identification:Package 'YDLidar-SDK' with type 'cmake' and name 'ydlidar_sdk'
[0.566s] Level 1:colcon.colcon_core.package_identification:_identify(build) by extensions ['ignore', 'ignore_ament_install']
[0.566s] Level 1:colcon.colcon_core.package_identification:_identify(build) by extension 'ignore'
[0.566s] Level 1:colcon.colcon_core.package_identification:_identify(build) ignored
[0.566s] Level 1:colcon.colcon_core.package_identification:_identify(install) by extensions ['ignore', 'ignore_ament_install']
[0.566s] Level 1:colcon.colcon_core.package_identification:_identify(install) by extension 'ignore'
[0.566s] Level 1:colcon.colcon_core.package_identification:_identify(install) ignored
[0.566s] Level 1:colcon.colcon_core.package_identification:_identify(limo_ros2) by extensions ['ignore', 'ignore_ament_install']
[0.567s] Level 1:colcon.colcon_core.package_identification:_identify(limo_ros2) by extension 'ignore'
[0.567s] Level 1:colcon.colcon_core.package_identification:_identify(limo_ros2) by extension 'ignore_ament_install'
[0.567s] Level 1:colcon.colcon_core.package_identification:_identify(limo_ros2) by extensions ['colcon_pkg']
[0.567s] Level 1:colcon.colcon_core.package_identification:_identify(limo_ros2) by extension 'colcon_pkg'
[0.567s] Level 1:colcon.colcon_core.package_identification:_identify(limo_ros2) by extensions ['colcon_meta']
[0.567s] Level 1:colcon.colcon_core.package_identification:_identify(limo_ros2) by extension 'colcon_meta'
[0.567s] Level 1:colcon.colcon_core.package_identification:_identify(limo_ros2) by extensions ['ros']
[0.567s] Level 1:colcon.colcon_core.package_identification:_identify(limo_ros2) by extension 'ros'
[0.567s] Level 1:colcon.colcon_core.package_identification:_identify(limo_ros2) by extensions ['cmake', 'python']
[0.567s] Level 1:colcon.colcon_core.package_identification:_identify(limo_ros2) by extension 'cmake'
[0.567s] Level 1:colcon.colcon_core.package_identification:_identify(limo_ros2) by extension 'python'
[0.567s] Level 1:colcon.colcon_core.package_identification:_identify(limo_ros2) by extensions ['python_setup_py']
[0.567s] Level 1:colcon.colcon_core.package_identification:_identify(limo_ros2) by extension 'python_setup_py'
[0.567s] Level 1:colcon.colcon_core.package_identification:_identify(limo_ros2/catmux) by extensions ['ignore', 'ignore_ament_install']
[0.568s] Level 1:colcon.colcon_core.package_identification:_identify(limo_ros2/catmux) by extension 'ignore'
[0.568s] Level 1:colcon.colcon_core.package_identification:_identify(limo_ros2/catmux) by extension 'ignore_ament_install'
[0.568s] Level 1:colcon.colcon_core.package_identification:_identify(limo_ros2/catmux) by extensions ['colcon_pkg']
[0.568s] Level 1:colcon.colcon_core.package_identification:_identify(limo_ros2/catmux) by extension 'colcon_pkg'
[0.568s] Level 1:colcon.colcon_core.package_identification:_identify(limo_ros2/catmux) by extensions ['colcon_meta']
[0.568s] Level 1:colcon.colcon_core.package_identification:_identify(limo_ros2/catmux) by extension 'colcon_meta'
[0.568s] Level 1:colcon.colcon_core.package_identification:_identify(limo_ros2/catmux) by extensions ['ros']
[0.568s] Level 1:colcon.colcon_core.package_identification:_identify(limo_ros2/catmux) by extension 'ros'
[0.568s] Level 1:colcon.colcon_core.package_identification:_identify(limo_ros2/catmux) by extensions ['cmake', 'python']
[0.568s] Level 1:colcon.colcon_core.package_identification:_identify(limo_ros2/catmux) by extension 'cmake'
[0.568s] Level 1:colcon.colcon_core.package_identification:_identify(limo_ros2/catmux) by extension 'python'
[0.568s] Level 1:colcon.colcon_core.package_identification:_identify(limo_ros2/catmux) by extensions ['python_setup_py']
[0.568s] Level 1:colcon.colcon_core.package_identification:_identify(limo_ros2/catmux) by extension 'python_setup_py'
[0.568s] Level 1:colcon.colcon_core.package_identification:_identify(limo_ros2/docs) by extensions ['ignore', 'ignore_ament_install']
[0.569s] Level 1:colcon.colcon_core.package_identification:_identify(limo_ros2/docs) by extension 'ignore'
[0.569s] Level 1:colcon.colcon_core.package_identification:_identify(limo_ros2/docs) by extension 'ignore_ament_install'
[0.569s] Level 1:colcon.colcon_core.package_identification:_identify(limo_ros2/docs) by extensions ['colcon_pkg']
[0.569s] Level 1:colcon.colcon_core.package_identification:_identify(limo_ros2/docs) by extension 'colcon_pkg'
[0.569s] Level 1:colcon.colcon_core.package_identification:_identify(limo_ros2/docs) by extensions ['colcon_meta']
[0.569s] Level 1:colcon.colcon_core.package_identification:_identify(limo_ros2/docs) by extension 'colcon_meta'
[0.569s] Level 1:colcon.colcon_core.package_identification:_identify(limo_ros2/docs) by extensions ['ros']
[0.569s] Level 1:colcon.colcon_core.package_identification:_identify(limo_ros2/docs) by extension 'ros'
[0.569s] Level 1:colcon.colcon_core.package_identification:_identify(limo_ros2/docs) by extensions ['cmake', 'python']
[0.569s] Level 1:colcon.colcon_core.package_identification:_identify(limo_ros2/docs) by extension 'cmake'
[0.569s] Level 1:colcon.colcon_core.package_identification:_identify(limo_ros2/docs) by extension 'python'
[0.569s] Level 1:colcon.colcon_core.package_identification:_identify(limo_ros2/docs) by extensions ['python_setup_py']
[0.569s] Level 1:colcon.colcon_core.package_identification:_identify(limo_ros2/docs) by extension 'python_setup_py'
[0.569s] Level 1:colcon.colcon_core.package_identification:_identify(limo_ros2/limo_base) by extensions ['ignore', 'ignore_ament_install']
[0.570s] Level 1:colcon.colcon_core.package_identification:_identify(limo_ros2/limo_base) by extension 'ignore'
[0.570s] Level 1:colcon.colcon_core.package_identification:_identify(limo_ros2/limo_base) by extension 'ignore_ament_install'
[0.570s] Level 1:colcon.colcon_core.package_identification:_identify(limo_ros2/limo_base) by extensions ['colcon_pkg']
[0.570s] Level 1:colcon.colcon_core.package_identification:_identify(limo_ros2/limo_base) by extension 'colcon_pkg'
[0.570s] Level 1:colcon.colcon_core.package_identification:_identify(limo_ros2/limo_base) by extensions ['colcon_meta']
[0.570s] Level 1:colcon.colcon_core.package_identification:_identify(limo_ros2/limo_base) by extension 'colcon_meta'
[0.570s] Level 1:colcon.colcon_core.package_identification:_identify(limo_ros2/limo_base) by extensions ['ros']
[0.570s] Level 1:colcon.colcon_core.package_identification:_identify(limo_ros2/limo_base) by extension 'ros'
[0.574s] DEBUG:colcon.colcon_core.package_identification:Package 'limo_ros2/limo_base' with type 'ros.ament_cmake' and name 'limo_base'
[0.574s] Level 1:colcon.colcon_core.package_identification:_identify(limo_ros2/limo_bringup) by extensions ['ignore', 'ignore_ament_install']
[0.574s] Level 1:colcon.colcon_core.package_identification:_identify(limo_ros2/limo_bringup) by extension 'ignore'
[0.574s] Level 1:colcon.colcon_core.package_identification:_identify(limo_ros2/limo_bringup) by extension 'ignore_ament_install'
[0.574s] Level 1:colcon.colcon_core.package_identification:_identify(limo_ros2/limo_bringup) by extensions ['colcon_pkg']
[0.575s] Level 1:colcon.colcon_core.package_identification:_identify(limo_ros2/limo_bringup) by extension 'colcon_pkg'
[0.575s] Level 1:colcon.colcon_core.package_identification:_identify(limo_ros2/limo_bringup) by extensions ['colcon_meta']
[0.575s] Level 1:colcon.colcon_core.package_identification:_identify(limo_ros2/limo_bringup) by extension 'colcon_meta'
[0.575s] Level 1:colcon.colcon_core.package_identification:_identify(limo_ros2/limo_bringup) by extensions ['ros']
[0.575s] Level 1:colcon.colcon_core.package_identification:_identify(limo_ros2/limo_bringup) by extension 'ros'
[0.577s] DEBUG:colcon.colcon_core.package_identification:Package 'limo_ros2/limo_bringup' with type 'ros.ament_cmake' and name 'limo_bringup'
[0.577s] Level 1:colcon.colcon_core.package_identification:_identify(limo_ros2/limo_car) by extensions ['ignore', 'ignore_ament_install']
[0.577s] Level 1:colcon.colcon_core.package_identification:_identify(limo_ros2/limo_car) by extension 'ignore'
[0.577s] Level 1:colcon.colcon_core.package_identification:_identify(limo_ros2/limo_car) by extension 'ignore_ament_install'
[0.577s] Level 1:colcon.colcon_core.package_identification:_identify(limo_ros2/limo_car) by extensions ['colcon_pkg']
[0.577s] Level 1:colcon.colcon_core.package_identification:_identify(limo_ros2/limo_car) by extension 'colcon_pkg'
[0.577s] Level 1:colcon.colcon_core.package_identification:_identify(limo_ros2/limo_car) by extensions ['colcon_meta']
[0.577s] Level 1:colcon.colcon_core.package_identification:_identify(limo_ros2/limo_car) by extension 'colcon_meta'
[0.577s] Level 1:colcon.colcon_core.package_identification:_identify(limo_ros2/limo_car) by extensions ['ros']
[0.577s] Level 1:colcon.colcon_core.package_identification:_identify(limo_ros2/limo_car) by extension 'ros'
[0.578s] Level 1:colcon.colcon_core.package_identification:_identify(limo_ros2/limo_car) by extensions ['cmake', 'python']
[0.578s] Level 1:colcon.colcon_core.package_identification:_identify(limo_ros2/limo_car) by extension 'cmake'
[0.578s] Level 1:colcon.colcon_core.package_identification:_identify(limo_ros2/limo_car) by extension 'python'
[0.578s] Level 1:colcon.colcon_core.package_identification:_identify(limo_ros2/limo_car) by extensions ['python_setup_py']
[0.578s] Level 1:colcon.colcon_core.package_identification:_identify(limo_ros2/limo_car) by extension 'python_setup_py'
[0.578s] Level 1:colcon.colcon_core.package_identification:_identify(limo_ros2/limo_car/log) by extensions ['ignore', 'ignore_ament_install']
[0.578s] Level 1:colcon.colcon_core.package_identification:_identify(limo_ros2/limo_car/log) by extension 'ignore'
[0.578s] Level 1:colcon.colcon_core.package_identification:_identify(limo_ros2/limo_car/log) by extension 'ignore_ament_install'
[0.578s] Level 1:colcon.colcon_core.package_identification:_identify(limo_ros2/limo_car/log) by extensions ['colcon_pkg']
[0.578s] Level 1:colcon.colcon_core.package_identification:_identify(limo_ros2/limo_car/log) by extension 'colcon_pkg'
[0.578s] Level 1:colcon.colcon_core.package_identification:_identify(limo_ros2/limo_car/log) by extensions ['colcon_meta']
[0.578s] Level 1:colcon.colcon_core.package_identification:_identify(limo_ros2/limo_car/log) by extension 'colcon_meta'
[0.578s] Level 1:colcon.colcon_core.package_identification:_identify(limo_ros2/limo_car/log) by extensions ['ros']
[0.578s] Level 1:colcon.colcon_core.package_identification:_identify(limo_ros2/limo_car/log) by extension 'ros'
[0.578s] Level 1:colcon.colcon_core.package_identification:_identify(limo_ros2/limo_car/log) by extensions ['cmake', 'python']
[0.579s] Level 1:colcon.colcon_core.package_identification:_identify(limo_ros2/limo_car/log) by extension 'cmake'
[0.579s] Level 1:colcon.colcon_core.package_identification:_identify(limo_ros2/limo_car/log) by extension 'python'
[0.579s] Level 1:colcon.colcon_core.package_identification:_identify(limo_ros2/limo_car/log) by extensions ['python_setup_py']
[0.579s] Level 1:colcon.colcon_core.package_identification:_identify(limo_ros2/limo_car/log) by extension 'python_setup_py'
[0.579s] Level 1:colcon.colcon_core.package_identification:_identify(limo_ros2/limo_car/src) by extensions ['ignore', 'ignore_ament_install']
[0.579s] Level 1:colcon.colcon_core.package_identification:_identify(limo_ros2/limo_car/src) by extension 'ignore'
[0.579s] Level 1:colcon.colcon_core.package_identification:_identify(limo_ros2/limo_car/src) by extension 'ignore_ament_install'
[0.579s] Level 1:colcon.colcon_core.package_identification:_identify(limo_ros2/limo_car/src) by extensions ['colcon_pkg']
[0.579s] Level 1:colcon.colcon_core.package_identification:_identify(limo_ros2/limo_car/src) by extension 'colcon_pkg'
[0.579s] Level 1:colcon.colcon_core.package_identification:_identify(limo_ros2/limo_car/src) by extensions ['colcon_meta']
[0.579s] Level 1:colcon.colcon_core.package_identification:_identify(limo_ros2/limo_car/src) by extension 'colcon_meta'
[0.579s] Level 1:colcon.colcon_core.package_identification:_identify(limo_ros2/limo_car/src) by extensions ['ros']
[0.579s] Level 1:colcon.colcon_core.package_identification:_identify(limo_ros2/limo_car/src) by extension 'ros'
[0.579s] Level 1:colcon.colcon_core.package_identification:_identify(limo_ros2/limo_car/src) by extensions ['cmake', 'python']
[0.580s] Level 1:colcon.colcon_core.package_identification:_identify(limo_ros2/limo_car/src) by extension 'cmake'
[0.580s] Level 1:colcon.colcon_core.package_identification:_identify(limo_ros2/limo_car/src) by extension 'python'
[0.580s] Level 1:colcon.colcon_core.package_identification:_identify(limo_ros2/limo_car/src) by extensions ['python_setup_py']
[0.580s] Level 1:colcon.colcon_core.package_identification:_identify(limo_ros2/limo_car/src) by extension 'python_setup_py'
[0.580s] Level 1:colcon.colcon_core.package_identification:_identify(limo_ros2/limo_car/worlds) by extensions ['ignore', 'ignore_ament_install']
[0.580s] Level 1:colcon.colcon_core.package_identification:_identify(limo_ros2/limo_car/worlds) by extension 'ignore'
[0.580s] Level 1:colcon.colcon_core.package_identification:_identify(limo_ros2/limo_car/worlds) by extension 'ignore_ament_install'
[0.580s] Level 1:colcon.colcon_core.package_identification:_identify(limo_ros2/limo_car/worlds) by extensions ['colcon_pkg']
[0.580s] Level 1:colcon.colcon_core.package_identification:_identify(limo_ros2/limo_car/worlds) by extension 'colcon_pkg'
[0.580s] Level 1:colcon.colcon_core.package_identification:_identify(limo_ros2/limo_car/worlds) by extensions ['colcon_meta']
[0.580s] Level 1:colcon.colcon_core.package_identification:_identify(limo_ros2/limo_car/worlds) by extension 'colcon_meta'
[0.580s] Level 1:colcon.colcon_core.package_identification:_identify(limo_ros2/limo_car/worlds) by extensions ['ros']
[0.580s] Level 1:colcon.colcon_core.package_identification:_identify(limo_ros2/limo_car/worlds) by extension 'ros'
[0.580s] Level 1:colcon.colcon_core.package_identification:_identify(limo_ros2/limo_car/worlds) by extensions ['cmake', 'python']
[0.581s] Level 1:colcon.colcon_core.package_identification:_identify(limo_ros2/limo_car/worlds) by extension 'cmake'
[0.581s] Level 1:colcon.colcon_core.package_identification:_identify(limo_ros2/limo_car/worlds) by extension 'python'
[0.581s] Level 1:colcon.colcon_core.package_identification:_identify(limo_ros2/limo_car/worlds) by extensions ['python_setup_py']
[0.581s] Level 1:colcon.colcon_core.package_identification:_identify(limo_ros2/limo_car/worlds) by extension 'python_setup_py'
[0.581s] Level 1:colcon.colcon_core.package_identification:_identify(limo_ros2/limo_description) by extensions ['ignore', 'ignore_ament_install']
[0.581s] Level 1:colcon.colcon_core.package_identification:_identify(limo_ros2/limo_description) by extension 'ignore'
[0.581s] Level 1:colcon.colcon_core.package_identification:_identify(limo_ros2/limo_description) by extension 'ignore_ament_install'
[0.581s] Level 1:colcon.colcon_core.package_identification:_identify(limo_ros2/limo_description) by extensions ['colcon_pkg']
[0.581s] Level 1:colcon.colcon_core.package_identification:_identify(limo_ros2/limo_description) by extension 'colcon_pkg'
[0.581s] Level 1:colcon.colcon_core.package_identification:_identify(limo_ros2/limo_description) by extensions ['colcon_meta']
[0.581s] Level 1:colcon.colcon_core.package_identification:_identify(limo_ros2/limo_description) by extension 'colcon_meta'
[0.581s] Level 1:colcon.colcon_core.package_identification:_identify(limo_ros2/limo_description) by extensions ['ros']
[0.581s] Level 1:colcon.colcon_core.package_identification:_identify(limo_ros2/limo_description) by extension 'ros'
[0.584s] DEBUG:colcon.colcon_core.package_identification:Package 'limo_ros2/limo_description' with type 'ros.ament_cmake' and name 'limo_description'
[0.584s] Level 1:colcon.colcon_core.package_identification:_identify(limo_ros2/limo_msgs) by extensions ['ignore', 'ignore_ament_install']
[0.584s] Level 1:colcon.colcon_core.package_identification:_identify(limo_ros2/limo_msgs) by extension 'ignore'
[0.584s] Level 1:colcon.colcon_core.package_identification:_identify(limo_ros2/limo_msgs) by extension 'ignore_ament_install'
[0.584s] Level 1:colcon.colcon_core.package_identification:_identify(limo_ros2/limo_msgs) by extensions ['colcon_pkg']
[0.584s] Level 1:colcon.colcon_core.package_identification:_identify(limo_ros2/limo_msgs) by extension 'colcon_pkg'
[0.584s] Level 1:colcon.colcon_core.package_identification:_identify(limo_ros2/limo_msgs) by extensions ['colcon_meta']
[0.584s] Level 1:colcon.colcon_core.package_identification:_identify(limo_ros2/limo_msgs) by extension 'colcon_meta'
[0.585s] Level 1:colcon.colcon_core.package_identification:_identify(limo_ros2/limo_msgs) by extensions ['ros']
[0.585s] Level 1:colcon.colcon_core.package_identification:_identify(limo_ros2/limo_msgs) by extension 'ros'
[0.586s] DEBUG:colcon.colcon_core.package_identification:Package 'limo_ros2/limo_msgs' with type 'ros.ament_cmake' and name 'limo_msgs'
[0.586s] Level 1:colcon.colcon_core.package_identification:_identify(limo_ros2/voice_control) by extensions ['ignore', 'ignore_ament_install']
[0.586s] Level 1:colcon.colcon_core.package_identification:_identify(limo_ros2/voice_control) by extension 'ignore'
[0.586s] Level 1:colcon.colcon_core.package_identification:_identify(limo_ros2/voice_control) by extension 'ignore_ament_install'
[0.586s] Level 1:colcon.colcon_core.package_identification:_identify(limo_ros2/voice_control) by extensions ['colcon_pkg']
[0.586s] Level 1:colcon.colcon_core.package_identification:_identify(limo_ros2/voice_control) by extension 'colcon_pkg'
[0.586s] Level 1:colcon.colcon_core.package_identification:_identify(limo_ros2/voice_control) by extensions ['colcon_meta']
[0.586s] Level 1:colcon.colcon_core.package_identification:_identify(limo_ros2/voice_control) by extension 'colcon_meta'
[0.586s] Level 1:colcon.colcon_core.package_identification:_identify(limo_ros2/voice_control) by extensions ['ros']
[0.586s] Level 1:colcon.colcon_core.package_identification:_identify(limo_ros2/voice_control) by extension 'ros'
[0.587s] DEBUG:colcon.colcon_core.package_identification:Package 'limo_ros2/voice_control' with type 'ros.ament_python' and name 'voice_control'
[0.587s] Level 1:colcon.colcon_core.package_identification:_identify(limo_ros2/ydlidar_ros2) by extensions ['ignore', 'ignore_ament_install']
[0.587s] Level 1:colcon.colcon_core.package_identification:_identify(limo_ros2/ydlidar_ros2) by extension 'ignore'
[0.587s] Level 1:colcon.colcon_core.package_identification:_identify(limo_ros2/ydlidar_ros2) by extension 'ignore_ament_install'
[0.588s] Level 1:colcon.colcon_core.package_identification:_identify(limo_ros2/ydlidar_ros2) by extensions ['colcon_pkg']
[0.588s] Level 1:colcon.colcon_core.package_identification:_identify(limo_ros2/ydlidar_ros2) by extension 'colcon_pkg'
[0.588s] Level 1:colcon.colcon_core.package_identification:_identify(limo_ros2/ydlidar_ros2) by extensions ['colcon_meta']
[0.588s] Level 1:colcon.colcon_core.package_identification:_identify(limo_ros2/ydlidar_ros2) by extension 'colcon_meta'
[0.588s] Level 1:colcon.colcon_core.package_identification:_identify(limo_ros2/ydlidar_ros2) by extensions ['ros']
[0.588s] Level 1:colcon.colcon_core.package_identification:_identify(limo_ros2/ydlidar_ros2) by extension 'ros'
[0.589s] DEBUG:colcon.colcon_core.package_identification:Package 'limo_ros2/ydlidar_ros2' with type 'ros.ament_cmake' and name 'ydlidar_ros2_driver'
[0.589s] Level 1:colcon.colcon_core.package_identification:_identify(log) by extensions ['ignore', 'ignore_ament_install']
[0.589s] Level 1:colcon.colcon_core.package_identification:_identify(log) by extension 'ignore'
[0.589s] Level 1:colcon.colcon_core.package_identification:_identify(log) ignored
[0.589s] Level 1:colcon.colcon_core.package_identification:_identify(rf2o_laser_odometry) by extensions ['ignore', 'ignore_ament_install']
[0.589s] Level 1:colcon.colcon_core.package_identification:_identify(rf2o_laser_odometry) by extension 'ignore'
[0.589s] Level 1:colcon.colcon_core.package_identification:_identify(rf2o_laser_odometry) by extension 'ignore_ament_install'
[0.589s] Level 1:colcon.colcon_core.package_identification:_identify(rf2o_laser_odometry) by extensions ['colcon_pkg']
[0.589s] Level 1:colcon.colcon_core.package_identification:_identify(rf2o_laser_odometry) by extension 'colcon_pkg'
[0.590s] Level 1:colcon.colcon_core.package_identification:_identify(rf2o_laser_odometry) by extensions ['colcon_meta']
[0.590s] Level 1:colcon.colcon_core.package_identification:_identify(rf2o_laser_odometry) by extension 'colcon_meta'
[0.590s] Level 1:colcon.colcon_core.package_identification:_identify(rf2o_laser_odometry) by extensions ['ros']
[0.590s] Level 1:colcon.colcon_core.package_identification:_identify(rf2o_laser_odometry) by extension 'ros'
[0.591s] DEBUG:colcon.colcon_core.package_identification:Package 'rf2o_laser_odometry' with type 'ros.ament_cmake' and name 'rf2o_laser_odometry'
[0.591s] Level 1:colcon.colcon_core.package_identification:_identify(urg_node2) by extensions ['ignore', 'ignore_ament_install']
[0.592s] Level 1:colcon.colcon_core.package_identification:_identify(urg_node2) by extension 'ignore'
[0.592s] Level 1:colcon.colcon_core.package_identification:_identify(urg_node2) by extension 'ignore_ament_install'
[0.592s] Level 1:colcon.colcon_core.package_identification:_identify(urg_node2) by extensions ['colcon_pkg']
[0.592s] Level 1:colcon.colcon_core.package_identification:_identify(urg_node2) by extension 'colcon_pkg'
[0.592s] Level 1:colcon.colcon_core.package_identification:_identify(urg_node2) by extensions ['colcon_meta']
[0.592s] Level 1:colcon.colcon_core.package_identification:_identify(urg_node2) by extension 'colcon_meta'
[0.592s] Level 1:colcon.colcon_core.package_identification:_identify(urg_node2) by extensions ['ros']
[0.592s] Level 1:colcon.colcon_core.package_identification:_identify(urg_node2) by extension 'ros'
[0.594s] DEBUG:colcon.colcon_core.package_identification:Package 'urg_node2' with type 'ros.ament_cmake' and name 'urg_node2'
[0.594s] Level 1:colcon.colcon_core.package_discovery:discover_packages(recursive) using defaults
[0.594s] Level 1:colcon.colcon_core.package_discovery:discover_packages(ignore) discover
[0.594s] Level 1:colcon.colcon_core.package_discovery:discover_packages(ignore) using defaults
[0.594s] Level 1:colcon.colcon_core.package_discovery:discover_packages(path) discover
[0.594s] Level 1:colcon.colcon_core.package_discovery:discover_packages(path) using defaults
[0.626s] INFO:colcon.colcon_core.package_selection:Skipping not selected package 'limo_description' in 'limo_ros2/limo_description'
[0.626s] INFO:colcon.colcon_core.package_selection:Skipping not selected package 'limo_msgs' in 'limo_ros2/limo_msgs'
[0.626s] INFO:colcon.colcon_core.package_selection:Skipping not selected package 'urg_node2' in 'urg_node2'
[0.626s] INFO:colcon.colcon_core.package_selection:Skipping not selected package 'voice_control' in 'limo_ros2/voice_control'
[0.626s] INFO:colcon.colcon_core.package_selection:Skipping not selected package 'ydlidar_ros2_driver' in 'limo_ros2/ydlidar_ros2'
[0.626s] INFO:colcon.colcon_core.package_selection:Skipping not selected package 'ydlidar_sdk' in 'YDLidar-SDK'
[0.626s] INFO:colcon.colcon_core.package_selection:Skipping not selected package 'limo_base' in 'limo_ros2/limo_base'
[0.626s] INFO:colcon.colcon_core.package_selection:Skipping not selected package 'limo_bringup' in 'limo_ros2/limo_bringup'
[0.627s] Level 1:colcon.colcon_core.package_discovery:discover_packages(prefix_path) check parameters
[0.627s] Level 1:colcon.colcon_core.package_discovery:discover_packages(prefix_path) discover
[0.630s] DEBUG:colcon.colcon_installed_package_information.package_discovery:Found 9 installed packages in /home/solverbot/final_limo/install
[0.632s] DEBUG:colcon.colcon_installed_package_information.package_discovery:Found 395 installed packages in /opt/ros/humble
[0.636s] Level 1:colcon.colcon_core.package_discovery:discover_packages(prefix_path) using defaults
[0.695s] Level 5:colcon.colcon_core.verb:set package 'rf2o_laser_odometry' build argument 'cmake_args' from command line to 'None'
[0.695s] Level 5:colcon.colcon_core.verb:set package 'rf2o_laser_odometry' build argument 'cmake_target' from command line to 'None'
[0.695s] Level 5:colcon.colcon_core.verb:set package 'rf2o_laser_odometry' build argument 'cmake_target_skip_unavailable' from command line to 'False'
[0.696s] Level 5:colcon.colcon_core.verb:set package 'rf2o_laser_odometry' build argument 'cmake_clean_cache' from command line to 'False'
[0.696s] Level 5:colcon.colcon_core.verb:set package 'rf2o_laser_odometry' build argument 'cmake_clean_first' from command line to 'False'
[0.696s] Level 5:colcon.colcon_core.verb:set package 'rf2o_laser_odometry' build argument 'cmake_force_configure' from command line to 'False'
[0.696s] Level 5:colcon.colcon_core.verb:set package 'rf2o_laser_odometry' build argument 'ament_cmake_args' from command line to 'None'
[0.696s] Level 5:colcon.colcon_core.verb:set package 'rf2o_laser_odometry' build argument 'catkin_cmake_args' from command line to 'None'
[0.696s] Level 5:colcon.colcon_core.verb:set package 'rf2o_laser_odometry' build argument 'catkin_skip_building_tests' from command line to 'False'
[0.696s] DEBUG:colcon.colcon_core.verb:Building package 'rf2o_laser_odometry' with the following arguments: {'ament_cmake_args': None, 'build_base': '/home/solverbot/final_limo/src/build/rf2o_laser_odometry', 'catkin_cmake_args': None, 'catkin_skip_building_tests': False, 'cmake_args': None, 'cmake_clean_cache': False, 'cmake_clean_first': False, 'cmake_force_configure': False, 'cmake_target': None, 'cmake_target_skip_unavailable': False, 'install_base': '/home/solverbot/final_limo/src/install/rf2o_laser_odometry', 'merge_install': False, 'path': '/home/solverbot/final_limo/src/rf2o_laser_odometry', 'symlink_install': False, 'test_result_base': None}
[0.696s] INFO:colcon.colcon_core.executor:Executing jobs using 'parallel' executor
[0.697s] DEBUG:colcon.colcon_parallel_executor.executor.parallel:run_until_complete
[0.697s] INFO:colcon.colcon_ros.task.ament_cmake.build:Building ROS package in '/home/solverbot/final_limo/src/rf2o_laser_odometry' with build type 'ament_cmake'
[0.698s] INFO:colcon.colcon_cmake.task.cmake.build:Building CMake package in '/home/solverbot/final_limo/src/rf2o_laser_odometry'
[0.700s] INFO:colcon.colcon_core.plugin_system:Skipping extension 'colcon_core.shell.bat': Not used on non-Windows systems
[0.701s] INFO:colcon.colcon_core.shell:Skip shell extension 'powershell' for command environment: Not usable outside of PowerShell
[0.701s] DEBUG:colcon.colcon_core.shell:Skip shell extension 'dsv' for command environment
[0.715s] DEBUG:colcon.colcon_core.event_handler.log_command:Invoking command in '/home/solverbot/final_limo/src/build/rf2o_laser_odometry': CMAKE_PREFIX_PATH=${CMAKE_PREFIX_PATH}:/home/solverbot/final_limo/install/voice_control:/opt/ros/humble /usr/bin/cmake /home/solverbot/final_limo/src/rf2o_laser_odometry -DCMAKE_INSTALL_PREFIX=/home/solverbot/final_limo/src/install/rf2o_laser_odometry
[3.398s] DEBUG:colcon.colcon_core.event_handler.log_command:Invoked command in '/home/solverbot/final_limo/src/build/rf2o_laser_odometry' returned '0': CMAKE_PREFIX_PATH=${CMAKE_PREFIX_PATH}:/home/solverbot/final_limo/install/voice_control:/opt/ros/humble /usr/bin/cmake /home/solverbot/final_limo/src/rf2o_laser_odometry -DCMAKE_INSTALL_PREFIX=/home/solverbot/final_limo/src/install/rf2o_laser_odometry
[3.399s] DEBUG:colcon.colcon_core.event_handler.log_command:Invoking command in '/home/solverbot/final_limo/src/build/rf2o_laser_odometry': CMAKE_PREFIX_PATH=${CMAKE_PREFIX_PATH}:/home/solverbot/final_limo/install/voice_control:/opt/ros/humble /usr/bin/cmake --build /home/solverbot/final_limo/src/build/rf2o_laser_odometry -- -j4 -l4
[80.113s] DEBUG:colcon.colcon_core.event_handler.log_command:Invoked command in '/home/solverbot/final_limo/src/build/rf2o_laser_odometry' returned '0': CMAKE_PREFIX_PATH=${CMAKE_PREFIX_PATH}:/home/solverbot/final_limo/install/voice_control:/opt/ros/humble /usr/bin/cmake --build /home/solverbot/final_limo/src/build/rf2o_laser_odometry -- -j4 -l4
[80.126s] DEBUG:colcon.colcon_core.event_handler.log_command:Invoking command in '/home/solverbot/final_limo/src/build/rf2o_laser_odometry': CMAKE_PREFIX_PATH=${CMAKE_PREFIX_PATH}:/home/solverbot/final_limo/install/voice_control:/opt/ros/humble /usr/bin/cmake --install /home/solverbot/final_limo/src/build/rf2o_laser_odometry
[80.153s] Level 1:colcon.colcon_core.environment:create_environment_scripts_only(rf2o_laser_odometry)
[80.153s] DEBUG:colcon.colcon_core.event_handler.log_command:Invoked command in '/home/solverbot/final_limo/src/build/rf2o_laser_odometry' returned '0': CMAKE_PREFIX_PATH=${CMAKE_PREFIX_PATH}:/home/solverbot/final_limo/install/voice_control:/opt/ros/humble /usr/bin/cmake --install /home/solverbot/final_limo/src/build/rf2o_laser_odometry
[80.156s] Level 1:colcon.colcon_core.environment:checking '/home/solverbot/final_limo/src/install/rf2o_laser_odometry' for CMake module files
[80.157s] Level 1:colcon.colcon_core.environment:checking '/home/solverbot/final_limo/src/install/rf2o_laser_odometry' for CMake config files
[80.158s] Level 1:colcon.colcon_core.shell:create_environment_hook('rf2o_laser_odometry', 'cmake_prefix_path')
[80.158s] INFO:colcon.colcon_core.shell:Creating environment hook '/home/solverbot/final_limo/src/install/rf2o_laser_odometry/share/rf2o_laser_odometry/hook/cmake_prefix_path.ps1'
[80.159s] INFO:colcon.colcon_core.shell:Creating environment descriptor '/home/solverbot/final_limo/src/install/rf2o_laser_odometry/share/rf2o_laser_odometry/hook/cmake_prefix_path.dsv'
[80.160s] INFO:colcon.colcon_core.shell:Creating environment hook '/home/solverbot/final_limo/src/install/rf2o_laser_odometry/share/rf2o_laser_odometry/hook/cmake_prefix_path.sh'
[80.161s] Level 1:colcon.colcon_core.environment:checking '/home/solverbot/final_limo/src/install/rf2o_laser_odometry/lib'
[80.161s] Level 1:colcon.colcon_core.environment:checking '/home/solverbot/final_limo/src/install/rf2o_laser_odometry/bin'
[80.162s] Level 1:colcon.colcon_core.environment:checking '/home/solverbot/final_limo/src/install/rf2o_laser_odometry/lib/pkgconfig/rf2o_laser_odometry.pc'
[80.162s] Level 1:colcon.colcon_core.environment:checking '/home/solverbot/final_limo/src/install/rf2o_laser_odometry/lib/python3.10/site-packages'
[80.162s] Level 1:colcon.colcon_core.environment:checking '/home/solverbot/final_limo/src/install/rf2o_laser_odometry/bin'
[80.163s] INFO:colcon.colcon_core.shell:Creating package script '/home/solverbot/final_limo/src/install/rf2o_laser_odometry/share/rf2o_laser_odometry/package.ps1'
[80.163s] INFO:colcon.colcon_core.shell:Creating package descriptor '/home/solverbot/final_limo/src/install/rf2o_laser_odometry/share/rf2o_laser_odometry/package.dsv'
[80.164s] INFO:colcon.colcon_core.shell:Creating package script '/home/solverbot/final_limo/src/install/rf2o_laser_odometry/share/rf2o_laser_odometry/package.sh'
[80.165s] INFO:colcon.colcon_core.shell:Creating package script '/home/solverbot/final_limo/src/install/rf2o_laser_odometry/share/rf2o_laser_odometry/package.bash'
[80.166s] INFO:colcon.colcon_core.shell:Creating package script '/home/solverbot/final_limo/src/install/rf2o_laser_odometry/share/rf2o_laser_odometry/package.zsh'
[80.167s] Level 1:colcon.colcon_core.environment:create_file_with_runtime_dependencies(/home/solverbot/final_limo/src/install/rf2o_laser_odometry/share/colcon-core/packages/rf2o_laser_odometry)
[80.168s] Level 1:colcon.colcon_core.environment:create_environment_scripts_only(rf2o_laser_odometry)
[80.168s] Level 1:colcon.colcon_core.environment:checking '/home/solverbot/final_limo/src/install/rf2o_laser_odometry' for CMake module files
[80.169s] Level 1:colcon.colcon_core.environment:checking '/home/solverbot/final_limo/src/install/rf2o_laser_odometry' for CMake config files
[80.169s] Level 1:colcon.colcon_core.shell:create_environment_hook('rf2o_laser_odometry', 'cmake_prefix_path')
[80.170s] INFO:colcon.colcon_core.shell:Creating environment hook '/home/solverbot/final_limo/src/install/rf2o_laser_odometry/share/rf2o_laser_odometry/hook/cmake_prefix_path.ps1'
[80.170s] INFO:colcon.colcon_core.shell:Creating environment descriptor '/home/solverbot/final_limo/src/install/rf2o_laser_odometry/share/rf2o_laser_odometry/hook/cmake_prefix_path.dsv'
[80.171s] INFO:colcon.colcon_core.shell:Creating environment hook '/home/solverbot/final_limo/src/install/rf2o_laser_odometry/share/rf2o_laser_odometry/hook/cmake_prefix_path.sh'
[80.171s] Level 1:colcon.colcon_core.environment:checking '/home/solverbot/final_limo/src/install/rf2o_laser_odometry/lib'
[80.171s] Level 1:colcon.colcon_core.environment:checking '/home/solverbot/final_limo/src/install/rf2o_laser_odometry/bin'
[80.172s] Level 1:colcon.colcon_core.environment:checking '/home/solverbot/final_limo/src/install/rf2o_laser_odometry/lib/pkgconfig/rf2o_laser_odometry.pc'
[80.172s] Level 1:colcon.colcon_core.environment:checking '/home/solverbot/final_limo/src/install/rf2o_laser_odometry/lib/python3.10/site-packages'
[80.172s] Level 1:colcon.colcon_core.environment:checking '/home/solverbot/final_limo/src/install/rf2o_laser_odometry/bin'
[80.173s] INFO:colcon.colcon_core.shell:Creating package script '/home/solverbot/final_limo/src/install/rf2o_laser_odometry/share/rf2o_laser_odometry/package.ps1'
[80.174s] INFO:colcon.colcon_core.shell:Creating package descriptor '/home/solverbot/final_limo/src/install/rf2o_laser_odometry/share/rf2o_laser_odometry/package.dsv'
[80.174s] INFO:colcon.colcon_core.shell:Creating package script '/home/solverbot/final_limo/src/install/rf2o_laser_odometry/share/rf2o_laser_odometry/package.sh'
[80.175s] INFO:colcon.colcon_core.shell:Creating package script '/home/solverbot/final_limo/src/install/rf2o_laser_odometry/share/rf2o_laser_odometry/package.bash'
[80.176s] INFO:colcon.colcon_core.shell:Creating package script '/home/solverbot/final_limo/src/install/rf2o_laser_odometry/share/rf2o_laser_odometry/package.zsh'
[80.176s] Level 1:colcon.colcon_core.environment:create_file_with_runtime_dependencies(/home/solverbot/final_limo/src/install/rf2o_laser_odometry/share/colcon-core/packages/rf2o_laser_odometry)
[80.177s] DEBUG:colcon.colcon_parallel_executor.executor.parallel:closing loop
[80.177s] DEBUG:colcon.colcon_parallel_executor.executor.parallel:loop closed
[80.177s] DEBUG:colcon.colcon_parallel_executor.executor.parallel:run_until_complete finished with '0'
[80.177s] DEBUG:colcon.colcon_core.event_reactor:joining thread
[80.183s] INFO:colcon.colcon_core.plugin_system:Skipping extension 'colcon_notification.desktop_notification.terminal_notifier': Not used on non-Darwin systems
[80.183s] INFO:colcon.colcon_core.plugin_system:Skipping extension 'colcon_notification.desktop_notification.win32': Not used on non-Windows systems
[80.183s] INFO:colcon.colcon_notification.desktop_notification:Sending desktop notification using 'notify2'
[80.200s] DEBUG:colcon.colcon_core.event_reactor:joined thread
[80.200s] INFO:colcon.colcon_core.shell:Creating prefix script '/home/solverbot/final_limo/src/install/local_setup.ps1'
[80.202s] INFO:colcon.colcon_core.shell:Creating prefix util module '/home/solverbot/final_limo/src/install/_local_setup_util_ps1.py'
[80.204s] INFO:colcon.colcon_core.shell:Creating prefix chain script '/home/solverbot/final_limo/src/install/setup.ps1'
[80.206s] INFO:colcon.colcon_core.shell:Creating prefix script '/home/solverbot/final_limo/src/install/local_setup.sh'
[80.206s] INFO:colcon.colcon_core.shell:Creating prefix util module '/home/solverbot/final_limo/src/install/_local_setup_util_sh.py'
[80.207s] INFO:colcon.colcon_core.shell:Creating prefix chain script '/home/solverbot/final_limo/src/install/setup.sh'
[80.209s] INFO:colcon.colcon_core.shell:Creating prefix script '/home/solverbot/final_limo/src/install/local_setup.bash'
[80.210s] INFO:colcon.colcon_core.shell:Creating prefix chain script '/home/solverbot/final_limo/src/install/setup.bash'
[80.213s] INFO:colcon.colcon_core.shell:Creating prefix script '/home/solverbot/final_limo/src/install/local_setup.zsh'
[80.214s] INFO:colcon.colcon_core.shell:Creating prefix chain script '/home/solverbot/final_limo/src/install/setup.zsh'
