[0.029s] Invoking command in '/home/solverbot/final_limo/build/p9n_node': CMAKE_PREFIX_PATH=/home/solverbot/final_limo/install/joy:/home/solverbot/final_limo/install/sdl2_vendor:/home/solverbot/final_limo/install/p9n_interface:/home/solverbot/final_limo/install/ydlidar_sdk:/home/solverbot/final_limo/install/ydlidar_ros2_driver:/home/solverbot/final_limo/install/wiimote:/home/solverbot/final_limo/install/wiimote_msgs:/home/solverbot/final_limo/install/urg_node2:/home/solverbot/final_limo/install/spacenav:/home/solverbot/final_limo/install/p9n:/home/solverbot/final_limo/install/p9n_test:/home/solverbot/final_limo/install/p9n_node:/home/solverbot/final_limo/install/p9n_example:/home/solverbot/final_limo/install/limo_joystick:/home/solverbot/final_limo/install/rf2o_laser_odometry:/home/solverbot/final_limo/install/limo_bringup:/home/solverbot/final_limo/install/limo_base:/home/solverbot/final_limo/install/limo_msgs:/home/solverbot/final_limo/install/limo_description:/home/solverbot/final_limo/install/joy_linux:/home/solverbot/final_limo/install/voice_control:/home/solverbot/final_limo/install/p9n_bringup:/opt/ros/humble LD_LIBRARY_PATH=/home/solverbot/final_limo/install/joy/lib:/home/solverbot/final_limo/install/wiimote/lib:/home/solverbot/final_limo/install/wiimote_msgs/lib:/home/solverbot/final_limo/install/urg_node2/lib:/home/solverbot/final_limo/install/spacenav/lib:/home/solverbot/final_limo/install/p9n_test/lib:/home/solverbot/final_limo/install/p9n_node/lib:/home/solverbot/final_limo/install/p9n_example/lib:/home/solverbot/final_limo/install/p9n_interface/lib:/home/solverbot/final_limo/install/limo_msgs/lib:/usr/lib/x86_64-linux-gnu/gazebo-11/plugins:/opt/ros/humble/opt/rviz_ogre_vendor/lib:/opt/ros/humble/lib/x86_64-linux-gnu:/opt/ros/humble/lib /usr/bin/cmake /home/solverbot/final_limo/src/PlayStation-JoyInterface-ROS2/p9n_node -DCMAKE_INSTALL_PREFIX=/home/solverbot/final_limo/install/p9n_node
[0.198s] -- The C compiler identification is GNU 11.4.0
[0.366s] -- The CXX compiler identification is GNU 11.4.0
[0.387s] -- Detecting C compiler ABI info
[0.584s] -- Detecting C compiler ABI info - done
[0.608s] -- Check for working C compiler: /usr/bin/cc - skipped
[0.610s] -- Detecting C compile features
[0.612s] -- Detecting C compile features - done
[0.620s] -- Detecting CXX compiler ABI info
[0.832s] -- Detecting CXX compiler ABI info - done
[0.855s] -- Check for working CXX compiler: /usr/bin/c++ - skipped
[0.855s] -- Detecting CXX compile features
[0.856s] -- Detecting CXX compile features - done
[0.863s] -- Found ament_cmake_auto: 1.3.12 (/opt/ros/humble/share/ament_cmake_auto/cmake)
[3.173s] -- Found Python3: /usr/bin/python3 (found version "3.10.12") found components: Interpreter 
[3.675s] -- Found rosidl_generator_c: 3.1.7 (/opt/ros/humble/share/rosidl_generator_c/cmake)
[3.699s] -- Found rosidl_adapter: 3.1.7 (/opt/ros/humble/share/rosidl_adapter/cmake)
[3.738s] -- Found rosidl_generator_cpp: 3.1.7 (/opt/ros/humble/share/rosidl_generator_cpp/cmake)
[3.763s] -- Using all available rosidl_typesupport_c: rosidl_typesupport_fastrtps_c;rosidl_typesupport_introspection_c
[3.790s] -- Using all available rosidl_typesupport_cpp: rosidl_typesupport_fastrtps_cpp;rosidl_typesupport_introspection_cpp
[3.954s] -- Found rmw_implementation_cmake: 6.1.2 (/opt/ros/humble/share/rmw_implementation_cmake/cmake)
[3.961s] -- Found rmw_cyclonedds_cpp: 1.3.4 (/opt/ros/humble/share/rmw_cyclonedds_cpp/cmake)
[4.004s] -- Using RMW implementation 'rmw_cyclonedds_cpp' as default
[4.020s] -- Looking for pthread.h
[4.189s] -- Looking for pthread.h - found
[4.189s] -- Performing Test CMAKE_HAVE_LIBC_PTHREAD
[4.405s] -- Performing Test CMAKE_HAVE_LIBC_PTHREAD - Success
[4.406s] -- Found Threads: TRUE  
[4.761s] -- Found ament_lint_auto: 0.12.14 (/opt/ros/humble/share/ament_lint_auto/cmake)
[4.815s] [0mIn this package, headers install destination is set to `include` by ament_auto_package. It is recommended to install `include/p9n_node` instead and will be the default behavior of ament_auto_package from ROS 2 Kilted Kaiju. On distributions before Kilted, ament_auto_package behaves the same way when you use USE_SCOPED_HEADER_INSTALL_DIR option.[0m
[4.828s] -- Added test 'cppcheck' to perform static code analysis on C / C++ code
[4.828s] -- Configured cppcheck include dirs: /home/solverbot/final_limo/src/PlayStation-JoyInterface-ROS2/p9n_node/include
[4.828s] -- Configured cppcheck exclude dirs and/or files: 
[4.833s] -- Added test 'lint_cmake' to check CMake code style
[4.839s] -- Added test 'uncrustify' to check C / C++ code style
[4.839s] -- Configured uncrustify additional arguments: 
[4.840s] -- Added test 'xmllint' to check XML markup files
[4.854s] -- Configuring done
[4.906s] -- Generating done
[4.926s] -- Build files have been written to: /home/solverbot/final_limo/build/p9n_node
[4.950s] Invoked command in '/home/solverbot/final_limo/build/p9n_node' returned '0': CMAKE_PREFIX_PATH=/home/solverbot/final_limo/install/joy:/home/solverbot/final_limo/install/sdl2_vendor:/home/solverbot/final_limo/install/p9n_interface:/home/solverbot/final_limo/install/ydlidar_sdk:/home/solverbot/final_limo/install/ydlidar_ros2_driver:/home/solverbot/final_limo/install/wiimote:/home/solverbot/final_limo/install/wiimote_msgs:/home/solverbot/final_limo/install/urg_node2:/home/solverbot/final_limo/install/spacenav:/home/solverbot/final_limo/install/p9n:/home/solverbot/final_limo/install/p9n_test:/home/solverbot/final_limo/install/p9n_node:/home/solverbot/final_limo/install/p9n_example:/home/solverbot/final_limo/install/limo_joystick:/home/solverbot/final_limo/install/rf2o_laser_odometry:/home/solverbot/final_limo/install/limo_bringup:/home/solverbot/final_limo/install/limo_base:/home/solverbot/final_limo/install/limo_msgs:/home/solverbot/final_limo/install/limo_description:/home/solverbot/final_limo/install/joy_linux:/home/solverbot/final_limo/install/voice_control:/home/solverbot/final_limo/install/p9n_bringup:/opt/ros/humble LD_LIBRARY_PATH=/home/solverbot/final_limo/install/joy/lib:/home/solverbot/final_limo/install/wiimote/lib:/home/solverbot/final_limo/install/wiimote_msgs/lib:/home/solverbot/final_limo/install/urg_node2/lib:/home/solverbot/final_limo/install/spacenav/lib:/home/solverbot/final_limo/install/p9n_test/lib:/home/solverbot/final_limo/install/p9n_node/lib:/home/solverbot/final_limo/install/p9n_example/lib:/home/solverbot/final_limo/install/p9n_interface/lib:/home/solverbot/final_limo/install/limo_msgs/lib:/usr/lib/x86_64-linux-gnu/gazebo-11/plugins:/opt/ros/humble/opt/rviz_ogre_vendor/lib:/opt/ros/humble/lib/x86_64-linux-gnu:/opt/ros/humble/lib /usr/bin/cmake /home/solverbot/final_limo/src/PlayStation-JoyInterface-ROS2/p9n_node -DCMAKE_INSTALL_PREFIX=/home/solverbot/final_limo/install/p9n_node
[4.952s] Invoking command in '/home/solverbot/final_limo/build/p9n_node': CMAKE_PREFIX_PATH=/home/solverbot/final_limo/install/joy:/home/solverbot/final_limo/install/sdl2_vendor:/home/solverbot/final_limo/install/p9n_interface:/home/solverbot/final_limo/install/ydlidar_sdk:/home/solverbot/final_limo/install/ydlidar_ros2_driver:/home/solverbot/final_limo/install/wiimote:/home/solverbot/final_limo/install/wiimote_msgs:/home/solverbot/final_limo/install/urg_node2:/home/solverbot/final_limo/install/spacenav:/home/solverbot/final_limo/install/p9n:/home/solverbot/final_limo/install/p9n_test:/home/solverbot/final_limo/install/p9n_node:/home/solverbot/final_limo/install/p9n_example:/home/solverbot/final_limo/install/limo_joystick:/home/solverbot/final_limo/install/rf2o_laser_odometry:/home/solverbot/final_limo/install/limo_bringup:/home/solverbot/final_limo/install/limo_base:/home/solverbot/final_limo/install/limo_msgs:/home/solverbot/final_limo/install/limo_description:/home/solverbot/final_limo/install/joy_linux:/home/solverbot/final_limo/install/voice_control:/home/solverbot/final_limo/install/p9n_bringup:/opt/ros/humble LD_LIBRARY_PATH=/home/solverbot/final_limo/install/joy/lib:/home/solverbot/final_limo/install/wiimote/lib:/home/solverbot/final_limo/install/wiimote_msgs/lib:/home/solverbot/final_limo/install/urg_node2/lib:/home/solverbot/final_limo/install/spacenav/lib:/home/solverbot/final_limo/install/p9n_test/lib:/home/solverbot/final_limo/install/p9n_node/lib:/home/solverbot/final_limo/install/p9n_example/lib:/home/solverbot/final_limo/install/p9n_interface/lib:/home/solverbot/final_limo/install/limo_msgs/lib:/usr/lib/x86_64-linux-gnu/gazebo-11/plugins:/opt/ros/humble/opt/rviz_ogre_vendor/lib:/opt/ros/humble/lib/x86_64-linux-gnu:/opt/ros/humble/lib /usr/bin/cmake --build /home/solverbot/final_limo/build/p9n_node -- -j4 -l4
[5.091s] [ 25%] [32mBuilding CXX object CMakeFiles/p9n_node_teleop_twist_joy_node.dir/src/teleop_twist_joy_node.cpp.o[0m
[22.017s] [ 50%] [32m[1mLinking CXX shared library libp9n_node_teleop_twist_joy_node.so[0m
[23.022s] [ 50%] Built target p9n_node_teleop_twist_joy_node
[23.048s] [ 75%] [32mBuilding CXX object CMakeFiles/teleop_twist_joy_node_exec.dir/rclcpp_components/node_main_teleop_twist_joy_node_exec.cpp.o[0m
[28.274s] [100%] [32m[1mLinking CXX executable teleop_twist_joy_node_exec[0m
[28.483s] [100%] Built target teleop_twist_joy_node_exec
[28.501s] Invoked command in '/home/solverbot/final_limo/build/p9n_node' returned '0': CMAKE_PREFIX_PATH=/home/solverbot/final_limo/install/joy:/home/solverbot/final_limo/install/sdl2_vendor:/home/solverbot/final_limo/install/p9n_interface:/home/solverbot/final_limo/install/ydlidar_sdk:/home/solverbot/final_limo/install/ydlidar_ros2_driver:/home/solverbot/final_limo/install/wiimote:/home/solverbot/final_limo/install/wiimote_msgs:/home/solverbot/final_limo/install/urg_node2:/home/solverbot/final_limo/install/spacenav:/home/solverbot/final_limo/install/p9n:/home/solverbot/final_limo/install/p9n_test:/home/solverbot/final_limo/install/p9n_node:/home/solverbot/final_limo/install/p9n_example:/home/solverbot/final_limo/install/limo_joystick:/home/solverbot/final_limo/install/rf2o_laser_odometry:/home/solverbot/final_limo/install/limo_bringup:/home/solverbot/final_limo/install/limo_base:/home/solverbot/final_limo/install/limo_msgs:/home/solverbot/final_limo/install/limo_description:/home/solverbot/final_limo/install/joy_linux:/home/solverbot/final_limo/install/voice_control:/home/solverbot/final_limo/install/p9n_bringup:/opt/ros/humble LD_LIBRARY_PATH=/home/solverbot/final_limo/install/joy/lib:/home/solverbot/final_limo/install/wiimote/lib:/home/solverbot/final_limo/install/wiimote_msgs/lib:/home/solverbot/final_limo/install/urg_node2/lib:/home/solverbot/final_limo/install/spacenav/lib:/home/solverbot/final_limo/install/p9n_test/lib:/home/solverbot/final_limo/install/p9n_node/lib:/home/solverbot/final_limo/install/p9n_example/lib:/home/solverbot/final_limo/install/p9n_interface/lib:/home/solverbot/final_limo/install/limo_msgs/lib:/usr/lib/x86_64-linux-gnu/gazebo-11/plugins:/opt/ros/humble/opt/rviz_ogre_vendor/lib:/opt/ros/humble/lib/x86_64-linux-gnu:/opt/ros/humble/lib /usr/bin/cmake --build /home/solverbot/final_limo/build/p9n_node -- -j4 -l4
[28.506s] Invoking command in '/home/solverbot/final_limo/build/p9n_node': CMAKE_PREFIX_PATH=/home/solverbot/final_limo/install/joy:/home/solverbot/final_limo/install/sdl2_vendor:/home/solverbot/final_limo/install/p9n_interface:/home/solverbot/final_limo/install/ydlidar_sdk:/home/solverbot/final_limo/install/ydlidar_ros2_driver:/home/solverbot/final_limo/install/wiimote:/home/solverbot/final_limo/install/wiimote_msgs:/home/solverbot/final_limo/install/urg_node2:/home/solverbot/final_limo/install/spacenav:/home/solverbot/final_limo/install/p9n:/home/solverbot/final_limo/install/p9n_test:/home/solverbot/final_limo/install/p9n_node:/home/solverbot/final_limo/install/p9n_example:/home/solverbot/final_limo/install/limo_joystick:/home/solverbot/final_limo/install/rf2o_laser_odometry:/home/solverbot/final_limo/install/limo_bringup:/home/solverbot/final_limo/install/limo_base:/home/solverbot/final_limo/install/limo_msgs:/home/solverbot/final_limo/install/limo_description:/home/solverbot/final_limo/install/joy_linux:/home/solverbot/final_limo/install/voice_control:/home/solverbot/final_limo/install/p9n_bringup:/opt/ros/humble LD_LIBRARY_PATH=/home/solverbot/final_limo/install/joy/lib:/home/solverbot/final_limo/install/wiimote/lib:/home/solverbot/final_limo/install/wiimote_msgs/lib:/home/solverbot/final_limo/install/urg_node2/lib:/home/solverbot/final_limo/install/spacenav/lib:/home/solverbot/final_limo/install/p9n_test/lib:/home/solverbot/final_limo/install/p9n_node/lib:/home/solverbot/final_limo/install/p9n_example/lib:/home/solverbot/final_limo/install/p9n_interface/lib:/home/solverbot/final_limo/install/limo_msgs/lib:/usr/lib/x86_64-linux-gnu/gazebo-11/plugins:/opt/ros/humble/opt/rviz_ogre_vendor/lib:/opt/ros/humble/lib/x86_64-linux-gnu:/opt/ros/humble/lib /usr/bin/cmake --install /home/solverbot/final_limo/build/p9n_node
[28.515s] -- Install configuration: ""
[28.516s] -- Installing: /home/solverbot/final_limo/install/p9n_node/lib/p9n_node/teleop_twist_joy_node_exec
[28.522s] -- Set runtime path of "/home/solverbot/final_limo/install/p9n_node/lib/p9n_node/teleop_twist_joy_node_exec" to ""
[28.522s] -- Installing: /home/solverbot/final_limo/install/p9n_node/include
[28.522s] -- Installing: /home/solverbot/final_limo/install/p9n_node/include/p9n_node
[28.522s] -- Installing: /home/solverbot/final_limo/install/p9n_node/include/p9n_node/teleop_twist_joy_node.hpp
[28.523s] -- Installing: /home/solverbot/final_limo/install/p9n_node/share/p9n_node/environment/library_path.sh
[28.523s] -- Installing: /home/solverbot/final_limo/install/p9n_node/share/p9n_node/environment/library_path.dsv
[28.523s] -- Installing: /home/solverbot/final_limo/install/p9n_node/lib/libp9n_node_teleop_twist_joy_node.so
[28.563s] -- Set runtime path of "/home/solverbot/final_limo/install/p9n_node/lib/libp9n_node_teleop_twist_joy_node.so" to ""
[28.564s] -- Installing: /home/solverbot/final_limo/install/p9n_node/share/ament_index/resource_index/package_run_dependencies/p9n_node
[28.565s] -- Installing: /home/solverbot/final_limo/install/p9n_node/share/ament_index/resource_index/parent_prefix_path/p9n_node
[28.567s] -- Installing: /home/solverbot/final_limo/install/p9n_node/share/p9n_node/environment/ament_prefix_path.sh
[28.568s] -- Installing: /home/solverbot/final_limo/install/p9n_node/share/p9n_node/environment/ament_prefix_path.dsv
[28.568s] -- Installing: /home/solverbot/final_limo/install/p9n_node/share/p9n_node/environment/path.sh
[28.568s] -- Installing: /home/solverbot/final_limo/install/p9n_node/share/p9n_node/environment/path.dsv
[28.568s] -- Installing: /home/solverbot/final_limo/install/p9n_node/share/p9n_node/local_setup.bash
[28.570s] -- Installing: /home/solverbot/final_limo/install/p9n_node/share/p9n_node/local_setup.sh
[28.570s] -- Installing: /home/solverbot/final_limo/install/p9n_node/share/p9n_node/local_setup.zsh
[28.570s] -- Installing: /home/solverbot/final_limo/install/p9n_node/share/p9n_node/local_setup.dsv
[28.570s] -- Installing: /home/solverbot/final_limo/install/p9n_node/share/p9n_node/package.dsv
[28.570s] -- Installing: /home/solverbot/final_limo/install/p9n_node/share/ament_index/resource_index/packages/p9n_node
[28.570s] -- Installing: /home/solverbot/final_limo/install/p9n_node/share/ament_index/resource_index/rclcpp_components/p9n_node
[28.571s] -- Installing: /home/solverbot/final_limo/install/p9n_node/share/p9n_node/cmake/ament_cmake_export_dependencies-extras.cmake
[28.572s] -- Installing: /home/solverbot/final_limo/install/p9n_node/share/p9n_node/cmake/ament_cmake_export_include_directories-extras.cmake
[28.572s] -- Installing: /home/solverbot/final_limo/install/p9n_node/share/p9n_node/cmake/ament_cmake_export_libraries-extras.cmake
[28.572s] -- Installing: /home/solverbot/final_limo/install/p9n_node/share/p9n_node/cmake/p9n_nodeConfig.cmake
[28.572s] -- Installing: /home/solverbot/final_limo/install/p9n_node/share/p9n_node/cmake/p9n_nodeConfig-version.cmake
[28.572s] -- Installing: /home/solverbot/final_limo/install/p9n_node/share/p9n_node/package.xml
[28.577s] Invoked command in '/home/solverbot/final_limo/build/p9n_node' returned '0': CMAKE_PREFIX_PATH=/home/solverbot/final_limo/install/joy:/home/solverbot/final_limo/install/sdl2_vendor:/home/solverbot/final_limo/install/p9n_interface:/home/solverbot/final_limo/install/ydlidar_sdk:/home/solverbot/final_limo/install/ydlidar_ros2_driver:/home/solverbot/final_limo/install/wiimote:/home/solverbot/final_limo/install/wiimote_msgs:/home/solverbot/final_limo/install/urg_node2:/home/solverbot/final_limo/install/spacenav:/home/solverbot/final_limo/install/p9n:/home/solverbot/final_limo/install/p9n_test:/home/solverbot/final_limo/install/p9n_node:/home/solverbot/final_limo/install/p9n_example:/home/solverbot/final_limo/install/limo_joystick:/home/solverbot/final_limo/install/rf2o_laser_odometry:/home/solverbot/final_limo/install/limo_bringup:/home/solverbot/final_limo/install/limo_base:/home/solverbot/final_limo/install/limo_msgs:/home/solverbot/final_limo/install/limo_description:/home/solverbot/final_limo/install/joy_linux:/home/solverbot/final_limo/install/voice_control:/home/solverbot/final_limo/install/p9n_bringup:/opt/ros/humble LD_LIBRARY_PATH=/home/solverbot/final_limo/install/joy/lib:/home/solverbot/final_limo/install/wiimote/lib:/home/solverbot/final_limo/install/wiimote_msgs/lib:/home/solverbot/final_limo/install/urg_node2/lib:/home/solverbot/final_limo/install/spacenav/lib:/home/solverbot/final_limo/install/p9n_test/lib:/home/solverbot/final_limo/install/p9n_node/lib:/home/solverbot/final_limo/install/p9n_example/lib:/home/solverbot/final_limo/install/p9n_interface/lib:/home/solverbot/final_limo/install/limo_msgs/lib:/usr/lib/x86_64-linux-gnu/gazebo-11/plugins:/opt/ros/humble/opt/rviz_ogre_vendor/lib:/opt/ros/humble/lib/x86_64-linux-gnu:/opt/ros/humble/lib /usr/bin/cmake --install /home/solverbot/final_limo/build/p9n_node
