[0.023s] Invoking command in '/home/solverbot/final_limo/build/wiimote_msgs': CMAKE_PREFIX_PATH=${CMAKE_PREFIX_PATH}:/home/solverbot/final_limo/install/voice_control:/home/solverbot/final_limo/install/p9n_bringup:/opt/ros/humble /usr/bin/cmake /home/solverbot/final_limo/src/joystick_drivers/wiimote_msgs -DCMAKE_INSTALL_PREFIX=/home/solverbot/final_limo/install/wiimote_msgs
[0.101s] -- The C compiler identification is GNU 11.4.0
[0.188s] -- The CXX compiler identification is GNU 11.4.0
[0.197s] -- Detecting C compiler ABI info
[0.294s] -- Detecting C compiler ABI info - done
[0.303s] -- Check for working C compiler: /usr/bin/cc - skipped
[0.303s] -- Detecting C compile features
[0.304s] -- Detecting C compile features - done
[0.308s] -- Detecting CXX compiler ABI info
[0.437s] -- Detecting CXX compiler ABI info - done
[0.455s] -- Check for working CXX compiler: /usr/bin/c++ - skipped
[0.456s] -- Detecting CXX compile features
[0.457s] -- Detecting CXX compile features - done
[0.460s] -- Found ament_cmake: 1.3.12 (/opt/ros/humble/share/ament_cmake/cmake)
[1.697s] -- Found Python3: /usr/bin/python3 (found version "3.10.12") found components: Interpreter 
[1.842s] -- Found ament_cmake_auto: 1.3.12 (/opt/ros/humble/share/ament_cmake_auto/cmake)
[1.991s] -- Found rosidl_generator_c: 3.1.7 (/opt/ros/humble/share/rosidl_generator_c/cmake)
[2.000s] -- Found rosidl_adapter: 3.1.7 (/opt/ros/humble/share/rosidl_adapter/cmake)
[2.015s] -- Found rosidl_generator_cpp: 3.1.7 (/opt/ros/humble/share/rosidl_generator_cpp/cmake)
[2.034s] -- Using all available rosidl_typesupport_c: rosidl_typesupport_fastrtps_c;rosidl_typesupport_introspection_c
[2.061s] -- Using all available rosidl_typesupport_cpp: rosidl_typesupport_fastrtps_cpp;rosidl_typesupport_introspection_cpp
[2.158s] -- Found ament_lint_auto: 0.12.14 (/opt/ros/humble/share/ament_lint_auto/cmake)
[2.593s] -- Found ament_cmake_ros: 0.10.0 (/opt/ros/humble/share/ament_cmake_ros/cmake)
[3.502s] -- Using all available rosidl_typesupport_c: rosidl_typesupport_fastrtps_c;rosidl_typesupport_introspection_c
[3.847s] -- Using all available rosidl_typesupport_cpp: rosidl_typesupport_fastrtps_cpp;rosidl_typesupport_introspection_cpp
[3.889s] -- Found PythonInterp: /usr/bin/python3 (found suitable version "3.10.12", minimum required is "3.6") 
[3.891s] -- Found python_cmake_module: 0.10.0 (/opt/ros/humble/share/python_cmake_module/cmake)
[3.959s] -- Found PythonLibs: /usr/lib/x86_64-linux-gnu/libpython3.10.so (found suitable version "3.10.12", minimum required is "3.5") 
[3.959s] -- Using PYTHON_EXECUTABLE: /usr/bin/python3
[3.959s] -- Using PYTHON_INCLUDE_DIRS: /usr/include/python3.10
[3.959s] -- Using PYTHON_LIBRARIES: /usr/lib/x86_64-linux-gnu/libpython3.10.so
[4.013s] -- Found PythonExtra: .so  
[4.255s] -- Added test 'copyright' to check source files copyright and LICENSE
[4.259s] -- Added test 'lint_cmake' to check CMake code style
[4.265s] -- Added test 'xmllint' to check XML markup files
[4.289s] -- Configuring done
[4.451s] -- Generating done
[4.470s] -- Build files have been written to: /home/solverbot/final_limo/build/wiimote_msgs
[4.487s] Invoked command in '/home/solverbot/final_limo/build/wiimote_msgs' returned '0': CMAKE_PREFIX_PATH=${CMAKE_PREFIX_PATH}:/home/solverbot/final_limo/install/voice_control:/home/solverbot/final_limo/install/p9n_bringup:/opt/ros/humble /usr/bin/cmake /home/solverbot/final_limo/src/joystick_drivers/wiimote_msgs -DCMAKE_INSTALL_PREFIX=/home/solverbot/final_limo/install/wiimote_msgs
[4.488s] Invoking command in '/home/solverbot/final_limo/build/wiimote_msgs': CMAKE_PREFIX_PATH=${CMAKE_PREFIX_PATH}:/home/solverbot/final_limo/install/voice_control:/home/solverbot/final_limo/install/p9n_bringup:/opt/ros/humble /usr/bin/cmake --build /home/solverbot/final_limo/build/wiimote_msgs -- -j4 -l4
[4.629s] [  2%] [34m[1mGenerating C code for ROS interfaces[0m
[4.633s] [  4%] [34m[1mGenerating C++ code for ROS interfaces[0m
[4.656s] [  4%] Built target ament_cmake_python_copy_wiimote_msgs
[5.646s] running egg_info
[5.647s] creating wiimote_msgs.egg-info
[5.677s] writing wiimote_msgs.egg-info/PKG-INFO
[5.678s] writing dependency_links to wiimote_msgs.egg-info/dependency_links.txt
[5.679s] writing top-level names to wiimote_msgs.egg-info/top_level.txt
[5.679s] writing manifest file 'wiimote_msgs.egg-info/SOURCES.txt'
[5.787s] reading manifest file 'wiimote_msgs.egg-info/SOURCES.txt'
[5.787s] writing manifest file 'wiimote_msgs.egg-info/SOURCES.txt'
[5.890s] [  4%] Built target ament_cmake_python_build_wiimote_msgs_egg
[8.810s] [  6%] [32mBuilding C object CMakeFiles/wiimote_msgs__rosidl_generator_c.dir/rosidl_generator_c/wiimote_msgs/msg/detail/state__functions.c.o[0m
[8.815s] [  8%] [32mBuilding C object CMakeFiles/wiimote_msgs__rosidl_generator_c.dir/rosidl_generator_c/wiimote_msgs/msg/detail/ir_source_info__functions.c.o[0m
[8.825s] [ 10%] [32mBuilding C object CMakeFiles/wiimote_msgs__rosidl_generator_c.dir/rosidl_generator_c/wiimote_msgs/msg/detail/timed_switch__functions.c.o[0m
[9.042s] [ 12%] [32m[1mLinking C shared library libwiimote_msgs__rosidl_generator_c.so[0m
[9.138s] [ 12%] Built target wiimote_msgs__cpp
[9.160s] [ 12%] Built target wiimote_msgs__rosidl_generator_c
[9.178s] [ 14%] [34m[1mGenerating C++ type support dispatch for ROS interfaces[0m
[9.181s] [ 17%] [34m[1mGenerating C type support for eProsima Fast-RTPS[0m
[9.186s] [ 19%] [34m[1mGenerating C++ introspection for ROS interfaces[0m
[9.188s] [ 21%] [34m[1mGenerating C++ type support for eProsima Fast-RTPS[0m
[11.713s] [ 23%] [32mBuilding CXX object CMakeFiles/wiimote_msgs__rosidl_typesupport_cpp.dir/rosidl_typesupport_cpp/wiimote_msgs/msg/ir_source_info__type_support.cpp.o[0m
[12.681s] [ 25%] [32mBuilding CXX object CMakeFiles/wiimote_msgs__rosidl_typesupport_cpp.dir/rosidl_typesupport_cpp/wiimote_msgs/msg/state__type_support.cpp.o[0m
[12.761s] [ 27%] [32mBuilding CXX object CMakeFiles/wiimote_msgs__rosidl_typesupport_fastrtps_c.dir/rosidl_typesupport_fastrtps_c/wiimote_msgs/msg/detail/ir_source_info__type_support_c.cpp.o[0m
[12.959s] [ 29%] [32mBuilding CXX object CMakeFiles/wiimote_msgs__rosidl_typesupport_introspection_cpp.dir/rosidl_typesupport_introspection_cpp/wiimote_msgs/msg/detail/ir_source_info__type_support.cpp.o[0m
[13.579s] [ 31%] [32mBuilding CXX object CMakeFiles/wiimote_msgs__rosidl_typesupport_cpp.dir/rosidl_typesupport_cpp/wiimote_msgs/msg/timed_switch__type_support.cpp.o[0m
[13.628s] [ 34%] [32mBuilding CXX object CMakeFiles/wiimote_msgs__rosidl_typesupport_fastrtps_cpp.dir/rosidl_typesupport_fastrtps_cpp/wiimote_msgs/msg/detail/dds_fastrtps/ir_source_info__type_support.cpp.o[0m
[14.382s] [ 36%] [32mBuilding CXX object CMakeFiles/wiimote_msgs__rosidl_typesupport_fastrtps_c.dir/rosidl_typesupport_fastrtps_c/wiimote_msgs/msg/detail/state__type_support_c.cpp.o[0m
[14.868s] [ 38%] [32mBuilding CXX object CMakeFiles/wiimote_msgs__rosidl_typesupport_introspection_cpp.dir/rosidl_typesupport_introspection_cpp/wiimote_msgs/msg/detail/state__type_support.cpp.o[0m
[14.933s] [ 40%] [32m[1mLinking CXX shared library libwiimote_msgs__rosidl_typesupport_cpp.so[0m
[15.032s] [ 40%] Built target wiimote_msgs__rosidl_typesupport_cpp
[15.057s] [ 42%] [32mBuilding CXX object CMakeFiles/wiimote_msgs__rosidl_typesupport_fastrtps_c.dir/rosidl_typesupport_fastrtps_c/wiimote_msgs/msg/detail/timed_switch__type_support_c.cpp.o[0m
[15.560s] [ 44%] [32mBuilding CXX object CMakeFiles/wiimote_msgs__rosidl_typesupport_fastrtps_cpp.dir/rosidl_typesupport_fastrtps_cpp/wiimote_msgs/msg/detail/dds_fastrtps/state__type_support.cpp.o[0m
[15.978s] [ 46%] [32mBuilding CXX object CMakeFiles/wiimote_msgs__rosidl_typesupport_introspection_cpp.dir/rosidl_typesupport_introspection_cpp/wiimote_msgs/msg/detail/timed_switch__type_support.cpp.o[0m
[16.405s] [ 48%] [34m[1mGenerating C introspection for ROS interfaces[0m
[16.524s] [ 51%] [32mBuilding CXX object CMakeFiles/wiimote_msgs__rosidl_typesupport_fastrtps_cpp.dir/rosidl_typesupport_fastrtps_cpp/wiimote_msgs/msg/detail/dds_fastrtps/timed_switch__type_support.cpp.o[0m
[16.612s] [ 53%] [32m[1mLinking CXX shared library libwiimote_msgs__rosidl_typesupport_fastrtps_c.so[0m
[17.017s] [ 53%] Built target wiimote_msgs__rosidl_typesupport_fastrtps_c
[17.057s] [ 55%] [34m[1mGenerating C type support dispatch for ROS interfaces[0m
[17.973s] [ 57%] [32m[1mLinking CXX shared library libwiimote_msgs__rosidl_typesupport_fastrtps_cpp.so[0m
[17.977s] [ 59%] [32m[1mLinking CXX shared library libwiimote_msgs__rosidl_typesupport_introspection_cpp.so[0m
[18.369s] [ 59%] Built target wiimote_msgs__rosidl_typesupport_fastrtps_cpp
[18.420s] [ 59%] Built target wiimote_msgs__rosidl_typesupport_introspection_cpp
[19.321s] [ 61%] [32mBuilding C object CMakeFiles/wiimote_msgs__rosidl_typesupport_introspection_c.dir/rosidl_typesupport_introspection_c/wiimote_msgs/msg/detail/ir_source_info__type_support.c.o[0m
[19.331s] [ 63%] [32mBuilding C object CMakeFiles/wiimote_msgs__rosidl_typesupport_introspection_c.dir/rosidl_typesupport_introspection_c/wiimote_msgs/msg/detail/timed_switch__type_support.c.o[0m
[19.343s] [ 65%] [32mBuilding C object CMakeFiles/wiimote_msgs__rosidl_typesupport_introspection_c.dir/rosidl_typesupport_introspection_c/wiimote_msgs/msg/detail/state__type_support.c.o[0m
[19.580s] [ 68%] [32m[1mLinking C shared library libwiimote_msgs__rosidl_typesupport_introspection_c.so[0m
[19.674s] [ 68%] Built target wiimote_msgs__rosidl_typesupport_introspection_c
[20.124s] [ 70%] [32mBuilding CXX object CMakeFiles/wiimote_msgs__rosidl_typesupport_c.dir/rosidl_typesupport_c/wiimote_msgs/msg/state__type_support.cpp.o[0m
[20.126s] [ 72%] [32mBuilding CXX object CMakeFiles/wiimote_msgs__rosidl_typesupport_c.dir/rosidl_typesupport_c/wiimote_msgs/msg/ir_source_info__type_support.cpp.o[0m
[20.142s] [ 74%] [32mBuilding CXX object CMakeFiles/wiimote_msgs__rosidl_typesupport_c.dir/rosidl_typesupport_c/wiimote_msgs/msg/timed_switch__type_support.cpp.o[0m
[20.246s] [ 76%] [32m[1mLinking CXX shared library libwiimote_msgs__rosidl_typesupport_c.so[0m
[20.362s] [ 76%] Built target wiimote_msgs__rosidl_typesupport_c
[20.420s] [ 76%] Built target wiimote_msgs
[20.467s] [ 78%] [34m[1mGenerating Python code for ROS interfaces[0m
[24.359s] [ 78%] Built target wiimote_msgs__py
[24.414s] [ 80%] [32mBuilding C object CMakeFiles/wiimote_msgs__rosidl_generator_py.dir/rosidl_generator_py/wiimote_msgs/msg/_ir_source_info_s.c.o[0m
[24.415s] [ 82%] [32mBuilding C object CMakeFiles/wiimote_msgs__rosidl_generator_py.dir/rosidl_generator_py/wiimote_msgs/msg/_state_s.c.o[0m
[24.418s] [ 85%] [32mBuilding C object CMakeFiles/wiimote_msgs__rosidl_generator_py.dir/rosidl_generator_py/wiimote_msgs/msg/_timed_switch_s.c.o[0m
[24.805s] [ 87%] [32m[1mLinking C shared library rosidl_generator_py/wiimote_msgs/libwiimote_msgs__rosidl_generator_py.so[0m
[24.942s] [ 87%] Built target wiimote_msgs__rosidl_generator_py
[24.992s] [ 89%] [32mBuilding C object CMakeFiles/wiimote_msgs__rosidl_typesupport_fastrtps_c__pyext.dir/rosidl_generator_py/wiimote_msgs/_wiimote_msgs_s.ep.rosidl_typesupport_fastrtps_c.c.o[0m
[25.001s] [ 91%] [32mBuilding C object CMakeFiles/wiimote_msgs__rosidl_typesupport_introspection_c__pyext.dir/rosidl_generator_py/wiimote_msgs/_wiimote_msgs_s.ep.rosidl_typesupport_introspection_c.c.o[0m
[25.005s] [ 93%] [32mBuilding C object CMakeFiles/wiimote_msgs__rosidl_typesupport_c__pyext.dir/rosidl_generator_py/wiimote_msgs/_wiimote_msgs_s.ep.rosidl_typesupport_c.c.o[0m
[25.395s] [ 95%] [32m[1mLinking C shared library rosidl_generator_py/wiimote_msgs/wiimote_msgs_s__rosidl_typesupport_c.cpython-310-x86_64-linux-gnu.so[0m
[25.401s] [100%] [32m[1mLinking C shared library rosidl_generator_py/wiimote_msgs/wiimote_msgs_s__rosidl_typesupport_introspection_c.cpython-310-x86_64-linux-gnu.so[0m
[25.401s] [100%] [32m[1mLinking C shared library rosidl_generator_py/wiimote_msgs/wiimote_msgs_s__rosidl_typesupport_fastrtps_c.cpython-310-x86_64-linux-gnu.so[0m
[25.514s] [100%] Built target wiimote_msgs__rosidl_typesupport_fastrtps_c__pyext
[25.528s] [100%] Built target wiimote_msgs__rosidl_typesupport_c__pyext
[25.528s] [100%] Built target wiimote_msgs__rosidl_typesupport_introspection_c__pyext
[25.563s] Invoked command in '/home/solverbot/final_limo/build/wiimote_msgs' returned '0': CMAKE_PREFIX_PATH=${CMAKE_PREFIX_PATH}:/home/solverbot/final_limo/install/voice_control:/home/solverbot/final_limo/install/p9n_bringup:/opt/ros/humble /usr/bin/cmake --build /home/solverbot/final_limo/build/wiimote_msgs -- -j4 -l4
[25.564s] Invoking command in '/home/solverbot/final_limo/build/wiimote_msgs': CMAKE_PREFIX_PATH=${CMAKE_PREFIX_PATH}:/home/solverbot/final_limo/install/voice_control:/home/solverbot/final_limo/install/p9n_bringup:/opt/ros/humble /usr/bin/cmake --install /home/solverbot/final_limo/build/wiimote_msgs
[25.586s] -- Install configuration: ""
[25.586s] -- Installing: /home/solverbot/final_limo/install/wiimote_msgs/share/ament_index/resource_index/rosidl_interfaces/wiimote_msgs
[25.586s] -- Installing: /home/solverbot/final_limo/install/wiimote_msgs/include/wiimote_msgs/wiimote_msgs
[25.587s] -- Installing: /home/solverbot/final_limo/install/wiimote_msgs/include/wiimote_msgs/wiimote_msgs/msg
[25.587s] -- Installing: /home/solverbot/final_limo/install/wiimote_msgs/include/wiimote_msgs/wiimote_msgs/msg/ir_source_info.h
[25.587s] -- Installing: /home/solverbot/final_limo/install/wiimote_msgs/include/wiimote_msgs/wiimote_msgs/msg/timed_switch.h
[25.587s] -- Installing: /home/solverbot/final_limo/install/wiimote_msgs/include/wiimote_msgs/wiimote_msgs/msg/detail
[25.587s] -- Installing: /home/solverbot/final_limo/install/wiimote_msgs/include/wiimote_msgs/wiimote_msgs/msg/detail/state__type_support.h
[25.587s] -- Installing: /home/solverbot/final_limo/install/wiimote_msgs/include/wiimote_msgs/wiimote_msgs/msg/detail/timed_switch__functions.c
[25.587s] -- Installing: /home/solverbot/final_limo/install/wiimote_msgs/include/wiimote_msgs/wiimote_msgs/msg/detail/state__functions.h
[25.587s] -- Installing: /home/solverbot/final_limo/install/wiimote_msgs/include/wiimote_msgs/wiimote_msgs/msg/detail/ir_source_info__struct.h
[25.587s] -- Installing: /home/solverbot/final_limo/install/wiimote_msgs/include/wiimote_msgs/wiimote_msgs/msg/detail/timed_switch__struct.h
[25.588s] -- Installing: /home/solverbot/final_limo/install/wiimote_msgs/include/wiimote_msgs/wiimote_msgs/msg/detail/state__functions.c
[25.588s] -- Installing: /home/solverbot/final_limo/install/wiimote_msgs/include/wiimote_msgs/wiimote_msgs/msg/detail/ir_source_info__functions.h
[25.591s] -- Installing: /home/solverbot/final_limo/install/wiimote_msgs/include/wiimote_msgs/wiimote_msgs/msg/detail/timed_switch__functions.h
[25.591s] -- Installing: /home/solverbot/final_limo/install/wiimote_msgs/include/wiimote_msgs/wiimote_msgs/msg/detail/ir_source_info__type_support.h
[25.593s] -- Installing: /home/solverbot/final_limo/install/wiimote_msgs/include/wiimote_msgs/wiimote_msgs/msg/detail/timed_switch__type_support.h
[25.593s] -- Installing: /home/solverbot/final_limo/install/wiimote_msgs/include/wiimote_msgs/wiimote_msgs/msg/detail/ir_source_info__functions.c
[25.593s] -- Installing: /home/solverbot/final_limo/install/wiimote_msgs/include/wiimote_msgs/wiimote_msgs/msg/detail/state__struct.h
[25.593s] -- Installing: /home/solverbot/final_limo/install/wiimote_msgs/include/wiimote_msgs/wiimote_msgs/msg/rosidl_generator_c__visibility_control.h
[25.593s] -- Installing: /home/solverbot/final_limo/install/wiimote_msgs/include/wiimote_msgs/wiimote_msgs/msg/state.h
[25.593s] -- Installing: /home/solverbot/final_limo/install/wiimote_msgs/share/wiimote_msgs/environment/library_path.sh
[25.593s] -- Installing: /home/solverbot/final_limo/install/wiimote_msgs/share/wiimote_msgs/environment/library_path.dsv
[25.593s] -- Installing: /home/solverbot/final_limo/install/wiimote_msgs/lib/libwiimote_msgs__rosidl_generator_c.so
[25.594s] -- Set runtime path of "/home/solverbot/final_limo/install/wiimote_msgs/lib/libwiimote_msgs__rosidl_generator_c.so" to ""
[25.594s] -- Up-to-date: /home/solverbot/final_limo/install/wiimote_msgs/include/wiimote_msgs/wiimote_msgs
[25.594s] -- Up-to-date: /home/solverbot/final_limo/install/wiimote_msgs/include/wiimote_msgs/wiimote_msgs/msg
[25.594s] -- Up-to-date: /home/solverbot/final_limo/install/wiimote_msgs/include/wiimote_msgs/wiimote_msgs/msg/detail
[25.594s] -- Installing: /home/solverbot/final_limo/install/wiimote_msgs/include/wiimote_msgs/wiimote_msgs/msg/detail/timed_switch__rosidl_typesupport_fastrtps_c.h
[25.595s] -- Installing: /home/solverbot/final_limo/install/wiimote_msgs/include/wiimote_msgs/wiimote_msgs/msg/detail/state__rosidl_typesupport_fastrtps_c.h
[25.595s] -- Installing: /home/solverbot/final_limo/install/wiimote_msgs/include/wiimote_msgs/wiimote_msgs/msg/detail/ir_source_info__rosidl_typesupport_fastrtps_c.h
[25.599s] -- Installing: /home/solverbot/final_limo/install/wiimote_msgs/include/wiimote_msgs/wiimote_msgs/msg/rosidl_typesupport_fastrtps_c__visibility_control.h
[25.599s] -- Installing: /home/solverbot/final_limo/install/wiimote_msgs/lib/libwiimote_msgs__rosidl_typesupport_fastrtps_c.so
[25.599s] -- Set runtime path of "/home/solverbot/final_limo/install/wiimote_msgs/lib/libwiimote_msgs__rosidl_typesupport_fastrtps_c.so" to ""
[25.599s] -- Up-to-date: /home/solverbot/final_limo/install/wiimote_msgs/include/wiimote_msgs/wiimote_msgs
[25.600s] -- Up-to-date: /home/solverbot/final_limo/install/wiimote_msgs/include/wiimote_msgs/wiimote_msgs/msg
[25.600s] -- Up-to-date: /home/solverbot/final_limo/install/wiimote_msgs/include/wiimote_msgs/wiimote_msgs/msg/detail
[25.600s] -- Installing: /home/solverbot/final_limo/install/wiimote_msgs/include/wiimote_msgs/wiimote_msgs/msg/detail/timed_switch__traits.hpp
[25.600s] -- Installing: /home/solverbot/final_limo/install/wiimote_msgs/include/wiimote_msgs/wiimote_msgs/msg/detail/state__builder.hpp
[25.600s] -- Installing: /home/solverbot/final_limo/install/wiimote_msgs/include/wiimote_msgs/wiimote_msgs/msg/detail/timed_switch__builder.hpp
[25.600s] -- Installing: /home/solverbot/final_limo/install/wiimote_msgs/include/wiimote_msgs/wiimote_msgs/msg/detail/state__struct.hpp
[25.600s] -- Installing: /home/solverbot/final_limo/install/wiimote_msgs/include/wiimote_msgs/wiimote_msgs/msg/detail/ir_source_info__builder.hpp
[25.600s] -- Installing: /home/solverbot/final_limo/install/wiimote_msgs/include/wiimote_msgs/wiimote_msgs/msg/detail/ir_source_info__type_support.hpp
[25.601s] -- Installing: /home/solverbot/final_limo/install/wiimote_msgs/include/wiimote_msgs/wiimote_msgs/msg/detail/state__traits.hpp
[25.601s] -- Installing: /home/solverbot/final_limo/install/wiimote_msgs/include/wiimote_msgs/wiimote_msgs/msg/detail/timed_switch__struct.hpp
[25.601s] -- Installing: /home/solverbot/final_limo/install/wiimote_msgs/include/wiimote_msgs/wiimote_msgs/msg/detail/ir_source_info__traits.hpp
[25.601s] -- Installing: /home/solverbot/final_limo/install/wiimote_msgs/include/wiimote_msgs/wiimote_msgs/msg/detail/timed_switch__type_support.hpp
[25.601s] -- Installing: /home/solverbot/final_limo/install/wiimote_msgs/include/wiimote_msgs/wiimote_msgs/msg/detail/state__type_support.hpp
[25.602s] -- Installing: /home/solverbot/final_limo/install/wiimote_msgs/include/wiimote_msgs/wiimote_msgs/msg/detail/ir_source_info__struct.hpp
[25.602s] -- Installing: /home/solverbot/final_limo/install/wiimote_msgs/include/wiimote_msgs/wiimote_msgs/msg/rosidl_generator_cpp__visibility_control.hpp
[25.603s] -- Installing: /home/solverbot/final_limo/install/wiimote_msgs/include/wiimote_msgs/wiimote_msgs/msg/ir_source_info.hpp
[25.603s] -- Installing: /home/solverbot/final_limo/install/wiimote_msgs/include/wiimote_msgs/wiimote_msgs/msg/state.hpp
[25.603s] -- Installing: /home/solverbot/final_limo/install/wiimote_msgs/include/wiimote_msgs/wiimote_msgs/msg/timed_switch.hpp
[25.603s] -- Up-to-date: /home/solverbot/final_limo/install/wiimote_msgs/include/wiimote_msgs/wiimote_msgs
[25.606s] -- Up-to-date: /home/solverbot/final_limo/install/wiimote_msgs/include/wiimote_msgs/wiimote_msgs/msg
[25.606s] -- Installing: /home/solverbot/final_limo/install/wiimote_msgs/include/wiimote_msgs/wiimote_msgs/msg/rosidl_typesupport_fastrtps_cpp__visibility_control.h
[25.606s] -- Up-to-date: /home/solverbot/final_limo/install/wiimote_msgs/include/wiimote_msgs/wiimote_msgs/msg/detail
[25.607s] -- Installing: /home/solverbot/final_limo/install/wiimote_msgs/include/wiimote_msgs/wiimote_msgs/msg/detail/state__rosidl_typesupport_fastrtps_cpp.hpp
[25.607s] -- Installing: /home/solverbot/final_limo/install/wiimote_msgs/include/wiimote_msgs/wiimote_msgs/msg/detail/ir_source_info__rosidl_typesupport_fastrtps_cpp.hpp
[25.607s] -- Installing: /home/solverbot/final_limo/install/wiimote_msgs/include/wiimote_msgs/wiimote_msgs/msg/detail/timed_switch__rosidl_typesupport_fastrtps_cpp.hpp
[25.607s] -- Installing: /home/solverbot/final_limo/install/wiimote_msgs/include/wiimote_msgs/wiimote_msgs/msg/detail/dds_fastrtps
[25.607s] -- Installing: /home/solverbot/final_limo/install/wiimote_msgs/lib/libwiimote_msgs__rosidl_typesupport_fastrtps_cpp.so
[25.607s] -- Set runtime path of "/home/solverbot/final_limo/install/wiimote_msgs/lib/libwiimote_msgs__rosidl_typesupport_fastrtps_cpp.so" to ""
[25.607s] -- Up-to-date: /home/solverbot/final_limo/install/wiimote_msgs/include/wiimote_msgs/wiimote_msgs
[25.607s] -- Up-to-date: /home/solverbot/final_limo/install/wiimote_msgs/include/wiimote_msgs/wiimote_msgs/msg
[25.607s] -- Installing: /home/solverbot/final_limo/install/wiimote_msgs/include/wiimote_msgs/wiimote_msgs/msg/rosidl_typesupport_introspection_c__visibility_control.h
[25.608s] -- Up-to-date: /home/solverbot/final_limo/install/wiimote_msgs/include/wiimote_msgs/wiimote_msgs/msg/detail
[25.608s] -- Installing: /home/solverbot/final_limo/install/wiimote_msgs/include/wiimote_msgs/wiimote_msgs/msg/detail/state__type_support.c
[25.614s] -- Installing: /home/solverbot/final_limo/install/wiimote_msgs/include/wiimote_msgs/wiimote_msgs/msg/detail/timed_switch__rosidl_typesupport_introspection_c.h
[25.615s] -- Installing: /home/solverbot/final_limo/install/wiimote_msgs/include/wiimote_msgs/wiimote_msgs/msg/detail/ir_source_info__type_support.c
[25.615s] -- Installing: /home/solverbot/final_limo/install/wiimote_msgs/include/wiimote_msgs/wiimote_msgs/msg/detail/state__rosidl_typesupport_introspection_c.h
[25.615s] -- Installing: /home/solverbot/final_limo/install/wiimote_msgs/include/wiimote_msgs/wiimote_msgs/msg/detail/timed_switch__type_support.c
[25.615s] -- Installing: /home/solverbot/final_limo/install/wiimote_msgs/include/wiimote_msgs/wiimote_msgs/msg/detail/ir_source_info__rosidl_typesupport_introspection_c.h
[25.615s] -- Installing: /home/solverbot/final_limo/install/wiimote_msgs/lib/libwiimote_msgs__rosidl_typesupport_introspection_c.so
[25.615s] -- Set runtime path of "/home/solverbot/final_limo/install/wiimote_msgs/lib/libwiimote_msgs__rosidl_typesupport_introspection_c.so" to ""
[25.615s] -- Installing: /home/solverbot/final_limo/install/wiimote_msgs/lib/libwiimote_msgs__rosidl_typesupport_c.so
[25.616s] -- Set runtime path of "/home/solverbot/final_limo/install/wiimote_msgs/lib/libwiimote_msgs__rosidl_typesupport_c.so" to ""
[25.616s] -- Up-to-date: /home/solverbot/final_limo/install/wiimote_msgs/include/wiimote_msgs/wiimote_msgs
[25.616s] -- Up-to-date: /home/solverbot/final_limo/install/wiimote_msgs/include/wiimote_msgs/wiimote_msgs/msg
[25.616s] -- Up-to-date: /home/solverbot/final_limo/install/wiimote_msgs/include/wiimote_msgs/wiimote_msgs/msg/detail
[25.616s] -- Installing: /home/solverbot/final_limo/install/wiimote_msgs/include/wiimote_msgs/wiimote_msgs/msg/detail/state__type_support.cpp
[25.616s] -- Installing: /home/solverbot/final_limo/install/wiimote_msgs/include/wiimote_msgs/wiimote_msgs/msg/detail/ir_source_info__rosidl_typesupport_introspection_cpp.hpp
[25.616s] -- Installing: /home/solverbot/final_limo/install/wiimote_msgs/include/wiimote_msgs/wiimote_msgs/msg/detail/timed_switch__rosidl_typesupport_introspection_cpp.hpp
[25.616s] -- Installing: /home/solverbot/final_limo/install/wiimote_msgs/include/wiimote_msgs/wiimote_msgs/msg/detail/timed_switch__type_support.cpp
[25.616s] -- Installing: /home/solverbot/final_limo/install/wiimote_msgs/include/wiimote_msgs/wiimote_msgs/msg/detail/state__rosidl_typesupport_introspection_cpp.hpp
[25.622s] -- Installing: /home/solverbot/final_limo/install/wiimote_msgs/include/wiimote_msgs/wiimote_msgs/msg/detail/ir_source_info__type_support.cpp
[25.622s] -- Installing: /home/solverbot/final_limo/install/wiimote_msgs/lib/libwiimote_msgs__rosidl_typesupport_introspection_cpp.so
[25.622s] -- Set runtime path of "/home/solverbot/final_limo/install/wiimote_msgs/lib/libwiimote_msgs__rosidl_typesupport_introspection_cpp.so" to ""
[25.622s] -- Installing: /home/solverbot/final_limo/install/wiimote_msgs/lib/libwiimote_msgs__rosidl_typesupport_cpp.so
[25.623s] -- Set runtime path of "/home/solverbot/final_limo/install/wiimote_msgs/lib/libwiimote_msgs__rosidl_typesupport_cpp.so" to ""
[25.623s] -- Installing: /home/solverbot/final_limo/install/wiimote_msgs/share/wiimote_msgs/environment/pythonpath.sh
[25.623s] -- Installing: /home/solverbot/final_limo/install/wiimote_msgs/share/wiimote_msgs/environment/pythonpath.dsv
[25.623s] -- Installing: /home/solverbot/final_limo/install/wiimote_msgs/local/lib/python3.10/dist-packages/wiimote_msgs-3.3.0-py3.10.egg-info
[25.623s] -- Installing: /home/solverbot/final_limo/install/wiimote_msgs/local/lib/python3.10/dist-packages/wiimote_msgs-3.3.0-py3.10.egg-info/dependency_links.txt
[25.623s] -- Installing: /home/solverbot/final_limo/install/wiimote_msgs/local/lib/python3.10/dist-packages/wiimote_msgs-3.3.0-py3.10.egg-info/PKG-INFO
[25.623s] -- Installing: /home/solverbot/final_limo/install/wiimote_msgs/local/lib/python3.10/dist-packages/wiimote_msgs-3.3.0-py3.10.egg-info/top_level.txt
[25.623s] -- Installing: /home/solverbot/final_limo/install/wiimote_msgs/local/lib/python3.10/dist-packages/wiimote_msgs-3.3.0-py3.10.egg-info/SOURCES.txt
[25.623s] -- Installing: /home/solverbot/final_limo/install/wiimote_msgs/local/lib/python3.10/dist-packages/wiimote_msgs
[25.623s] -- Installing: /home/solverbot/final_limo/install/wiimote_msgs/local/lib/python3.10/dist-packages/wiimote_msgs/wiimote_msgs_s__rosidl_typesupport_introspection_c.cpython-310-x86_64-linux-gnu.so
[25.624s] -- Installing: /home/solverbot/final_limo/install/wiimote_msgs/local/lib/python3.10/dist-packages/wiimote_msgs/msg
[25.624s] -- Installing: /home/solverbot/final_limo/install/wiimote_msgs/local/lib/python3.10/dist-packages/wiimote_msgs/msg/_ir_source_info.py
[25.625s] -- Installing: /home/solverbot/final_limo/install/wiimote_msgs/local/lib/python3.10/dist-packages/wiimote_msgs/msg/_ir_source_info_s.c
[25.625s] -- Installing: /home/solverbot/final_limo/install/wiimote_msgs/local/lib/python3.10/dist-packages/wiimote_msgs/msg/_timed_switch.py
[25.625s] -- Installing: /home/solverbot/final_limo/install/wiimote_msgs/local/lib/python3.10/dist-packages/wiimote_msgs/msg/_state_s.c
[25.625s] -- Installing: /home/solverbot/final_limo/install/wiimote_msgs/local/lib/python3.10/dist-packages/wiimote_msgs/msg/_state.py
[25.625s] -- Installing: /home/solverbot/final_limo/install/wiimote_msgs/local/lib/python3.10/dist-packages/wiimote_msgs/msg/_timed_switch_s.c
[25.625s] -- Installing: /home/solverbot/final_limo/install/wiimote_msgs/local/lib/python3.10/dist-packages/wiimote_msgs/msg/__init__.py
[25.625s] -- Installing: /home/solverbot/final_limo/install/wiimote_msgs/local/lib/python3.10/dist-packages/wiimote_msgs/libwiimote_msgs__rosidl_generator_py.so
[25.625s] -- Installing: /home/solverbot/final_limo/install/wiimote_msgs/local/lib/python3.10/dist-packages/wiimote_msgs/_wiimote_msgs_s.ep.rosidl_typesupport_fastrtps_c.c
[25.625s] -- Installing: /home/solverbot/final_limo/install/wiimote_msgs/local/lib/python3.10/dist-packages/wiimote_msgs/wiimote_msgs_s__rosidl_typesupport_c.cpython-310-x86_64-linux-gnu.so
[25.625s] -- Installing: /home/solverbot/final_limo/install/wiimote_msgs/local/lib/python3.10/dist-packages/wiimote_msgs/_wiimote_msgs_s.ep.rosidl_typesupport_c.c
[25.626s] -- Installing: /home/solverbot/final_limo/install/wiimote_msgs/local/lib/python3.10/dist-packages/wiimote_msgs/wiimote_msgs_s__rosidl_typesupport_fastrtps_c.cpython-310-x86_64-linux-gnu.so
[25.626s] -- Installing: /home/solverbot/final_limo/install/wiimote_msgs/local/lib/python3.10/dist-packages/wiimote_msgs/_wiimote_msgs_s.ep.rosidl_typesupport_introspection_c.c
[25.626s] -- Installing: /home/solverbot/final_limo/install/wiimote_msgs/local/lib/python3.10/dist-packages/wiimote_msgs/__init__.py
[25.738s] Listing '/home/solverbot/final_limo/install/wiimote_msgs/local/lib/python3.10/dist-packages/wiimote_msgs'...
[25.738s] Compiling '/home/solverbot/final_limo/install/wiimote_msgs/local/lib/python3.10/dist-packages/wiimote_msgs/__init__.py'...
[25.738s] Listing '/home/solverbot/final_limo/install/wiimote_msgs/local/lib/python3.10/dist-packages/wiimote_msgs/msg'...
[25.738s] Compiling '/home/solverbot/final_limo/install/wiimote_msgs/local/lib/python3.10/dist-packages/wiimote_msgs/msg/__init__.py'...
[25.738s] Compiling '/home/solverbot/final_limo/install/wiimote_msgs/local/lib/python3.10/dist-packages/wiimote_msgs/msg/_ir_source_info.py'...
[25.738s] Compiling '/home/solverbot/final_limo/install/wiimote_msgs/local/lib/python3.10/dist-packages/wiimote_msgs/msg/_state.py'...
[25.739s] Compiling '/home/solverbot/final_limo/install/wiimote_msgs/local/lib/python3.10/dist-packages/wiimote_msgs/msg/_timed_switch.py'...
[25.748s] -- Installing: /home/solverbot/final_limo/install/wiimote_msgs/local/lib/python3.10/dist-packages/wiimote_msgs/wiimote_msgs_s__rosidl_typesupport_fastrtps_c.cpython-310-x86_64-linux-gnu.so
[25.751s] -- Set runtime path of "/home/solverbot/final_limo/install/wiimote_msgs/local/lib/python3.10/dist-packages/wiimote_msgs/wiimote_msgs_s__rosidl_typesupport_fastrtps_c.cpython-310-x86_64-linux-gnu.so" to ""
[25.751s] -- Installing: /home/solverbot/final_limo/install/wiimote_msgs/local/lib/python3.10/dist-packages/wiimote_msgs/wiimote_msgs_s__rosidl_typesupport_introspection_c.cpython-310-x86_64-linux-gnu.so
[25.751s] -- Set runtime path of "/home/solverbot/final_limo/install/wiimote_msgs/local/lib/python3.10/dist-packages/wiimote_msgs/wiimote_msgs_s__rosidl_typesupport_introspection_c.cpython-310-x86_64-linux-gnu.so" to ""
[25.751s] -- Installing: /home/solverbot/final_limo/install/wiimote_msgs/local/lib/python3.10/dist-packages/wiimote_msgs/wiimote_msgs_s__rosidl_typesupport_c.cpython-310-x86_64-linux-gnu.so
[25.751s] -- Set runtime path of "/home/solverbot/final_limo/install/wiimote_msgs/local/lib/python3.10/dist-packages/wiimote_msgs/wiimote_msgs_s__rosidl_typesupport_c.cpython-310-x86_64-linux-gnu.so" to ""
[25.752s] -- Installing: /home/solverbot/final_limo/install/wiimote_msgs/lib/libwiimote_msgs__rosidl_generator_py.so
[25.755s] -- Set runtime path of "/home/solverbot/final_limo/install/wiimote_msgs/lib/libwiimote_msgs__rosidl_generator_py.so" to ""
[25.755s] -- Installing: /home/solverbot/final_limo/install/wiimote_msgs/share/wiimote_msgs/msg/IrSourceInfo.idl
[25.755s] -- Installing: /home/solverbot/final_limo/install/wiimote_msgs/share/wiimote_msgs/msg/State.idl
[25.755s] -- Installing: /home/solverbot/final_limo/install/wiimote_msgs/share/wiimote_msgs/msg/TimedSwitch.idl
[25.755s] -- Installing: /home/solverbot/final_limo/install/wiimote_msgs/share/wiimote_msgs/msg/IrSourceInfo.msg
[25.755s] -- Installing: /home/solverbot/final_limo/install/wiimote_msgs/share/wiimote_msgs/msg/State.msg
[25.755s] -- Installing: /home/solverbot/final_limo/install/wiimote_msgs/share/wiimote_msgs/msg/TimedSwitch.msg
[25.755s] -- Installing: /home/solverbot/final_limo/install/wiimote_msgs/share/ament_index/resource_index/package_run_dependencies/wiimote_msgs
[25.756s] -- Installing: /home/solverbot/final_limo/install/wiimote_msgs/share/ament_index/resource_index/parent_prefix_path/wiimote_msgs
[25.758s] -- Installing: /home/solverbot/final_limo/install/wiimote_msgs/share/wiimote_msgs/environment/ament_prefix_path.sh
[25.758s] -- Installing: /home/solverbot/final_limo/install/wiimote_msgs/share/wiimote_msgs/environment/ament_prefix_path.dsv
[25.758s] -- Installing: /home/solverbot/final_limo/install/wiimote_msgs/share/wiimote_msgs/environment/path.sh
[25.759s] -- Installing: /home/solverbot/final_limo/install/wiimote_msgs/share/wiimote_msgs/environment/path.dsv
[25.759s] -- Installing: /home/solverbot/final_limo/install/wiimote_msgs/share/wiimote_msgs/local_setup.bash
[25.759s] -- Installing: /home/solverbot/final_limo/install/wiimote_msgs/share/wiimote_msgs/local_setup.sh
[25.759s] -- Installing: /home/solverbot/final_limo/install/wiimote_msgs/share/wiimote_msgs/local_setup.zsh
[25.759s] -- Installing: /home/solverbot/final_limo/install/wiimote_msgs/share/wiimote_msgs/local_setup.dsv
[25.759s] -- Installing: /home/solverbot/final_limo/install/wiimote_msgs/share/wiimote_msgs/package.dsv
[25.759s] -- Installing: /home/solverbot/final_limo/install/wiimote_msgs/share/ament_index/resource_index/packages/wiimote_msgs
[25.759s] -- Installing: /home/solverbot/final_limo/install/wiimote_msgs/share/wiimote_msgs/cmake/export_wiimote_msgs__rosidl_generator_cExport.cmake
[25.759s] -- Installing: /home/solverbot/final_limo/install/wiimote_msgs/share/wiimote_msgs/cmake/export_wiimote_msgs__rosidl_generator_cExport-noconfig.cmake
[25.759s] -- Installing: /home/solverbot/final_limo/install/wiimote_msgs/share/wiimote_msgs/cmake/export_wiimote_msgs__rosidl_typesupport_fastrtps_cExport.cmake
[25.759s] -- Installing: /home/solverbot/final_limo/install/wiimote_msgs/share/wiimote_msgs/cmake/export_wiimote_msgs__rosidl_typesupport_fastrtps_cExport-noconfig.cmake
[25.760s] -- Installing: /home/solverbot/final_limo/install/wiimote_msgs/share/wiimote_msgs/cmake/export_wiimote_msgs__rosidl_generator_cppExport.cmake
[25.763s] -- Installing: /home/solverbot/final_limo/install/wiimote_msgs/share/wiimote_msgs/cmake/export_wiimote_msgs__rosidl_typesupport_fastrtps_cppExport.cmake
[25.763s] -- Installing: /home/solverbot/final_limo/install/wiimote_msgs/share/wiimote_msgs/cmake/export_wiimote_msgs__rosidl_typesupport_fastrtps_cppExport-noconfig.cmake
[25.763s] -- Installing: /home/solverbot/final_limo/install/wiimote_msgs/share/wiimote_msgs/cmake/wiimote_msgs__rosidl_typesupport_introspection_cExport.cmake
[25.763s] -- Installing: /home/solverbot/final_limo/install/wiimote_msgs/share/wiimote_msgs/cmake/wiimote_msgs__rosidl_typesupport_introspection_cExport-noconfig.cmake
[25.763s] -- Installing: /home/solverbot/final_limo/install/wiimote_msgs/share/wiimote_msgs/cmake/wiimote_msgs__rosidl_typesupport_cExport.cmake
[25.764s] -- Installing: /home/solverbot/final_limo/install/wiimote_msgs/share/wiimote_msgs/cmake/wiimote_msgs__rosidl_typesupport_cExport-noconfig.cmake
[25.764s] -- Installing: /home/solverbot/final_limo/install/wiimote_msgs/share/wiimote_msgs/cmake/wiimote_msgs__rosidl_typesupport_introspection_cppExport.cmake
[25.764s] -- Installing: /home/solverbot/final_limo/install/wiimote_msgs/share/wiimote_msgs/cmake/wiimote_msgs__rosidl_typesupport_introspection_cppExport-noconfig.cmake
[25.764s] -- Installing: /home/solverbot/final_limo/install/wiimote_msgs/share/wiimote_msgs/cmake/wiimote_msgs__rosidl_typesupport_cppExport.cmake
[25.764s] -- Installing: /home/solverbot/final_limo/install/wiimote_msgs/share/wiimote_msgs/cmake/wiimote_msgs__rosidl_typesupport_cppExport-noconfig.cmake
[25.764s] -- Installing: /home/solverbot/final_limo/install/wiimote_msgs/share/wiimote_msgs/cmake/export_wiimote_msgs__rosidl_generator_pyExport.cmake
[25.764s] -- Installing: /home/solverbot/final_limo/install/wiimote_msgs/share/wiimote_msgs/cmake/export_wiimote_msgs__rosidl_generator_pyExport-noconfig.cmake
[25.764s] -- Installing: /home/solverbot/final_limo/install/wiimote_msgs/share/wiimote_msgs/cmake/rosidl_cmake-extras.cmake
[25.764s] -- Installing: /home/solverbot/final_limo/install/wiimote_msgs/share/wiimote_msgs/cmake/ament_cmake_export_dependencies-extras.cmake
[25.764s] -- Installing: /home/solverbot/final_limo/install/wiimote_msgs/share/wiimote_msgs/cmake/ament_cmake_export_include_directories-extras.cmake
[25.764s] -- Installing: /home/solverbot/final_limo/install/wiimote_msgs/share/wiimote_msgs/cmake/ament_cmake_export_libraries-extras.cmake
[25.764s] -- Installing: /home/solverbot/final_limo/install/wiimote_msgs/share/wiimote_msgs/cmake/ament_cmake_export_targets-extras.cmake
[25.765s] -- Installing: /home/solverbot/final_limo/install/wiimote_msgs/share/wiimote_msgs/cmake/rosidl_cmake_export_typesupport_targets-extras.cmake
[25.765s] -- Installing: /home/solverbot/final_limo/install/wiimote_msgs/share/wiimote_msgs/cmake/rosidl_cmake_export_typesupport_libraries-extras.cmake
[25.765s] -- Installing: /home/solverbot/final_limo/install/wiimote_msgs/share/wiimote_msgs/cmake/wiimote_msgsConfig.cmake
[25.765s] -- Installing: /home/solverbot/final_limo/install/wiimote_msgs/share/wiimote_msgs/cmake/wiimote_msgsConfig-version.cmake
[25.765s] -- Installing: /home/solverbot/final_limo/install/wiimote_msgs/share/wiimote_msgs/package.xml
[25.775s] Invoked command in '/home/solverbot/final_limo/build/wiimote_msgs' returned '0': CMAKE_PREFIX_PATH=${CMAKE_PREFIX_PATH}:/home/solverbot/final_limo/install/voice_control:/home/solverbot/final_limo/install/p9n_bringup:/opt/ros/humble /usr/bin/cmake --install /home/solverbot/final_limo/build/wiimote_msgs
