running egg_info
writing ../../../build/limo_bringup/limo_bringup.egg-info/PKG-INFO
writing dependency_links to ../../../build/limo_bringup/limo_bringup.egg-info/dependency_links.txt
writing entry points to ../../../build/limo_bringup/limo_bringup.egg-info/entry_points.txt
writing requirements to ../../../build/limo_bringup/limo_bringup.egg-info/requires.txt
writing top-level names to ../../../build/limo_bringup/limo_bringup.egg-info/top_level.txt
reading manifest file '../../../build/limo_bringup/limo_bringup.egg-info/SOURCES.txt'
writing manifest file '../../../build/limo_bringup/limo_bringup.egg-info/SOURCES.txt'
running build
running install
running install_data
copying resource/limo_bringup -> /home/solverbot/final_limo/install/limo_bringup/share/ament_index/resource_index/packages
copying package.xml -> /home/solverbot/final_limo/install/limo_bringup/share/limo_bringup
creating /home/solverbot/final_limo/install/limo_bringup/share/limo_bringup/launch
copying launch/cartographer.launch.py -> /home/solverbot/final_limo/install/limo_bringup/share/limo_bringup/launch
copying launch/occupancy_grid.launch.py -> /home/solverbot/final_limo/install/limo_bringup/share/limo_bringup/launch
copying launch/limon_teletop_keyboard.launch.py -> /home/solverbot/final_limo/install/limo_bringup/share/limo_bringup/launch
copying launch/iniciar_mapeamento.launch.py -> /home/solverbot/final_limo/install/limo_bringup/share/limo_bringup/launch
copying launch/limo_localization.launch.py -> /home/solverbot/final_limo/install/limo_bringup/share/limo_bringup/launch
copying launch/limo_navigation.launch.py -> /home/solverbot/final_limo/install/limo_bringup/share/limo_bringup/launch
copying launch/limo_start.launch.py -> /home/solverbot/final_limo/install/limo_bringup/share/limo_bringup/launch
copying launch/limo_start_navigation.launch.py -> /home/solverbot/final_limo/install/limo_bringup/share/limo_bringup/launch
copying launch/navigation2.launch.py -> /home/solverbot/final_limo/install/limo_bringup/share/limo_bringup/launch
creating /home/solverbot/final_limo/install/limo_bringup/share/limo_bringup/config_files
copying config_files/limo_lds_2d.lua -> /home/solverbot/final_limo/install/limo_bringup/share/limo_bringup/config_files
creating /home/solverbot/final_limo/install/limo_bringup/share/limo_bringup/param
copying param/amcl_params.yaml -> /home/solverbot/final_limo/install/limo_bringup/share/limo_bringup/param
copying param/costmap_global_static.yaml -> /home/solverbot/final_limo/install/limo_bringup/share/limo_bringup/param
copying param/planner.yaml -> /home/solverbot/final_limo/install/limo_bringup/share/limo_bringup/param
copying param/costmap_global_laser.yaml -> /home/solverbot/final_limo/install/limo_bringup/share/limo_bringup/param
copying param/ydlidar.yaml -> /home/solverbot/final_limo/install/limo_bringup/share/limo_bringup/param
copying param/costmap_local.yaml -> /home/solverbot/final_limo/install/limo_bringup/share/limo_bringup/param
copying param/costmap_common.yaml -> /home/solverbot/final_limo/install/limo_bringup/share/limo_bringup/param
copying param/navigation2.yaml -> /home/solverbot/final_limo/install/limo_bringup/share/limo_bringup/param
running install_egg_info
Copying ../../../build/limo_bringup/limo_bringup.egg-info to /home/solverbot/final_limo/install/limo_bringup/lib/python3.10/site-packages/limo_bringup-0.0.1-py3.10.egg-info
running install_scripts
Installing map_saver_listener script to /home/solverbot/final_limo/install/limo_bringup/bin
writing list of installed files to '/home/solverbot/final_limo/build/limo_bringup/install.log'
