[1.044s] Invoking command in '/home/solverbot/final_limo/src/limo_ros2/limo_bringup': CMAKE_PREFIX_PATH=/home/solverbot/final_limo/install/limo_msgs:/home/solverbot/final_limo/install/ydlidar_sdk:/home/solverbot/final_limo/install/ydlidar_ros2_driver:/home/solverbot/final_limo/install/wiimote:/home/solverbot/final_limo/install/wiimote_msgs:/home/solverbot/final_limo/install/urg_node2:/home/solverbot/final_limo/install/spacenav:/home/solverbot/final_limo/install/p9n:/home/solverbot/final_limo/install/p9n_test:/home/solverbot/final_limo/install/p9n_node:/home/solverbot/final_limo/install/p9n_example:/home/solverbot/final_limo/install/limo_joystick:/home/solverbot/final_limo/install/joy:/home/solverbot/final_limo/install/sdl2_vendor:/home/solverbot/final_limo/install/rf2o_laser_odometry:/home/solverbot/final_limo/install/p9n_interface:/home/solverbot/final_limo/install/limo_bringup:/home/solverbot/final_limo/install/limo_base:/home/solverbot/final_limo/install/limo_description:/home/solverbot/final_limo/install/joy_linux LD_LIBRARY_PATH=/home/solverbot/final_limo/install/limo_msgs/lib:/home/solverbot/final_limo/install/wiimote/lib:/home/solverbot/final_limo/install/wiimote_msgs/lib:/home/solverbot/final_limo/install/urg_node2/lib:/home/solverbot/final_limo/install/spacenav/lib:/home/solverbot/final_limo/install/p9n_test/lib:/home/solverbot/final_limo/install/p9n_node/lib:/home/solverbot/final_limo/install/p9n_example/lib:/home/solverbot/final_limo/install/joy/lib:/home/solverbot/final_limo/install/p9n_interface/lib:/usr/lib/x86_64-linux-gnu/gazebo-11/plugins:/opt/ros/humble/opt/rviz_ogre_vendor/lib:/opt/ros/humble/lib/x86_64-linux-gnu:/opt/ros/humble/lib PYTHONPATH=/home/solverbot/final_limo/build/limo_bringup/prefix_override:/usr/lib/python3/dist-packages/colcon_core/task/python/colcon_distutils_commands:/home/solverbot/final_limo/install/limo_bringup/lib/python3.10/site-packages:${PYTHONPATH} /usr/bin/python3 -W ignore:setup.py install is deprecated -W ignore:easy_install command is deprecated setup.py egg_info --egg-base ../../../build/limo_bringup build --build-base /home/solverbot/final_limo/build/limo_bringup/build install --record /home/solverbot/final_limo/build/limo_bringup/install.log --single-version-externally-managed install_data
[1.414s] running egg_info
[1.440s] writing ../../../build/limo_bringup/limo_bringup.egg-info/PKG-INFO
[1.440s] writing dependency_links to ../../../build/limo_bringup/limo_bringup.egg-info/dependency_links.txt
[1.440s] writing entry points to ../../../build/limo_bringup/limo_bringup.egg-info/entry_points.txt
[1.440s] writing requirements to ../../../build/limo_bringup/limo_bringup.egg-info/requires.txt
[1.440s] writing top-level names to ../../../build/limo_bringup/limo_bringup.egg-info/top_level.txt
[1.457s] reading manifest file '../../../build/limo_bringup/limo_bringup.egg-info/SOURCES.txt'
[1.458s] writing manifest file '../../../build/limo_bringup/limo_bringup.egg-info/SOURCES.txt'
[1.458s] running build
[1.458s] running install
[1.465s] running install_data
[1.465s] copying resource/limo_bringup -> /home/solverbot/final_limo/install/limo_bringup/share/ament_index/resource_index/packages
[1.465s] copying package.xml -> /home/solverbot/final_limo/install/limo_bringup/share/limo_bringup
[1.465s] creating /home/solverbot/final_limo/install/limo_bringup/share/limo_bringup/launch
[1.465s] copying launch/cartographer.launch.py -> /home/solverbot/final_limo/install/limo_bringup/share/limo_bringup/launch
[1.465s] copying launch/occupancy_grid.launch.py -> /home/solverbot/final_limo/install/limo_bringup/share/limo_bringup/launch
[1.466s] copying launch/limon_teletop_keyboard.launch.py -> /home/solverbot/final_limo/install/limo_bringup/share/limo_bringup/launch
[1.466s] copying launch/iniciar_mapeamento.launch.py -> /home/solverbot/final_limo/install/limo_bringup/share/limo_bringup/launch
[1.466s] copying launch/limo_localization.launch.py -> /home/solverbot/final_limo/install/limo_bringup/share/limo_bringup/launch
[1.467s] copying launch/limo_navigation.launch.py -> /home/solverbot/final_limo/install/limo_bringup/share/limo_bringup/launch
[1.467s] copying launch/limo_start.launch.py -> /home/solverbot/final_limo/install/limo_bringup/share/limo_bringup/launch
[1.467s] copying launch/limo_start_navigation.launch.py -> /home/solverbot/final_limo/install/limo_bringup/share/limo_bringup/launch
[1.467s] copying launch/navigation2.launch.py -> /home/solverbot/final_limo/install/limo_bringup/share/limo_bringup/launch
[1.468s] creating /home/solverbot/final_limo/install/limo_bringup/share/limo_bringup/config_files
[1.468s] copying config_files/limo_lds_2d.lua -> /home/solverbot/final_limo/install/limo_bringup/share/limo_bringup/config_files
[1.468s] creating /home/solverbot/final_limo/install/limo_bringup/share/limo_bringup/param
[1.468s] copying param/amcl_params.yaml -> /home/solverbot/final_limo/install/limo_bringup/share/limo_bringup/param
[1.468s] copying param/costmap_global_static.yaml -> /home/solverbot/final_limo/install/limo_bringup/share/limo_bringup/param
[1.468s] copying param/planner.yaml -> /home/solverbot/final_limo/install/limo_bringup/share/limo_bringup/param
[1.469s] copying param/costmap_global_laser.yaml -> /home/solverbot/final_limo/install/limo_bringup/share/limo_bringup/param
[1.469s] copying param/ydlidar.yaml -> /home/solverbot/final_limo/install/limo_bringup/share/limo_bringup/param
[1.469s] copying param/costmap_local.yaml -> /home/solverbot/final_limo/install/limo_bringup/share/limo_bringup/param
[1.469s] copying param/costmap_common.yaml -> /home/solverbot/final_limo/install/limo_bringup/share/limo_bringup/param
[1.469s] copying param/navigation2.yaml -> /home/solverbot/final_limo/install/limo_bringup/share/limo_bringup/param
[1.470s] running install_egg_info
[1.502s] Copying ../../../build/limo_bringup/limo_bringup.egg-info to /home/solverbot/final_limo/install/limo_bringup/lib/python3.10/site-packages/limo_bringup-0.0.1-py3.10.egg-info
[1.502s] running install_scripts
[1.567s] Installing map_saver_listener script to /home/solverbot/final_limo/install/limo_bringup/bin
[1.567s] writing list of installed files to '/home/solverbot/final_limo/build/limo_bringup/install.log'
[1.607s] Invoked command in '/home/solverbot/final_limo/src/limo_ros2/limo_bringup' returned '0': CMAKE_PREFIX_PATH=/home/solverbot/final_limo/install/limo_msgs:/home/solverbot/final_limo/install/ydlidar_sdk:/home/solverbot/final_limo/install/ydlidar_ros2_driver:/home/solverbot/final_limo/install/wiimote:/home/solverbot/final_limo/install/wiimote_msgs:/home/solverbot/final_limo/install/urg_node2:/home/solverbot/final_limo/install/spacenav:/home/solverbot/final_limo/install/p9n:/home/solverbot/final_limo/install/p9n_test:/home/solverbot/final_limo/install/p9n_node:/home/solverbot/final_limo/install/p9n_example:/home/solverbot/final_limo/install/limo_joystick:/home/solverbot/final_limo/install/joy:/home/solverbot/final_limo/install/sdl2_vendor:/home/solverbot/final_limo/install/rf2o_laser_odometry:/home/solverbot/final_limo/install/p9n_interface:/home/solverbot/final_limo/install/limo_bringup:/home/solverbot/final_limo/install/limo_base:/home/solverbot/final_limo/install/limo_description:/home/solverbot/final_limo/install/joy_linux LD_LIBRARY_PATH=/home/solverbot/final_limo/install/limo_msgs/lib:/home/solverbot/final_limo/install/wiimote/lib:/home/solverbot/final_limo/install/wiimote_msgs/lib:/home/solverbot/final_limo/install/urg_node2/lib:/home/solverbot/final_limo/install/spacenav/lib:/home/solverbot/final_limo/install/p9n_test/lib:/home/solverbot/final_limo/install/p9n_node/lib:/home/solverbot/final_limo/install/p9n_example/lib:/home/solverbot/final_limo/install/joy/lib:/home/solverbot/final_limo/install/p9n_interface/lib:/usr/lib/x86_64-linux-gnu/gazebo-11/plugins:/opt/ros/humble/opt/rviz_ogre_vendor/lib:/opt/ros/humble/lib/x86_64-linux-gnu:/opt/ros/humble/lib PYTHONPATH=/home/solverbot/final_limo/build/limo_bringup/prefix_override:/usr/lib/python3/dist-packages/colcon_core/task/python/colcon_distutils_commands:/home/solverbot/final_limo/install/limo_bringup/lib/python3.10/site-packages:${PYTHONPATH} /usr/bin/python3 -W ignore:setup.py install is deprecated -W ignore:easy_install command is deprecated setup.py egg_info --egg-base ../../../build/limo_bringup build --build-base /home/solverbot/final_limo/build/limo_bringup/build install --record /home/solverbot/final_limo/build/limo_bringup/install.log --single-version-externally-managed install_data
