-- The C compiler identification is GNU 11.4.0
-- The CXX compiler identification is GNU 11.4.0
-- Detecting C compiler ABI info
-- Detecting C compiler ABI info - done
-- Check for working C compiler: /usr/bin/cc - skipped
-- Detecting C compile features
-- Detecting C compile features - done
-- Detecting CXX compiler ABI info
-- Detecting CXX compiler ABI info - done
-- Check for working CXX compiler: /usr/bin/c++ - skipped
-- Detecting CXX compile features
-- Detecting CXX compile features - done
-- Found ament_cmake_auto: 1.3.12 (/opt/ros/humble/share/ament_cmake_auto/cmake)
-- Found Python3: /usr/bin/python3 (found version "3.10.12") found components: Interpreter 
-- Found rosidl_generator_c: 3.1.7 (/opt/ros/humble/share/rosidl_generator_c/cmake)
-- Found rosidl_adapter: 3.1.7 (/opt/ros/humble/share/rosidl_adapter/cmake)
-- Found rosidl_generator_cpp: 3.1.7 (/opt/ros/humble/share/rosidl_generator_cpp/cmake)
-- Using all available rosidl_typesupport_c: rosidl_typesupport_fastrtps_c;rosidl_typesupport_introspection_c
-- Using all available rosidl_typesupport_cpp: rosidl_typesupport_fastrtps_cpp;rosidl_typesupport_introspection_cpp
-- Found rmw_implementation_cmake: 6.1.2 (/opt/ros/humble/share/rmw_implementation_cmake/cmake)
-- Found rmw_cyclonedds_cpp: 1.3.4 (/opt/ros/humble/share/rmw_cyclonedds_cpp/cmake)
-- Using RMW implementation 'rmw_cyclonedds_cpp' as default
-- Looking for pthread.h
-- Looking for pthread.h - found
-- Performing Test CMAKE_HAVE_LIBC_PTHREAD
-- Performing Test CMAKE_HAVE_LIBC_PTHREAD - Success
-- Found Threads: TRUE  
-- Found ament_lint_auto: 0.12.14 (/opt/ros/humble/share/ament_lint_auto/cmake)
-- Added test 'cppcheck' to perform static code analysis on C / C++ code
-- Configured cppcheck include dirs: /home/solverbot/final_limo/src/PlayStation-JoyInterface-ROS2/p9n_interface/include
-- Configured cppcheck exclude dirs and/or files: 
-- Added test 'lint_cmake' to check CMake code style
-- Added test 'uncrustify' to check C / C++ code style
-- Configured uncrustify additional arguments: 
-- Added test 'xmllint' to check XML markup files
-- Configuring done
-- Generating done
-- Build files have been written to: /home/solverbot/final_limo/build/p9n_interface
[ 50%] [32mBuilding CXX object CMakeFiles/p9n_interface.dir/src/p9n_interface.cpp.o[0m
[100%] [32m[1mLinking CXX static library libp9n_interface.a[0m
[100%] Built target p9n_interface
-- Install configuration: ""
-- Installing: /home/solverbot/final_limo/install/p9n_interface/include
-- Installing: /home/solverbot/final_limo/install/p9n_interface/include/p9n_interface
-- Installing: /home/solverbot/final_limo/install/p9n_interface/include/p9n_interface/ps5_dualsense.hpp
-- Installing: /home/solverbot/final_limo/install/p9n_interface/include/p9n_interface/ps4_dualshock4.hpp
-- Installing: /home/solverbot/final_limo/install/p9n_interface/include/p9n_interface/ps3_dualshock3.hpp
-- Installing: /home/solverbot/final_limo/install/p9n_interface/include/p9n_interface/p9n_interface.hpp
-- Installing: /home/solverbot/final_limo/install/p9n_interface/include/p9n_interface/hw_types.hpp
-- Installing: /home/solverbot/final_limo/install/p9n_interface/share/p9n_interface/environment/library_path.sh
-- Installing: /home/solverbot/final_limo/install/p9n_interface/share/p9n_interface/environment/library_path.dsv
-- Installing: /home/solverbot/final_limo/install/p9n_interface/lib/libp9n_interface.a
-- Installing: /home/solverbot/final_limo/install/p9n_interface/share/ament_index/resource_index/package_run_dependencies/p9n_interface
-- Installing: /home/solverbot/final_limo/install/p9n_interface/share/ament_index/resource_index/parent_prefix_path/p9n_interface
-- Installing: /home/solverbot/final_limo/install/p9n_interface/share/p9n_interface/environment/ament_prefix_path.sh
-- Installing: /home/solverbot/final_limo/install/p9n_interface/share/p9n_interface/environment/ament_prefix_path.dsv
-- Installing: /home/solverbot/final_limo/install/p9n_interface/share/p9n_interface/environment/path.sh
-- Installing: /home/solverbot/final_limo/install/p9n_interface/share/p9n_interface/environment/path.dsv
-- Installing: /home/solverbot/final_limo/install/p9n_interface/share/p9n_interface/local_setup.bash
-- Installing: /home/solverbot/final_limo/install/p9n_interface/share/p9n_interface/local_setup.sh
-- Installing: /home/solverbot/final_limo/install/p9n_interface/share/p9n_interface/local_setup.zsh
-- Installing: /home/solverbot/final_limo/install/p9n_interface/share/p9n_interface/local_setup.dsv
-- Installing: /home/solverbot/final_limo/install/p9n_interface/share/p9n_interface/package.dsv
-- Installing: /home/solverbot/final_limo/install/p9n_interface/share/ament_index/resource_index/packages/p9n_interface
-- Installing: /home/solverbot/final_limo/install/p9n_interface/share/p9n_interface/cmake/ament_cmake_export_dependencies-extras.cmake
-- Installing: /home/solverbot/final_limo/install/p9n_interface/share/p9n_interface/cmake/ament_cmake_export_include_directories-extras.cmake
-- Installing: /home/solverbot/final_limo/install/p9n_interface/share/p9n_interface/cmake/ament_cmake_export_libraries-extras.cmake
-- Installing: /home/solverbot/final_limo/install/p9n_interface/share/p9n_interface/cmake/p9n_interfaceConfig.cmake
-- Installing: /home/solverbot/final_limo/install/p9n_interface/share/p9n_interface/cmake/p9n_interfaceConfig-version.cmake
-- Installing: /home/solverbot/final_limo/install/p9n_interface/share/p9n_interface/package.xml
