[0.022s] Invoking command in '/home/solverbot/final_limo/build/p9n_interface': CMAKE_PREFIX_PATH=${CMAKE_PREFIX_PATH}:/home/solverbot/final_limo/install/voice_control:/home/solverbot/final_limo/install/p9n_bringup:/opt/ros/humble /usr/bin/cmake /home/solverbot/final_limo/src/PlayStation-JoyInterface-ROS2/p9n_interface -DCMAKE_INSTALL_PREFIX=/home/solverbot/final_limo/install/p9n_interface
[0.096s] -- The C compiler identification is GNU 11.4.0
[0.182s] -- The CXX compiler identification is GNU 11.4.0
[0.194s] -- Detecting C compiler ABI info
[0.287s] -- Detecting C compiler ABI info - done
[0.302s] -- Check for working C compiler: /usr/bin/cc - skipped
[0.302s] -- Detecting C compile features
[0.306s] -- Detecting C compile features - done
[0.309s] -- Detecting CXX compiler ABI info
[0.418s] -- Detecting CXX compiler ABI info - done
[0.432s] -- Check for working CXX compiler: /usr/bin/c++ - skipped
[0.433s] -- Detecting CXX compile features
[0.434s] -- Detecting CXX compile features - done
[0.439s] -- Found ament_cmake_auto: 1.3.12 (/opt/ros/humble/share/ament_cmake_auto/cmake)
[1.581s] -- Found Python3: /usr/bin/python3 (found version "3.10.12") found components: Interpreter 
[1.887s] -- Found rosidl_generator_c: 3.1.7 (/opt/ros/humble/share/rosidl_generator_c/cmake)
[1.896s] -- Found rosidl_adapter: 3.1.7 (/opt/ros/humble/share/rosidl_adapter/cmake)
[1.910s] -- Found rosidl_generator_cpp: 3.1.7 (/opt/ros/humble/share/rosidl_generator_cpp/cmake)
[1.934s] -- Using all available rosidl_typesupport_c: rosidl_typesupport_fastrtps_c;rosidl_typesupport_introspection_c
[1.961s] -- Using all available rosidl_typesupport_cpp: rosidl_typesupport_fastrtps_cpp;rosidl_typesupport_introspection_cpp
[2.035s] -- Found rmw_implementation_cmake: 6.1.2 (/opt/ros/humble/share/rmw_implementation_cmake/cmake)
[2.040s] -- Found rmw_cyclonedds_cpp: 1.3.4 (/opt/ros/humble/share/rmw_cyclonedds_cpp/cmake)
[2.086s] -- Using RMW implementation 'rmw_cyclonedds_cpp' as default
[2.101s] -- Looking for pthread.h
[2.216s] -- Looking for pthread.h - found
[2.220s] -- Performing Test CMAKE_HAVE_LIBC_PTHREAD
[2.352s] -- Performing Test CMAKE_HAVE_LIBC_PTHREAD - Success
[2.358s] -- Found Threads: TRUE  
[2.528s] -- Found ament_lint_auto: 0.12.14 (/opt/ros/humble/share/ament_lint_auto/cmake)
[2.555s] [0mIn this package, headers install destination is set to `include` by ament_auto_package. It is recommended to install `include/p9n_interface` instead and will be the default behavior of ament_auto_package from ROS 2 Kilted Kaiju. On distributions before Kilted, ament_auto_package behaves the same way when you use USE_SCOPED_HEADER_INSTALL_DIR option.[0m
[2.568s] -- Added test 'cppcheck' to perform static code analysis on C / C++ code
[2.568s] -- Configured cppcheck include dirs: /home/solverbot/final_limo/src/PlayStation-JoyInterface-ROS2/p9n_interface/include
[2.569s] -- Configured cppcheck exclude dirs and/or files: 
[2.569s] -- Added test 'lint_cmake' to check CMake code style
[2.570s] -- Added test 'uncrustify' to check C / C++ code style
[2.571s] -- Configured uncrustify additional arguments: 
[2.572s] -- Added test 'xmllint' to check XML markup files
[2.582s] -- Configuring done
[2.593s] -- Generating done
[2.599s] -- Build files have been written to: /home/solverbot/final_limo/build/p9n_interface
[2.618s] Invoked command in '/home/solverbot/final_limo/build/p9n_interface' returned '0': CMAKE_PREFIX_PATH=${CMAKE_PREFIX_PATH}:/home/solverbot/final_limo/install/voice_control:/home/solverbot/final_limo/install/p9n_bringup:/opt/ros/humble /usr/bin/cmake /home/solverbot/final_limo/src/PlayStation-JoyInterface-ROS2/p9n_interface -DCMAKE_INSTALL_PREFIX=/home/solverbot/final_limo/install/p9n_interface
[2.621s] Invoking command in '/home/solverbot/final_limo/build/p9n_interface': CMAKE_PREFIX_PATH=${CMAKE_PREFIX_PATH}:/home/solverbot/final_limo/install/voice_control:/home/solverbot/final_limo/install/p9n_bringup:/opt/ros/humble /usr/bin/cmake --build /home/solverbot/final_limo/build/p9n_interface -- -j4 -l4
[2.684s] [ 50%] [32mBuilding CXX object CMakeFiles/p9n_interface.dir/src/p9n_interface.cpp.o[0m
[11.915s] [100%] [32m[1mLinking CXX static library libp9n_interface.a[0m
[12.128s] [100%] Built target p9n_interface
[12.182s] Invoked command in '/home/solverbot/final_limo/build/p9n_interface' returned '0': CMAKE_PREFIX_PATH=${CMAKE_PREFIX_PATH}:/home/solverbot/final_limo/install/voice_control:/home/solverbot/final_limo/install/p9n_bringup:/opt/ros/humble /usr/bin/cmake --build /home/solverbot/final_limo/build/p9n_interface -- -j4 -l4
[12.183s] Invoking command in '/home/solverbot/final_limo/build/p9n_interface': CMAKE_PREFIX_PATH=${CMAKE_PREFIX_PATH}:/home/solverbot/final_limo/install/voice_control:/home/solverbot/final_limo/install/p9n_bringup:/opt/ros/humble /usr/bin/cmake --install /home/solverbot/final_limo/build/p9n_interface
[12.204s] -- Install configuration: ""
[12.204s] -- Installing: /home/solverbot/final_limo/install/p9n_interface/include
[12.204s] -- Installing: /home/solverbot/final_limo/install/p9n_interface/include/p9n_interface
[12.204s] -- Installing: /home/solverbot/final_limo/install/p9n_interface/include/p9n_interface/ps5_dualsense.hpp
[12.204s] -- Installing: /home/solverbot/final_limo/install/p9n_interface/include/p9n_interface/ps4_dualshock4.hpp
[12.204s] -- Installing: /home/solverbot/final_limo/install/p9n_interface/include/p9n_interface/ps3_dualshock3.hpp
[12.204s] -- Installing: /home/solverbot/final_limo/install/p9n_interface/include/p9n_interface/p9n_interface.hpp
[12.204s] -- Installing: /home/solverbot/final_limo/install/p9n_interface/include/p9n_interface/hw_types.hpp
[12.204s] -- Installing: /home/solverbot/final_limo/install/p9n_interface/share/p9n_interface/environment/library_path.sh
[12.205s] -- Installing: /home/solverbot/final_limo/install/p9n_interface/share/p9n_interface/environment/library_path.dsv
[12.206s] -- Installing: /home/solverbot/final_limo/install/p9n_interface/lib/libp9n_interface.a
[12.206s] -- Installing: /home/solverbot/final_limo/install/p9n_interface/share/ament_index/resource_index/package_run_dependencies/p9n_interface
[12.206s] -- Installing: /home/solverbot/final_limo/install/p9n_interface/share/ament_index/resource_index/parent_prefix_path/p9n_interface
[12.207s] -- Installing: /home/solverbot/final_limo/install/p9n_interface/share/p9n_interface/environment/ament_prefix_path.sh
[12.207s] -- Installing: /home/solverbot/final_limo/install/p9n_interface/share/p9n_interface/environment/ament_prefix_path.dsv
[12.207s] -- Installing: /home/solverbot/final_limo/install/p9n_interface/share/p9n_interface/environment/path.sh
[12.207s] -- Installing: /home/solverbot/final_limo/install/p9n_interface/share/p9n_interface/environment/path.dsv
[12.208s] -- Installing: /home/solverbot/final_limo/install/p9n_interface/share/p9n_interface/local_setup.bash
[12.208s] -- Installing: /home/solverbot/final_limo/install/p9n_interface/share/p9n_interface/local_setup.sh
[12.208s] -- Installing: /home/solverbot/final_limo/install/p9n_interface/share/p9n_interface/local_setup.zsh
[12.209s] -- Installing: /home/solverbot/final_limo/install/p9n_interface/share/p9n_interface/local_setup.dsv
[12.210s] -- Installing: /home/solverbot/final_limo/install/p9n_interface/share/p9n_interface/package.dsv
[12.215s] -- Installing: /home/solverbot/final_limo/install/p9n_interface/share/ament_index/resource_index/packages/p9n_interface
[12.215s] -- Installing: /home/solverbot/final_limo/install/p9n_interface/share/p9n_interface/cmake/ament_cmake_export_dependencies-extras.cmake
[12.215s] -- Installing: /home/solverbot/final_limo/install/p9n_interface/share/p9n_interface/cmake/ament_cmake_export_include_directories-extras.cmake
[12.215s] -- Installing: /home/solverbot/final_limo/install/p9n_interface/share/p9n_interface/cmake/ament_cmake_export_libraries-extras.cmake
[12.215s] -- Installing: /home/solverbot/final_limo/install/p9n_interface/share/p9n_interface/cmake/p9n_interfaceConfig.cmake
[12.215s] -- Installing: /home/solverbot/final_limo/install/p9n_interface/share/p9n_interface/cmake/p9n_interfaceConfig-version.cmake
[12.215s] -- Installing: /home/solverbot/final_limo/install/p9n_interface/share/p9n_interface/package.xml
[12.219s] Invoked command in '/home/solverbot/final_limo/build/p9n_interface' returned '0': CMAKE_PREFIX_PATH=${CMAKE_PREFIX_PATH}:/home/solverbot/final_limo/install/voice_control:/home/solverbot/final_limo/install/p9n_bringup:/opt/ros/humble /usr/bin/cmake --install /home/solverbot/final_limo/build/p9n_interface
