[0.016s] Invoking command in '/home/solverbot/final_limo/src/build/rf2o_laser_odometry': CMAKE_PREFIX_PATH=${CMAKE_PREFIX_PATH}:/home/solverbot/final_limo/install/voice_control:/opt/ros/humble /usr/bin/cmake /home/solverbot/final_limo/src/rf2o_laser_odometry -DCMAKE_INSTALL_PREFIX=/home/solverbot/final_limo/src/install/rf2o_laser_odometry
[0.105s] -- The C compiler identification is GNU 11.4.0
[0.176s] -- The CXX compiler identification is GNU 11.4.0
[0.183s] -- Detecting C compiler ABI info
[0.270s] -- Detecting C compiler ABI info - done
[0.280s] -- Check for working C compiler: /usr/bin/cc - skipped
[0.280s] -- Detecting C compile features
[0.281s] -- Detecting C compile features - done
[0.284s] -- Detecting CXX compiler ABI info
[0.380s] -- Detecting CXX compiler ABI info - done
[0.391s] -- Check for working CXX compiler: /usr/bin/c++ - skipped
[0.392s] -- Detecting CXX compile features
[0.392s] -- Detecting CXX compile features - done
[0.395s] -- Found ament_cmake: 1.3.12 (/opt/ros/humble/share/ament_cmake/cmake)
[1.453s] -- Found Python3: /usr/bin/python3 (found version "3.10.12") found components: Interpreter 
[1.601s] -- Found rclcpp: 16.0.14 (/opt/ros/humble/share/rclcpp/cmake)
[1.666s] -- Found rosidl_generator_c: 3.1.7 (/opt/ros/humble/share/rosidl_generator_c/cmake)
[1.673s] -- Found rosidl_adapter: 3.1.7 (/opt/ros/humble/share/rosidl_adapter/cmake)
[1.683s] -- Found rosidl_generator_cpp: 3.1.7 (/opt/ros/humble/share/rosidl_generator_cpp/cmake)
[1.703s] -- Using all available rosidl_typesupport_c: rosidl_typesupport_fastrtps_c;rosidl_typesupport_introspection_c
[1.729s] -- Using all available rosidl_typesupport_cpp: rosidl_typesupport_fastrtps_cpp;rosidl_typesupport_introspection_cpp
[1.807s] -- Found rmw_implementation_cmake: 6.1.2 (/opt/ros/humble/share/rmw_implementation_cmake/cmake)
[1.813s] -- Found rmw_cyclonedds_cpp: 1.3.4 (/opt/ros/humble/share/rmw_cyclonedds_cpp/cmake)
[1.843s] -- Using RMW implementation 'rmw_cyclonedds_cpp' as default
[1.854s] -- Looking for pthread.h
[1.936s] -- Looking for pthread.h - found
[1.936s] -- Performing Test CMAKE_HAVE_LIBC_PTHREAD
[2.066s] -- Performing Test CMAKE_HAVE_LIBC_PTHREAD - Success
[2.066s] -- Found Threads: TRUE  
[2.192s] -- Found geometry_msgs: 4.9.0 (/opt/ros/humble/share/geometry_msgs/cmake)
[2.215s] -- Found tf2_geometry_msgs: 0.25.15 (/opt/ros/humble/share/tf2_geometry_msgs/cmake)
[2.244s] -- Found eigen3_cmake_module: 0.1.1 (/opt/ros/humble/share/eigen3_cmake_module/cmake)
[2.245s] -- Found Eigen3: TRUE (found version "3.4.0") 
[2.246s] -- Ensuring Eigen3 include directory is part of orocos-kdl CMake target
[2.451s] -- Found sensor_msgs: 4.9.0 (/opt/ros/humble/share/sensor_msgs/cmake)
[2.485s] -- Found nav_msgs: 4.9.0 (/opt/ros/humble/share/nav_msgs/cmake)
[2.525s] -- Found Boost: /usr/lib/x86_64-linux-gnu/cmake/Boost-1.74.0/BoostConfig.cmake (found version "1.74.0")  
[2.650s] -- Configuring done
[2.676s] -- Generating done
[2.683s] -- Build files have been written to: /home/solverbot/final_limo/src/build/rf2o_laser_odometry
[2.699s] Invoked command in '/home/solverbot/final_limo/src/build/rf2o_laser_odometry' returned '0': CMAKE_PREFIX_PATH=${CMAKE_PREFIX_PATH}:/home/solverbot/final_limo/install/voice_control:/opt/ros/humble /usr/bin/cmake /home/solverbot/final_limo/src/rf2o_laser_odometry -DCMAKE_INSTALL_PREFIX=/home/solverbot/final_limo/src/install/rf2o_laser_odometry
[2.700s] Invoking command in '/home/solverbot/final_limo/src/build/rf2o_laser_odometry': CMAKE_PREFIX_PATH=${CMAKE_PREFIX_PATH}:/home/solverbot/final_limo/install/voice_control:/opt/ros/humble /usr/bin/cmake --build /home/solverbot/final_limo/src/build/rf2o_laser_odometry -- -j4 -l4
[2.822s] [ 20%] [32mBuilding CXX object CMakeFiles/rf2o_laser_odometry_node.dir/src/CLaserOdometry2DNode.cpp.o[0m
[21.295s] [ 40%] [32mBuilding CXX object CMakeFiles/rf2o_laser_odometry_node.dir/src/CLaserOdometry2D.cpp.o[0m
[49.340s] [ 60%] [32m[1mLinking CXX executable rf2o_laser_odometry_node[0m
[51.150s] [ 60%] Built target rf2o_laser_odometry_node
[51.172s] [ 80%] [32mBuilding CXX object CMakeFiles/rf2o_laser_odometry.dir/src/CLaserOdometry2D.cpp.o[0m
[79.075s] [100%] [32m[1mLinking CXX static library librf2o_laser_odometry.a[0m
[79.399s] [100%] Built target rf2o_laser_odometry
[79.414s] Invoked command in '/home/solverbot/final_limo/src/build/rf2o_laser_odometry' returned '0': CMAKE_PREFIX_PATH=${CMAKE_PREFIX_PATH}:/home/solverbot/final_limo/install/voice_control:/opt/ros/humble /usr/bin/cmake --build /home/solverbot/final_limo/src/build/rf2o_laser_odometry -- -j4 -l4
[79.427s] Invoking command in '/home/solverbot/final_limo/src/build/rf2o_laser_odometry': CMAKE_PREFIX_PATH=${CMAKE_PREFIX_PATH}:/home/solverbot/final_limo/install/voice_control:/opt/ros/humble /usr/bin/cmake --install /home/solverbot/final_limo/src/build/rf2o_laser_odometry
[79.437s] -- Install configuration: ""
[79.438s] -- Installing: /home/solverbot/final_limo/src/install/rf2o_laser_odometry/lib/rf2o_laser_odometry/rf2o_laser_odometry_node
[79.446s] -- Set runtime path of "/home/solverbot/final_limo/src/install/rf2o_laser_odometry/lib/rf2o_laser_odometry/rf2o_laser_odometry_node" to ""
[79.446s] -- Installing: /home/solverbot/final_limo/src/install/rf2o_laser_odometry/share/rf2o_laser_odometry/launch
[79.447s] -- Installing: /home/solverbot/final_limo/src/install/rf2o_laser_odometry/share/rf2o_laser_odometry/launch/launch_rf2o.py
[79.448s] -- Installing: /home/solverbot/final_limo/src/install/rf2o_laser_odometry/share/rf2o_laser_odometry/launch/rf2o_laser_odometry.launch.py
[79.450s] -- Installing: /home/solverbot/final_limo/src/install/rf2o_laser_odometry/share/ament_index/resource_index/package_run_dependencies/rf2o_laser_odometry
[79.450s] -- Installing: /home/solverbot/final_limo/src/install/rf2o_laser_odometry/share/ament_index/resource_index/parent_prefix_path/rf2o_laser_odometry
[79.451s] -- Installing: /home/solverbot/final_limo/src/install/rf2o_laser_odometry/share/rf2o_laser_odometry/environment/ament_prefix_path.sh
[79.451s] -- Installing: /home/solverbot/final_limo/src/install/rf2o_laser_odometry/share/rf2o_laser_odometry/environment/ament_prefix_path.dsv
[79.452s] -- Installing: /home/solverbot/final_limo/src/install/rf2o_laser_odometry/share/rf2o_laser_odometry/environment/path.sh
[79.452s] -- Installing: /home/solverbot/final_limo/src/install/rf2o_laser_odometry/share/rf2o_laser_odometry/environment/path.dsv
[79.452s] -- Installing: /home/solverbot/final_limo/src/install/rf2o_laser_odometry/share/rf2o_laser_odometry/local_setup.bash
[79.452s] -- Installing: /home/solverbot/final_limo/src/install/rf2o_laser_odometry/share/rf2o_laser_odometry/local_setup.sh
[79.452s] -- Installing: /home/solverbot/final_limo/src/install/rf2o_laser_odometry/share/rf2o_laser_odometry/local_setup.zsh
[79.452s] -- Installing: /home/solverbot/final_limo/src/install/rf2o_laser_odometry/share/rf2o_laser_odometry/local_setup.dsv
[79.452s] -- Installing: /home/solverbot/final_limo/src/install/rf2o_laser_odometry/share/rf2o_laser_odometry/package.dsv
[79.452s] -- Installing: /home/solverbot/final_limo/src/install/rf2o_laser_odometry/share/ament_index/resource_index/packages/rf2o_laser_odometry
[79.452s] -- Installing: /home/solverbot/final_limo/src/install/rf2o_laser_odometry/share/rf2o_laser_odometry/cmake/rf2o_laser_odometryConfig.cmake
[79.452s] -- Installing: /home/solverbot/final_limo/src/install/rf2o_laser_odometry/share/rf2o_laser_odometry/cmake/rf2o_laser_odometryConfig-version.cmake
[79.453s] -- Installing: /home/solverbot/final_limo/src/install/rf2o_laser_odometry/share/rf2o_laser_odometry/package.xml
[79.454s] Invoked command in '/home/solverbot/final_limo/src/build/rf2o_laser_odometry' returned '0': CMAKE_PREFIX_PATH=${CMAKE_PREFIX_PATH}:/home/solverbot/final_limo/install/voice_control:/opt/ros/humble /usr/bin/cmake --install /home/solverbot/final_limo/src/build/rf2o_laser_odometry
